[0.102s] Invoking command in '/home/umarv/ws/src/nav_stack/occupub/build/occupub': CMAKE_PREFIX_PATH=${CMAKE_PREFIX_PATH}:/opt/ros/humble /usr/bin/cmake --build /home/umarv/ws/src/nav_stack/occupub/build/occupub -- -j8 -l8
[0.154s] -- Found ament_cmake: 1.3.5 (/opt/ros/humble/share/ament_cmake/cmake)
[0.561s] -- Found rclcpp: 16.0.6 (/opt/ros/humble/share/rclcpp/cmake)
[0.659s] -- Found rosidl_generator_c: 3.1.5 (/opt/ros/humble/share/rosidl_generator_c/cmake)
[0.663s] -- Found rosidl_adapter: 3.1.5 (/opt/ros/humble/share/rosidl_adapter/cmake)
[0.679s] -- Found rosidl_generator_cpp: 3.1.5 (/opt/ros/humble/share/rosidl_generator_cpp/cmake)
[0.705s] -- Using all available rosidl_typesupport_c: rosidl_typesupport_fastrtps_c;rosidl_typesupport_introspection_c
[0.747s] -- Using all available rosidl_typesupport_cpp: rosidl_typesupport_fastrtps_cpp;rosidl_typesupport_introspection_cpp
[0.876s] -- Found rmw_implementation_cmake: 6.1.1 (/opt/ros/humble/share/rmw_implementation_cmake/cmake)
[0.881s] -- Found rmw_fastrtps_cpp: 6.2.4 (/opt/ros/humble/share/rmw_fastrtps_cpp/cmake)
[1.168s] -- Using RMW implementation 'rmw_fastrtps_cpp' as default
[1.487s] -- Found nav_msgs: 4.2.3 (/opt/ros/humble/share/nav_msgs/cmake)
[1.746s] -- Found tf2: 0.25.4 (/opt/ros/humble/share/tf2/cmake)
[1.763s] -- Found tf2_ros: 0.25.4 (/opt/ros/humble/share/tf2_ros/cmake)
[2.506s] -- Found tf2_geometry_msgs: 0.25.4 (/opt/ros/humble/share/tf2_geometry_msgs/cmake)
[2.522s] -- Found eigen3_cmake_module: 0.1.1 (/opt/ros/humble/share/eigen3_cmake_module/cmake)
[2.526s] -- Ensuring Eigen3 include directory is part of orocos-kdl CMake target
[2.544s] -- Found ament_lint_auto: 0.12.8 (/opt/ros/humble/share/ament_lint_auto/cmake)
[2.735s] -- Added test 'cppcheck' to perform static code analysis on C / C++ code
[2.735s] -- Configured cppcheck include dirs: 
[2.735s] -- Configured cppcheck exclude dirs and/or files: 
[2.744s] -- Added test 'flake8' to check Python code syntax and style conventions
[2.751s] -- Added test 'lint_cmake' to check CMake code style
[2.755s] -- Added test 'pep257' to check Python code against some of the docstring style conventions in PEP 257
[2.783s] -- Added test 'uncrustify' to check C / C++ code style
[2.784s] -- Configured uncrustify additional arguments: 
[2.788s] -- Added test 'xmllint' to check XML markup files
[2.801s] -- Configuring done
[2.888s] -- Generating done
[2.894s] -- Build files have been written to: /home/umarv/ws/src/nav_stack/occupub/build/occupub
[2.960s] [35m[1mConsolidate compiler generated dependencies of target occupub[0m
[2.961s] [35m[1mConsolidate compiler generated dependencies of target merge_costmap_sub[0m
[2.995s] [ 25%] [32mBuilding CXX object CMakeFiles/occupub.dir/src/grid_generator.cpp.o[0m
[2.998s] [ 50%] [32mBuilding CXX object CMakeFiles/merge_costmap_sub.dir/src/merge_costmap.cpp.o[0m
[3.537s] [01m[K/home/umarv/ws/src/nav_stack/occupub/src/merge_costmap.cpp:6:10:[m[K [01;31m[Kfatal error: [m[Kgeometry_msgs/TransformStamped.h: No such file or directory
[3.537s]     6 | #include [01;31m[K<geometry_msgs/TransformStamped.h>[m[K
[3.537s]       |          [01;31m[K^~~~~~~~~~~~~~~~~~~~~~~~~~~~~~~~~~[m[K
[3.537s] compilation terminated.
[3.541s] gmake[2]: *** [CMakeFiles/merge_costmap_sub.dir/build.make:76: CMakeFiles/merge_costmap_sub.dir/src/merge_costmap.cpp.o] Error 1
[3.542s] gmake[1]: *** [CMakeFiles/Makefile2:165: CMakeFiles/merge_costmap_sub.dir/all] Error 2
[3.542s] gmake[1]: *** Waiting for unfinished jobs....
[13.062s] [ 75%] [32m[1mLinking CXX executable occupub[0m
[13.583s] [ 75%] Built target occupub
[13.584s] gmake: *** [Makefile:146: all] Error 2
[13.587s] Invoked command in '/home/umarv/ws/src/nav_stack/occupub/build/occupub' returned '2': CMAKE_PREFIX_PATH=${CMAKE_PREFIX_PATH}:/opt/ros/humble /usr/bin/cmake --build /home/umarv/ws/src/nav_stack/occupub/build/occupub -- -j8 -l8
