[0.201s] Invoking command in '/home/umarv/ws/build/nav2_straightline_planner': /usr/bin/cmake --build /home/umarv/ws/build/nav2_straightline_planner -- -j8 -l8
[0.218s] -- Found ament_cmake: 1.3.5 (/opt/ros/humble/share/ament_cmake/cmake)
[0.321s] Traceback (most recent call last):
[0.321s]   File "/opt/ros/humble/share/ament_cmake_core/cmake/package_templates/templates_2_cmake.py", line 21, in <module>
[0.321s]     from ament_package.templates import get_environment_hook_template_path
[0.321s] ModuleNotFoundError: No module named 'ament_package'
[0.322s] [31mCMake Error at /opt/ros/humble/share/ament_cmake_core/cmake/ament_cmake_package_templates-extras.cmake:41 (message):
[0.322s]   execute_process(/usr/bin/python3.10
[0.322s]   /opt/ros/humble/share/ament_cmake_core/cmake/package_templates/templates_2_cmake.py
[0.323s]   /home/umarv/ws/build/nav2_straightline_planner/ament_cmake_package_templates/templates.cmake)
[0.324s]   returned error code 1
[0.325s] Call Stack (most recent call first):
[0.326s]   /opt/ros/humble/share/ament_cmake_core/cmake/ament_cmake_coreConfig.cmake:41 (include)
[0.327s]   /opt/ros/humble/share/ament_cmake/cmake/ament_cmake_export_dependencies-extras.cmake:15 (find_package)
[0.328s]   /opt/ros/humble/share/ament_cmake/cmake/ament_cmakeConfig.cmake:41 (include)
[0.328s]   CMakeLists.txt:12 (find_package)
[0.330s] 
[0.332s] [0m
[0.332s] -- Configuring incomplete, errors occurred!
[0.334s] See also "/home/umarv/ws/build/nav2_straightline_planner/CMakeFiles/CMakeOutput.log".
[0.334s] gmake: *** [Makefile:267: cmake_check_build_system] Error 1
[0.383s] Invoked command in '/home/umarv/ws/build/nav2_straightline_planner' returned '2': /usr/bin/cmake --build /home/umarv/ws/build/nav2_straightline_planner -- -j8 -l8
