[0.318s] Invoking command in '/home/umarv/ws/build/nav2_straightline_planner': CMAKE_PREFIX_PATH=${CMAKE_PREFIX_PATH}:/home/umarv/ws/install/nav2_gps_waypoint_follower_demo:/opt/ros/humble /usr/bin/cmake --build /home/umarv/ws/build/nav2_straightline_planner -- -j8 -l8
[0.335s] -- Found ament_cmake: 1.3.5 (/opt/ros/humble/share/ament_cmake/cmake)
[0.478s] -- Found rclcpp: 16.0.6 (/opt/ros/humble/share/rclcpp/cmake)
[0.505s] -- Found rosidl_generator_c: 3.1.5 (/opt/ros/humble/share/rosidl_generator_c/cmake)
[0.506s] -- Found rosidl_adapter: 3.1.5 (/opt/ros/humble/share/rosidl_adapter/cmake)
[0.512s] -- Found rosidl_generator_cpp: 3.1.5 (/opt/ros/humble/share/rosidl_generator_cpp/cmake)
[0.520s] -- Using all available rosidl_typesupport_c: rosidl_typesupport_fastrtps_c;rosidl_typesupport_introspection_c
[0.538s] -- Using all available rosidl_typesupport_cpp: rosidl_typesupport_fastrtps_cpp;rosidl_typesupport_introspection_cpp
[0.587s] -- Found rmw_implementation_cmake: 6.1.1 (/opt/ros/humble/share/rmw_implementation_cmake/cmake)
[0.588s] -- Found rmw_fastrtps_cpp: 6.2.4 (/opt/ros/humble/share/rmw_fastrtps_cpp/cmake)
[0.709s] -- Using RMW implementation 'rmw_fastrtps_cpp' as default
[0.867s] -- Found rclcpp_action: 16.0.6 (/opt/ros/humble/share/rclcpp_action/cmake)
[0.932s] -- Found rclcpp_lifecycle: 16.0.6 (/opt/ros/humble/share/rclcpp_lifecycle/cmake)
[0.956s] -- Found visualization_msgs: 4.2.3 (/opt/ros/humble/share/visualization_msgs/cmake)
[1.138s] -- Found nav2_util: 1.1.12 (/opt/ros/humble/share/nav2_util/cmake)
[1.510s] -- Found eigen3_cmake_module: 0.1.1 (/opt/ros/humble/share/eigen3_cmake_module/cmake)
[1.511s] -- Ensuring Eigen3 include directory is part of orocos-kdl CMake target
[1.635s] -- Found nav2_costmap_2d: 1.1.12 (/opt/ros/humble/share/nav2_costmap_2d/cmake)
[2.225s] -- Found nav2_core: 1.1.12 (/opt/ros/humble/share/nav2_core/cmake)
[6.055s] -- Found ament_lint_auto: 0.12.8 (/opt/ros/humble/share/ament_lint_auto/cmake)
[6.118s] -- Added test 'copyright' to check source files copyright and LICENSE
[6.119s] -- Added test 'cppcheck' to perform static code analysis on C / C++ code
[6.119s] -- Configured cppcheck include dirs: /home/umarv/ws/src/navigation2_tutorials/nav2_straightline_planner/include
[6.119s] -- Configured cppcheck exclude dirs and/or files: 
[6.119s] -- Added test 'cpplint' to check C / C++ code against the Google style
[6.120s] -- Configured cpplint exclude dirs and/or files: 
[6.120s] -- Added test 'lint_cmake' to check CMake code style
[6.121s] -- Added test 'uncrustify' to check C / C++ code style
[6.121s] -- Configured uncrustify additional arguments: 
[6.121s] -- Added test 'xmllint' to check XML markup files
[6.123s] -- Configuring done
[6.153s] -- Generating done
[6.155s] -- Build files have been written to: /home/umarv/ws/build/nav2_straightline_planner
[6.178s] [35m[1mConsolidate compiler generated dependencies of target nav2_straightline_planner_plugin[0m
[6.194s] [ 50%] [32mBuilding CXX object CMakeFiles/nav2_straightline_planner_plugin.dir/src/straight_line_planner.cpp.o[0m
[9.174s] In file included from [01m[K/home/umarv/ws/src/navigation2_tutorials/nav2_straightline_planner/src/straight_line_planner.cpp:49[m[K:
[9.175s] [01m[K/home/umarv/ws/src/navigation2_tutorials/nav2_straightline_planner/include/nav2_straightline_planner/rpastar.h:[m[K In member function â€˜[01m[Kconst bool& rpastar::Node::operator==(const rpastar::Node&)[m[Kâ€™:
[9.175s] [01m[K/home/umarv/ws/src/navigation2_tutorials/nav2_straightline_planner/include/nav2_straightline_planner/rpastar.h:42:36:[m[K [01;35m[Kwarning: [m[Kreturning reference to temporary [[01;35m[K-Wreturn-local-addr[m[K]
[9.175s]    42 |                 return [01;35m[Kthis->state == rhs.state[m[K;
[9.175s]       |                        [01;35m[K~~~~~~~~~~~~^~~~~~~~~~~~[m[K
[9.184s] [01m[K/home/umarv/ws/src/navigation2_tutorials/nav2_straightline_planner/src/straight_line_planner.cpp:[m[K In member function â€˜[01m[Kbool nav2_straightline_planner::StraightLine::makePlan(const PoseStamped&, const PoseStamped&, std::vector<geometry_msgs::msg::PoseStamped_<std::allocator<void> >, std::allocator<geometry_msgs::msg::PoseStamped_<std::allocator<void> > > >&)[m[Kâ€™:
[9.184s] [01m[K/home/umarv/ws/src/navigation2_tutorials/nav2_straightline_planner/src/straight_line_planner.cpp:157:41:[m[K [01;31m[Kerror: [m[Kno matching function for call to â€˜[01m[Krpastar::rpastar(std::pair<int, int>&, std::pair<int, int>&, nav2_costmap_2d::Costmap2D*&)[m[Kâ€™
[9.184s]   157 |     rpastar runner(first, last, costmap_[01;31m[K)[m[K;
[9.184s]       |                                         [01;31m[K^[m[K
[9.184s] In file included from [01m[K/home/umarv/ws/src/navigation2_tutorials/nav2_straightline_planner/src/straight_line_planner.cpp:49[m[K:
[9.184s] [01m[K/home/umarv/ws/src/navigation2_tutorials/nav2_straightline_planner/include/nav2_straightline_planner/rpastar.h:64:9:[m[K [01;36m[Knote: [m[Kcandidate: â€˜[01m[Krpastar::rpastar(std::pair<int, int>, std::pair<int, int>, nav2_costmap_2d::Costmap2DROS*)[m[Kâ€™
[9.184s]    64 |         [01;36m[Krpastar[m[K(std::pair<int,int> start_state_in, std::pair<int,int> target_state_in, nav2_costmap_2d::Costmap2DROS* msg);
[9.184s]       |         [01;36m[K^~~~~~~[m[K
[9.185s] [01m[K/home/umarv/ws/src/navigation2_tutorials/nav2_straightline_planner/include/nav2_straightline_planner/rpastar.h:64:119:[m[K [01;36m[Knote: [m[K  no known conversion for argument 3 from â€˜[01m[Knav2_costmap_2d::Costmap2D*[m[Kâ€™ to â€˜[01m[Knav2_costmap_2d::Costmap2DROS*[m[Kâ€™
[9.185s]    64 | tar(std::pair<int,int> start_state_in, std::pair<int,int> target_state_in, [01;36m[Knav2_costmap_2d::Costmap2DROS* msg[m[K);
[9.185s]       |                                                                            [01;36m[K~~~~~~~~~~~~~~~~~~~~~~~~~~~~~~~^~~[m[K
[9.185s] 
[9.185s] [01m[K/home/umarv/ws/src/navigation2_tutorials/nav2_straightline_planner/include/nav2_straightline_planner/rpastar.h:12:7:[m[K [01;36m[Knote: [m[Kcandidate: â€˜[01m[Krpastar::rpastar(const rpastar&)[m[Kâ€™
[9.185s]    12 | class [01;36m[Krpastar[m[K
[9.185s]       |       [01;36m[K^~~~~~~[m[K
[9.185s] [01m[K/home/umarv/ws/src/navigation2_tutorials/nav2_straightline_planner/include/nav2_straightline_planner/rpastar.h:12:7:[m[K [01;36m[Knote: [m[K  candidate expects 1 argument, 3 provided
[9.185s] [01m[K/home/umarv/ws/src/navigation2_tutorials/nav2_straightline_planner/include/nav2_straightline_planner/rpastar.h:12:7:[m[K [01;36m[Knote: [m[Kcandidate: â€˜[01m[Krpastar::rpastar(rpastar&&)[m[Kâ€™
[9.185s] [01m[K/home/umarv/ws/src/navigation2_tutorials/nav2_straightline_planner/include/nav2_straightline_planner/rpastar.h:12:7:[m[K [01;36m[Knote: [m[K  candidate expects 1 argument, 3 provided
[10.458s] gmake[2]: *** [CMakeFiles/nav2_straightline_planner_plugin.dir/build.make:76: CMakeFiles/nav2_straightline_planner_plugin.dir/src/straight_line_planner.cpp.o] Error 1
[10.458s] gmake[1]: *** [CMakeFiles/Makefile2:137: CMakeFiles/nav2_straightline_planner_plugin.dir/all] Error 2
[10.458s] gmake: *** [Makefile:146: all] Error 2
