[35m[1mConsolidate compiler generated dependencies of target merge_costmap_sub[0m
[ 50%] Built target occupub
[ 75%] [32mBuilding CXX object CMakeFiles/merge_costmap_sub.dir/src/merge_costmap.cpp.o[0m
[01m[K/home/umarv/ws/src/nav_stack/occupub/src/merge_costmap.cpp:[m[K In function â€˜[01m[Kint main(int, char**)[m[Kâ€™:
[01m[K/home/umarv/ws/src/nav_stack/occupub/src/merge_costmap.cpp:326:28:[m[K [01;31m[Kerror: [m[Kâ€˜[01m[Kcv_occupancy_grid[m[Kâ€™ was not declared in this scope; did you mean â€˜[01m[KOccupancyGrid[m[Kâ€™?
  326 |     printOccupancyGridInfo([01;31m[Kcv_occupancy_grid[m[K);
      |                            [01;31m[K^~~~~~~~~~~~~~~~~[m[K
      |                            [32m[KOccupancyGrid[m[K
[01m[K/home/umarv/ws/src/nav_stack/occupub/src/merge_costmap.cpp:326:5:[m[K [01;31m[Kerror: [m[Kâ€˜[01m[KprintOccupancyGridInfo[m[Kâ€™ was not declared in this scope
  326 |     [01;31m[KprintOccupancyGridInfo[m[K(cv_occupancy_grid);
      |     [01;31m[K^~~~~~~~~~~~~~~~~~~~~~[m[K
[01m[K/home/umarv/ws/src/nav_stack/occupub/src/merge_costmap.cpp:327:28:[m[K [01;31m[Kerror: [m[Kâ€˜[01m[Ksensors_occupancy_grid[m[Kâ€™ was not declared in this scope
  327 |     printOccupancyGridInfo([01;31m[Ksensors_occupancy_grid[m[K);
      |                            [01;31m[K^~~~~~~~~~~~~~~~~~~~~~[m[K
gmake[2]: *** [CMakeFiles/merge_costmap_sub.dir/build.make:76: CMakeFiles/merge_costmap_sub.dir/src/merge_costmap.cpp.o] Error 1
gmake[1]: *** [CMakeFiles/Makefile2:165: CMakeFiles/merge_costmap_sub.dir/all] Error 2
gmake: *** [Makefile:146: all] Error 2
