[0.298s] Invoking command in '/home/umarv/ws/build/nav2_straightline_planner': CMAKE_PREFIX_PATH=${CMAKE_PREFIX_PATH}:/home/umarv/ws/install/nav2_gps_waypoint_follower_demo:/opt/ros/humble /usr/bin/cmake --build /home/umarv/ws/build/nav2_straightline_planner -- -j8 -l8
[0.347s] [ 33%] [32mBuilding CXX object CMakeFiles/nav2_straightline_planner_plugin.dir/src/rpastar.cpp.o[0m
[2.917s] In file included from [01m[K/home/umarv/ws/src/navigation2_tutorials/nav2_straightline_planner/src/rpastar.cpp:3[m[K:
[2.917s] [01m[K/home/umarv/ws/src/navigation2_tutorials/nav2_straightline_planner/include/nav2_straightline_planner/rpastar.h:[m[K In member function â€˜[01m[Kconst bool& nav2_straightline_planner::rpastar::Node::operator==(const nav2_straightline_planner::rpastar::Node&)[m[Kâ€™:
[2.917s] [01m[K/home/umarv/ws/src/navigation2_tutorials/nav2_straightline_planner/include/nav2_straightline_planner/rpastar.h:43:36:[m[K [01;35m[Kwarning: [m[Kreturning reference to temporary [[01;35m[K-Wreturn-local-addr[m[K]
[2.917s]    43 |                 return [01;35m[Kthis->state == rhs.state[m[K;
[2.917s]       |                        [01;35m[K~~~~~~~~~~~~^~~~~~~~~~~~[m[K
[2.918s] [01m[K/home/umarv/ws/src/navigation2_tutorials/nav2_straightline_planner/src/rpastar.cpp:[m[K At global scope:
[2.918s] [01m[K/home/umarv/ws/src/navigation2_tutorials/nav2_straightline_planner/src/rpastar.cpp:14:1:[m[K [01;31m[Kerror: [m[Kâ€˜[01m[Krpastar[m[Kâ€™ does not name a type
[2.918s]    14 | [01;31m[Krpastar[m[K::Node::Node(int row, int col, Node * parent) : parent(parent) {
[2.918s]       | [01;31m[K^~~~~~~[m[K
[2.920s] [01m[K/home/umarv/ws/src/navigation2_tutorials/nav2_straightline_planner/src/rpastar.cpp:19:1:[m[K [01;31m[Kerror: [m[Kâ€˜[01m[Krpastar[m[Kâ€™ does not name a type
[2.920s]    19 | [01;31m[Krpastar[m[K::Node::Node() : parent(nullptr), state({0,0}), g_score(0) {}
[2.920s]       | [01;31m[K^~~~~~~[m[K
[2.920s] [01m[K/home/umarv/ws/src/navigation2_tutorials/nav2_straightline_planner/src/rpastar.cpp:19:53:[m[K [01;31m[Kerror: [m[Kexpected unqualified-id before â€˜[01m[K)[m[Kâ€™ token
[2.920s]    19 | rpastar::Node::Node() : parent(nullptr), state({0,0}[01;31m[K)[m[K, g_score(0) {}
[2.920s]       |                                                     [01;31m[K^[m[K
[2.920s] [01m[K/home/umarv/ws/src/navigation2_tutorials/nav2_straightline_planner/src/rpastar.cpp:21:6:[m[K [01;31m[Kerror: [m[Kâ€˜[01m[Krpastar[m[Kâ€™ has not been declared
[2.920s]    21 | void [01;31m[Krpastar[m[K::Node::set_h(std::pair<int,int> &target_state)
[2.920s]       |      [01;31m[K^~~~~~~[m[K
[2.923s] [01m[K/home/umarv/ws/src/navigation2_tutorials/nav2_straightline_planner/src/rpastar.cpp:[m[K In function â€˜[01m[Kvoid set_h(std::pair<int, int>&)[m[Kâ€™:
[2.923s] [01m[K/home/umarv/ws/src/navigation2_tutorials/nav2_straightline_planner/src/rpastar.cpp:23:5:[m[K [01;31m[Kerror: [m[Kâ€˜[01m[Kh_score[m[Kâ€™ was not declared in this scope
[2.923s]    23 |     [01;31m[Kh_score[m[K = sqrt(pow(target_state.first - state.first, 2) + pow(target_state.second - state.second, 2));
[2.923s]       |     [01;31m[K^~~~~~~[m[K
[2.926s] [01m[K/home/umarv/ws/src/navigation2_tutorials/nav2_straightline_planner/src/rpastar.cpp:23:45:[m[K [01;31m[Kerror: [m[Kâ€˜[01m[Kstate[m[Kâ€™ was not declared in this scope; did you mean â€˜[01m[K_xstate[m[Kâ€™?
[2.926s]    23 |     h_score = sqrt(pow(target_state.first - [01;31m[Kstate[m[K.first, 2) + pow(target_state.second - state.second, 2));
[2.926s]       |                                             [01;31m[K^~~~~[m[K
[2.926s]       |                                             [32m[K_xstate[m[K
[2.926s] [01m[K/home/umarv/ws/src/navigation2_tutorials/nav2_straightline_planner/src/rpastar.cpp:[m[K At global scope:
[2.927s] [01m[K/home/umarv/ws/src/navigation2_tutorials/nav2_straightline_planner/src/rpastar.cpp:26:6:[m[K [01;31m[Kerror: [m[Kâ€˜[01m[Krpastar[m[Kâ€™ has not been declared
[2.927s]    26 | void [01;31m[Krpastar[m[K::Node::set_g(float g_in)
[2.927s]       |      [01;31m[K^~~~~~~[m[K
[2.929s] [01m[K/home/umarv/ws/src/navigation2_tutorials/nav2_straightline_planner/src/rpastar.cpp:[m[K In function â€˜[01m[Kvoid set_g(float)[m[Kâ€™:
[2.930s] [01m[K/home/umarv/ws/src/navigation2_tutorials/nav2_straightline_planner/src/rpastar.cpp:28:5:[m[K [01;31m[Kerror: [m[Kâ€˜[01m[Kg_score[m[Kâ€™ was not declared in this scope
[2.930s]    28 |     [01;31m[Kg_score[m[K = g_in;
[2.930s]       |     [01;31m[K^~~~~~~[m[K
[2.930s] [01m[K/home/umarv/ws/src/navigation2_tutorials/nav2_straightline_planner/src/rpastar.cpp:[m[K At global scope:
[2.930s] [01m[K/home/umarv/ws/src/navigation2_tutorials/nav2_straightline_planner/src/rpastar.cpp:31:6:[m[K [01;31m[Kerror: [m[Kâ€˜[01m[Krpastar[m[Kâ€™ has not been declared
[2.930s]    31 | void [01;31m[Krpastar[m[K::Node::set_state(int row, int col)
[2.930s]       |      [01;31m[K^~~~~~~[m[K
[2.932s] [01m[K/home/umarv/ws/src/navigation2_tutorials/nav2_straightline_planner/src/rpastar.cpp:[m[K In function â€˜[01m[Kvoid set_state(int, int)[m[Kâ€™:
[2.932s] [01m[K/home/umarv/ws/src/navigation2_tutorials/nav2_straightline_planner/src/rpastar.cpp:33:5:[m[K [01;31m[Kerror: [m[Kâ€˜[01m[Kstate[m[Kâ€™ was not declared in this scope; did you mean â€˜[01m[K_xstate[m[Kâ€™?
[2.933s]    33 |     [01;31m[Kstate[m[K.first = row;
[2.933s]       |     [01;31m[K^~~~~[m[K
[2.933s]       |     [32m[K_xstate[m[K
[2.933s] [01m[K/home/umarv/ws/src/navigation2_tutorials/nav2_straightline_planner/src/rpastar.cpp:[m[K At global scope:
[2.933s] [01m[K/home/umarv/ws/src/navigation2_tutorials/nav2_straightline_planner/src/rpastar.cpp:37:6:[m[K [01;31m[Kerror: [m[Kâ€˜[01m[Krpastar[m[Kâ€™ has not been declared
[2.933s]    37 | void [01;31m[Krpastar[m[K::Node::set_parent(Node *parent_in)
[2.933s]       |      [01;31m[K^~~~~~~[m[K
[2.933s] [01m[K/home/umarv/ws/src/navigation2_tutorials/nav2_straightline_planner/src/rpastar.cpp:37:6:[m[K [01;31m[Kerror: [m[Kvariable or field â€˜[01m[Kset_parent[m[Kâ€™ declared void
[2.933s] [01m[K/home/umarv/ws/src/navigation2_tutorials/nav2_straightline_planner/src/rpastar.cpp:37:32:[m[K [01;31m[Kerror: [m[Kâ€˜[01m[KNode[m[Kâ€™ was not declared in this scope; did you mean â€˜[01m[Krclcpp::Node[m[Kâ€™?
[2.934s]    37 | void rpastar::Node::set_parent([01;31m[KNode[m[K *parent_in)
[2.934s]       |                                [01;31m[K^~~~[m[K
[2.934s]       |                                [32m[Krclcpp::Node[m[K
[2.934s] In file included from [01m[K/opt/ros/humble/include/rclcpp/rclcpp/executors/single_threaded_executor.hpp:28[m[K,
[2.934s]                  from [01m[K/opt/ros/humble/include/rclcpp/rclcpp/executors.hpp:22[m[K,
[2.934s]                  from [01m[K/opt/ros/humble/include/rclcpp/rclcpp/rclcpp.hpp:155[m[K,
[2.934s]                  from [01m[K/opt/ros/humble/include/nav2_util/node_thread.hpp:20[m[K,
[2.934s]                  from [01m[K/opt/ros/humble/include/nav2_util/lifecycle_node.hpp:22[m[K,
[2.934s]                  from [01m[K/opt/ros/humble/include/nav2_costmap_2d/costmap_2d_publisher.hpp:53[m[K,
[2.934s]                  from [01m[K/opt/ros/humble/include/nav2_costmap_2d/costmap_2d_ros.hpp:48[m[K,
[2.934s]                  from [01m[K/home/umarv/ws/src/navigation2_tutorials/nav2_straightline_planner/include/nav2_straightline_planner/rpastar.h:9[m[K,
[2.934s]                  from [01m[K/home/umarv/ws/src/navigation2_tutorials/nav2_straightline_planner/src/rpastar.cpp:3[m[K:
[2.934s] [01m[K/opt/ros/humble/include/rclcpp/rclcpp/node.hpp:77:7:[m[K [01;36m[Knote: [m[Kâ€˜[01m[Krclcpp::Node[m[Kâ€™ declared here
[2.934s]    77 | class [01;36m[KNode[m[K : public std::enable_shared_from_this<Node>
[2.934s]       |       [01;36m[K^~~~[m[K
[2.936s] [01m[K/home/umarv/ws/src/navigation2_tutorials/nav2_straightline_planner/src/rpastar.cpp:37:38:[m[K [01;31m[Kerror: [m[Kâ€˜[01m[Kparent_in[m[Kâ€™ was not declared in this scope
[2.937s]    37 | void rpastar::Node::set_parent(Node *[01;31m[Kparent_in[m[K)
[2.937s]       |                                      [01;31m[K^~~~~~~~~[m[K
[2.937s] [01m[K/home/umarv/ws/src/navigation2_tutorials/nav2_straightline_planner/src/rpastar.cpp:42:20:[m[K [01;31m[Kerror: [m[Kâ€˜[01m[Krpastar[m[Kâ€™ has not been declared
[2.937s]    42 | std::pair<int,int> [01;31m[Krpastar[m[K::Node::get_state()
[2.937s]       |                    [01;31m[K^~~~~~~[m[K
[2.939s] [01m[K/home/umarv/ws/src/navigation2_tutorials/nav2_straightline_planner/src/rpastar.cpp:[m[K In function â€˜[01m[Kstd::pair<int, int> get_state()[m[Kâ€™:
[2.939s] [01m[K/home/umarv/ws/src/navigation2_tutorials/nav2_straightline_planner/src/rpastar.cpp:44:12:[m[K [01;31m[Kerror: [m[Kâ€˜[01m[Kstate[m[Kâ€™ was not declared in this scope; did you mean â€˜[01m[K_xstate[m[Kâ€™?
[2.939s]    44 |     return [01;31m[Kstate[m[K;
[2.939s]       |            [01;31m[K^~~~~[m[K
[2.939s]       |            [32m[K_xstate[m[K
[2.939s] [01m[K/home/umarv/ws/src/navigation2_tutorials/nav2_straightline_planner/src/rpastar.cpp:[m[K At global scope:
[2.939s] [01m[K/home/umarv/ws/src/navigation2_tutorials/nav2_straightline_planner/src/rpastar.cpp:47:7:[m[K [01;31m[Kerror: [m[Kâ€˜[01m[Krpastar[m[Kâ€™ has not been declared
[2.939s]    47 | float [01;31m[Krpastar[m[K::Node::get_f_score() const
[2.940s]       |       [01;31m[K^~~~~~~[m[K
[2.940s] [01m[K/home/umarv/ws/src/navigation2_tutorials/nav2_straightline_planner/src/rpastar.cpp:47:36:[m[K [01;31m[Kerror: [m[Knon-member function â€˜[01m[Kfloat get_f_score()[m[Kâ€™ cannot have cv-qualifier
[2.940s]    47 | float rpastar::Node::get_f_score() [01;31m[Kconst[m[K
[2.940s]       |                                    [01;31m[K^~~~~[m[K
[2.942s] [01m[K/home/umarv/ws/src/navigation2_tutorials/nav2_straightline_planner/src/rpastar.cpp:[m[K In function â€˜[01m[Kfloat get_f_score()[m[Kâ€™:
[2.942s] [01m[K/home/umarv/ws/src/navigation2_tutorials/nav2_straightline_planner/src/rpastar.cpp:49:12:[m[K [01;31m[Kerror: [m[Kâ€˜[01m[Kg_score[m[Kâ€™ was not declared in this scope
[2.942s]    49 |     return [01;31m[Kg_score[m[K + h_score;
[2.942s]       |            [01;31m[K^~~~~~~[m[K
[2.945s] [01m[K/home/umarv/ws/src/navigation2_tutorials/nav2_straightline_planner/src/rpastar.cpp:49:22:[m[K [01;31m[Kerror: [m[Kâ€˜[01m[Kh_score[m[Kâ€™ was not declared in this scope
[2.945s]    49 |     return g_score + [01;31m[Kh_score[m[K;
[2.945s]       |                      [01;31m[K^~~~~~~[m[K
[2.945s] [01m[K/home/umarv/ws/src/navigation2_tutorials/nav2_straightline_planner/src/rpastar.cpp:[m[K At global scope:
[2.945s] [01m[K/home/umarv/ws/src/navigation2_tutorials/nav2_straightline_planner/src/rpastar.cpp:52:6:[m[K [01;31m[Kerror: [m[Kâ€˜[01m[Krpastar[m[Kâ€™ has not been declared
[2.945s]    52 | bool [01;31m[Krpastar[m[K::Node::at_target(std::pair<int,int> &target_state)
[2.945s]       |      [01;31m[K^~~~~~~[m[K
[2.948s] [01m[K/home/umarv/ws/src/navigation2_tutorials/nav2_straightline_planner/src/rpastar.cpp:[m[K In function â€˜[01m[Kbool at_target(std::pair<int, int>&)[m[Kâ€™:
[2.948s] [01m[K/home/umarv/ws/src/navigation2_tutorials/nav2_straightline_planner/src/rpastar.cpp:54:13:[m[K [01;31m[Kerror: [m[Kâ€˜[01m[Kstate[m[Kâ€™ was not declared in this scope; did you mean â€˜[01m[K_xstate[m[Kâ€™?
[2.948s]    54 |     return ([01;31m[Kstate[m[K.first == target_state.first && state.second == target_state.second);
[2.948s]       |             [01;31m[K^~~~~[m[K
[2.948s]       |             [32m[K_xstate[m[K
[2.949s] [01m[K/home/umarv/ws/src/navigation2_tutorials/nav2_straightline_planner/src/rpastar.cpp:[m[K At global scope:
[2.950s] [01m[K/home/umarv/ws/src/navigation2_tutorials/nav2_straightline_planner/src/rpastar.cpp:58:1:[m[K [01;31m[Kerror: [m[Kâ€˜[01m[Krpastar[m[Kâ€™ does not name a type
[2.950s]    58 | [01;31m[Krpastar[m[K::rpastar(std::pair<int,int> start_state_in, std::pair<int,int> target_state_in, nav2_costmap_2d::Costmap2D * msg) : start_state(start_state_in), target_state(target_state_in)
[2.950s]       | [01;31m[K^~~~~~~[m[K
[2.950s] [01m[K/home/umarv/ws/src/navigation2_tutorials/nav2_straightline_planner/src/rpastar.cpp:72:6:[m[K [01;31m[Kerror: [m[Kâ€˜[01m[Krpastar[m[Kâ€™ has not been declared
[2.950s]    72 | void [01;31m[Krpastar[m[K::find_target()
[2.950s]       |      [01;31m[K^~~~~~~[m[K
[2.950s] [01m[K/home/umarv/ws/src/navigation2_tutorials/nav2_straightline_planner/src/rpastar.cpp:77:6:[m[K [01;31m[Kerror: [m[Kâ€˜[01m[Krpastar[m[Kâ€™ has not been declared
[2.950s]    77 | bool [01;31m[Krpastar[m[K::goal_found()
[2.950s]       |      [01;31m[K^~~~~~~[m[K
[2.953s] [01m[K/home/umarv/ws/src/navigation2_tutorials/nav2_straightline_planner/src/rpastar.cpp:[m[K In function â€˜[01m[Kbool goal_found()[m[Kâ€™:
[2.954s] [01m[K/home/umarv/ws/src/navigation2_tutorials/nav2_straightline_planner/src/rpastar.cpp:79:12:[m[K [01;31m[Kerror: [m[Kâ€˜[01m[Kpath_found[m[Kâ€™ was not declared in this scope; did you mean â€˜[01m[Kpathconf[m[Kâ€™?
[2.954s]    79 |     return [01;31m[Kpath_found[m[K;
[2.954s]       |            [01;31m[K^~~~~~~~~~[m[K
[2.954s]       |            [32m[Kpathconf[m[K
[2.954s] [01m[K/home/umarv/ws/src/navigation2_tutorials/nav2_straightline_planner/src/rpastar.cpp:[m[K At global scope:
[2.954s] [01m[K/home/umarv/ws/src/navigation2_tutorials/nav2_straightline_planner/src/rpastar.cpp:83:6:[m[K [01;31m[Kerror: [m[Kâ€˜[01m[Krpastar[m[Kâ€™ has not been declared
[2.954s]    83 | void [01;31m[Krpastar[m[K::search()
[2.954s]       |      [01;31m[K^~~~~~~[m[K
[2.957s] [01m[K/home/umarv/ws/src/navigation2_tutorials/nav2_straightline_planner/src/rpastar.cpp:[m[K In function â€˜[01m[Kvoid search()[m[Kâ€™:
[2.957s] [01m[K/home/umarv/ws/src/navigation2_tutorials/nav2_straightline_planner/src/rpastar.cpp:85:5:[m[K [01;31m[Kerror: [m[Kâ€˜[01m[Kpath_found[m[Kâ€™ was not declared in this scope; did you mean â€˜[01m[Kpathconf[m[Kâ€™?
[2.957s]    85 |     [01;31m[Kpath_found[m[K = false;
[2.957s]       |     [01;31m[K^~~~~~~~~~[m[K
[2.957s]       |     [32m[Kpathconf[m[K
[2.959s] [01m[K/home/umarv/ws/src/navigation2_tutorials/nav2_straightline_planner/src/rpastar.cpp:86:13:[m[K [01;31m[Kerror: [m[Kâ€˜[01m[KU[m[Kâ€™ was not declared in this scope
[2.959s]    86 |     while (![01;31m[KU[m[K.empty())
[2.960s]       |             [01;31m[K^[m[K
[2.960s] [01m[K/home/umarv/ws/src/navigation2_tutorials/nav2_straightline_planner/src/rpastar.cpp:88:9:[m[K [01;31m[Kerror: [m[Kâ€˜[01m[KNode[m[Kâ€™ was not declared in this scope; did you mean â€˜[01m[Krclcpp::Node[m[Kâ€™?
[2.960s]    88 |         [01;31m[KNode[m[K current_node = U.top();
[2.960s]       |         [01;31m[K^~~~[m[K
[2.960s]       |         [32m[Krclcpp::Node[m[K
[2.960s] In file included from [01m[K/opt/ros/humble/include/rclcpp/rclcpp/executors/single_threaded_executor.hpp:28[m[K,
[2.960s]                  from [01m[K/opt/ros/humble/include/rclcpp/rclcpp/executors.hpp:22[m[K,
[2.960s]                  from [01m[K/opt/ros/humble/include/rclcpp/rclcpp/rclcpp.hpp:155[m[K,
[2.960s]                  from [01m[K/opt/ros/humble/include/nav2_util/node_thread.hpp:20[m[K,
[2.960s]                  from [01m[K/opt/ros/humble/include/nav2_util/lifecycle_node.hpp:22[m[K,
[2.960s]                  from [01m[K/opt/ros/humble/include/nav2_costmap_2d/costmap_2d_publisher.hpp:53[m[K,
[2.961s]                  from [01m[K/opt/ros/humble/include/nav2_costmap_2d/costmap_2d_ros.hpp:48[m[K,
[2.961s]                  from [01m[K/home/umarv/ws/src/navigation2_tutorials/nav2_straightline_planner/include/nav2_straightline_planner/rpastar.h:9[m[K,
[2.961s]                  from [01m[K/home/umarv/ws/src/navigation2_tutorials/nav2_straightline_planner/src/rpastar.cpp:3[m[K:
[2.961s] [01m[K/opt/ros/humble/include/rclcpp/rclcpp/node.hpp:77:7:[m[K [01;36m[Knote: [m[Kâ€˜[01m[Krclcpp::Node[m[Kâ€™ declared here
[2.961s]    77 | class [01;36m[KNode[m[K : public std::enable_shared_from_this<Node>
[2.961s]       |       [01;36m[K^~~~[m[K
[2.963s] [01m[K/home/umarv/ws/src/navigation2_tutorials/nav2_straightline_planner/src/rpastar.cpp:91:9:[m[K [01;31m[Kerror: [m[Kâ€˜[01m[Kopen_set[m[Kâ€™ was not declared in this scope
[2.963s]    91 |         [01;31m[Kopen_set[m[K.erase(current_node.get_state());
[2.963s]       |         [01;31m[K^~~~~~~~[m[K
[2.967s] [01m[K/home/umarv/ws/src/navigation2_tutorials/nav2_straightline_planner/src/rpastar.cpp:91:24:[m[K [01;31m[Kerror: [m[Kâ€˜[01m[Kcurrent_node[m[Kâ€™ was not declared in this scope
[2.968s]    91 |         open_set.erase([01;31m[Kcurrent_node[m[K.get_state());
[2.968s]       |                        [01;31m[K^~~~~~~~~~~~[m[K
[2.972s] [01m[K/home/umarv/ws/src/navigation2_tutorials/nav2_straightline_planner/src/rpastar.cpp:92:36:[m[K [01;31m[Kerror: [m[Kâ€˜[01m[Ktarget_state[m[Kâ€™ was not declared in this scope; did you mean â€˜[01m[Kget_state[m[Kâ€™?
[2.972s]    92 |         if (current_node.at_target([01;31m[Ktarget_state[m[K))
[2.972s]       |                                    [01;31m[K^~~~~~~~~~~~[m[K
[2.972s]       |                                    [32m[Kget_state[m[K
[2.976s] [01m[K/home/umarv/ws/src/navigation2_tutorials/nav2_straightline_planner/src/rpastar.cpp:99:15:[m[K [01;31m[Kerror: [m[Kâ€˜[01m[Kparent_ptr[m[Kâ€™ was not declared in this scope
[2.977s]    99 |         Node *[01;31m[Kparent_ptr[m[K = &graph[i][j];
[2.977s]       |               [01;31m[K^~~~~~~~~~[m[K
[2.979s] [01m[K/home/umarv/ws/src/navigation2_tutorials/nav2_straightline_planner/src/rpastar.cpp:99:29:[m[K [01;31m[Kerror: [m[Kâ€˜[01m[Kgraph[m[Kâ€™ was not declared in this scope; did you mean â€˜[01m[Kisgraph[m[Kâ€™?
[2.980s]    99 |         Node *parent_ptr = &[01;31m[Kgraph[m[K[i][j];
[2.980s]       |                             [01;31m[K^~~~~[m[K
[2.980s]       |                             [32m[Kisgraph[m[K
[2.983s] [01m[K/home/umarv/ws/src/navigation2_tutorials/nav2_straightline_planner/src/rpastar.cpp:100:9:[m[K [01;31m[Kerror: [m[Kâ€˜[01m[KprocessNode[m[Kâ€™ was not declared in this scope
[2.983s]   100 |         [01;31m[KprocessNode[m[K(i-1, j, parent_ptr); // north
[2.983s]       |         [01;31m[K^~~~~~~~~~~[m[K
[2.987s] [01m[K/home/umarv/ws/src/navigation2_tutorials/nav2_straightline_planner/src/rpastar.cpp:108:9:[m[K [01;31m[Kerror: [m[Kâ€˜[01m[Kclosed_set[m[Kâ€™ was not declared in this scope
[2.987s]   108 |         [01;31m[Kclosed_set[m[K[current_node.get_state()] = current_node.get_f_score();
[2.987s]       |         [01;31m[K^~~~~~~~~~[m[K
[2.987s] [01m[K/home/umarv/ws/src/navigation2_tutorials/nav2_straightline_planner/src/rpastar.cpp:[m[K At global scope:
[2.987s] [01m[K/home/umarv/ws/src/navigation2_tutorials/nav2_straightline_planner/src/rpastar.cpp:113:6:[m[K [01;31m[Kerror: [m[Kâ€˜[01m[Krpastar[m[Kâ€™ has not been declared
[2.987s]   113 | void [01;31m[Krpastar[m[K::processNode(int row, int col, Node *parent)
[2.987s]       |      [01;31m[K^~~~~~~[m[K
[2.987s] [01m[K/home/umarv/ws/src/navigation2_tutorials/nav2_straightline_planner/src/rpastar.cpp:113:45:[m[K [01;31m[Kerror: [m[Kâ€˜[01m[KNode[m[Kâ€™ has not been declared
[2.987s]   113 | void rpastar::processNode(int row, int col, [01;31m[KNode[m[K *parent)
[2.987s]       |                                             [01;31m[K^~~~[m[K
[2.990s] [01m[K/home/umarv/ws/src/navigation2_tutorials/nav2_straightline_planner/src/rpastar.cpp:[m[K In function â€˜[01m[Kvoid processNode(int, int, int*)[m[Kâ€™:
[2.990s] [01m[K/home/umarv/ws/src/navigation2_tutorials/nav2_straightline_planner/src/rpastar.cpp:115:27:[m[K [01;31m[Kerror: [m[Kâ€˜[01m[Kcost_map[m[Kâ€™ was not declared in this scope
[2.990s]   115 |     if (row < 0 || row >= [01;31m[Kcost_map[m[K.size() || col < 0 || col >= cost_map[0].size())
[2.990s]       |                           [01;31m[K^~~~~~~~[m[K
[2.993s] [01m[K/home/umarv/ws/src/navigation2_tutorials/nav2_straightline_planner/src/rpastar.cpp:119:9:[m[K [01;31m[Kerror: [m[Kâ€˜[01m[Kcost_map[m[Kâ€™ was not declared in this scope
[2.993s]   119 |     if ([01;31m[Kcost_map[m[K[row][col] > 128 && cost_map[row][col] < 254)
[2.993s]       |         [01;31m[K^~~~~~~~[m[K
[2.993s] [01m[K/home/umarv/ws/src/navigation2_tutorials/nav2_straightline_planner/src/rpastar.cpp:123:5:[m[K [01;31m[Kerror: [m[Kâ€˜[01m[KNode[m[Kâ€™ was not declared in this scope; did you mean â€˜[01m[Krclcpp::Node[m[Kâ€™?
[2.994s]   123 |     [01;31m[KNode[m[K new_node = Node(row,col,parent);
[2.994s]       |     [01;31m[K^~~~[m[K
[2.994s]       |     [32m[Krclcpp::Node[m[K
[2.994s] In file included from [01m[K/opt/ros/humble/include/rclcpp/rclcpp/executors/single_threaded_executor.hpp:28[m[K,
[2.994s]                  from [01m[K/opt/ros/humble/include/rclcpp/rclcpp/executors.hpp:22[m[K,
[2.994s]                  from [01m[K/opt/ros/humble/include/rclcpp/rclcpp/rclcpp.hpp:155[m[K,
[2.994s]                  from [01m[K/opt/ros/humble/include/nav2_util/node_thread.hpp:20[m[K,
[2.994s]                  from [01m[K/opt/ros/humble/include/nav2_util/lifecycle_node.hpp:22[m[K,
[2.994s]                  from [01m[K/opt/ros/humble/include/nav2_costmap_2d/costmap_2d_publisher.hpp:53[m[K,
[2.994s]                  from [01m[K/opt/ros/humble/include/nav2_costmap_2d/costmap_2d_ros.hpp:48[m[K,
[2.995s]                  from [01m[K/home/umarv/ws/src/navigation2_tutorials/nav2_straightline_planner/include/nav2_straightline_planner/rpastar.h:9[m[K,
[2.995s]                  from [01m[K/home/umarv/ws/src/navigation2_tutorials/nav2_straightline_planner/src/rpastar.cpp:3[m[K:
[2.995s] [01m[K/opt/ros/humble/include/rclcpp/rclcpp/node.hpp:77:7:[m[K [01;36m[Knote: [m[Kâ€˜[01m[Krclcpp::Node[m[Kâ€™ declared here
[2.995s]    77 | class [01;36m[KNode[m[K : public std::enable_shared_from_this<Node>
[2.995s]       |       [01;36m[K^~~~[m[K
[2.998s] [01m[K/home/umarv/ws/src/navigation2_tutorials/nav2_straightline_planner/src/rpastar.cpp:124:5:[m[K [01;31m[Kerror: [m[Kâ€˜[01m[Knew_node[m[Kâ€™ was not declared in this scope; did you mean â€˜[01m[Krmw_node_t[m[Kâ€™?
[2.998s]   124 |     [01;31m[Knew_node[m[K.set_h(target_state);
[2.998s]       |     [01;31m[K^~~~~~~~[m[K
[2.998s]       |     [32m[Krmw_node_t[m[K
[3.003s] [01m[K/home/umarv/ws/src/navigation2_tutorials/nav2_straightline_planner/src/rpastar.cpp:124:20:[m[K [01;31m[Kerror: [m[Kâ€˜[01m[Ktarget_state[m[Kâ€™ was not declared in this scope; did you mean â€˜[01m[Kget_state[m[Kâ€™?
[3.003s]   124 |     new_node.set_h([01;31m[Ktarget_state[m[K);
[3.003s]       |                    [01;31m[K^~~~~~~~~~~~[m[K
[3.003s]       |                    [32m[Kget_state[m[K
[3.007s] [01m[K/home/umarv/ws/src/navigation2_tutorials/nav2_straightline_planner/src/rpastar.cpp:125:20:[m[K [01;31m[Kerror: [m[Kâ€˜[01m[Kopen_set[m[Kâ€™ was not declared in this scope; did you mean â€˜[01m[Kopen_it[m[Kâ€™?
[3.007s]   125 |     auto open_it = [01;31m[Kopen_set[m[K.find(new_node.get_state());
[3.007s]       |                    [01;31m[K^~~~~~~~[m[K
[3.007s]       |                    [32m[Kopen_it[m[K
[3.010s] [01m[K/home/umarv/ws/src/navigation2_tutorials/nav2_straightline_planner/src/rpastar.cpp:132:22:[m[K [01;31m[Kerror: [m[Kâ€˜[01m[Kclosed_set[m[Kâ€™ was not declared in this scope; did you mean â€˜[01m[Kclosed_it[m[Kâ€™?
[3.010s]   132 |     auto closed_it = [01;31m[Kclosed_set[m[K.find(new_node.get_state());
[3.010s]       |                      [01;31m[K^~~~~~~~~~[m[K
[3.011s]       |                      [32m[Kclosed_it[m[K
[3.013s] [01m[K/home/umarv/ws/src/navigation2_tutorials/nav2_straightline_planner/src/rpastar.cpp:139:5:[m[K [01;31m[Kerror: [m[Kâ€˜[01m[KU[m[Kâ€™ was not declared in this scope
[3.013s]   139 |     [01;31m[KU[m[K.push(new_node);
[3.013s]       |     [01;31m[K^[m[K
[3.015s] [01m[K/home/umarv/ws/src/navigation2_tutorials/nav2_straightline_planner/src/rpastar.cpp:140:5:[m[K [01;31m[Kerror: [m[Kâ€˜[01m[Kgraph[m[Kâ€™ was not declared in this scope; did you mean â€˜[01m[Kisgraph[m[Kâ€™?
[3.015s]   140 |     [01;31m[Kgraph[m[K[row][col] = new_node;
[3.016s]       |     [01;31m[K^~~~~[m[K
[3.016s]       |     [32m[Kisgraph[m[K
[3.016s] [01m[K/home/umarv/ws/src/navigation2_tutorials/nav2_straightline_planner/src/rpastar.cpp:[m[K At global scope:
[3.016s] [01m[K/home/umarv/ws/src/navigation2_tutorials/nav2_straightline_planner/src/rpastar.cpp:146:6:[m[K [01;31m[Kerror: [m[Kâ€˜[01m[Krpastar[m[Kâ€™ has not been declared
[3.016s]   146 | void [01;31m[Krpastar[m[K::costMapCallback(nav2_costmap_2d::Costmap2D* msg)
[3.016s]       |      [01;31m[K^~~~~~~[m[K
[3.019s] [01m[K/home/umarv/ws/src/navigation2_tutorials/nav2_straightline_planner/src/rpastar.cpp:[m[K In function â€˜[01m[Kvoid costMapCallback(nav2_costmap_2d::Costmap2D*)[m[Kâ€™:
[3.019s] [01m[K/home/umarv/ws/src/navigation2_tutorials/nav2_straightline_planner/src/rpastar.cpp:153:5:[m[K [01;31m[Kerror: [m[Kâ€˜[01m[Kcost_map[m[Kâ€™ was not declared in this scope
[3.020s]   153 |     [01;31m[Kcost_map[m[K = std::vector<std::vector<int>>(costmap_height, std::vector<int>(costmap_width, 0));
[3.020s]       |     [01;31m[K^~~~~~~~[m[K
[3.023s] [01m[K/home/umarv/ws/src/navigation2_tutorials/nav2_straightline_planner/src/rpastar.cpp:154:5:[m[K [01;31m[Kerror: [m[Kâ€˜[01m[Kgraph[m[Kâ€™ was not declared in this scope; did you mean â€˜[01m[Kisgraph[m[Kâ€™?
[3.023s]   154 |     [01;31m[Kgraph[m[K = std::vector<std::vector<rpastar::Node>>(costmap_height, std::vector<rpastar::Node>(costmap_width, rpastar::Node()));
[3.023s]       |     [01;31m[K^~~~~[m[K
[3.023s]       |     [32m[Kisgraph[m[K
[3.024s] [01m[K/home/umarv/ws/src/navigation2_tutorials/nav2_straightline_planner/src/rpastar.cpp:154:37:[m[K [01;31m[Kerror: [m[Kâ€˜[01m[Krpastar[m[Kâ€™ was not declared in this scope; did you mean â€˜[01m[Knav2_straightline_planner::rpastar[m[Kâ€™?
[3.024s]   154 |     graph = std::vector<std::vector<[01;31m[Krpastar[m[K::Node>>(costmap_height, std::vector<rpastar::Node>(costmap_width, rpastar::Node()));
[3.024s]       |                                     [01;31m[K^~~~~~~[m[K
[3.024s]       |                                     [32m[Knav2_straightline_planner::rpastar[m[K
[3.025s] In file included from [01m[K/home/umarv/ws/src/navigation2_tutorials/nav2_straightline_planner/src/rpastar.cpp:3[m[K:
[3.025s] [01m[K/home/umarv/ws/src/navigation2_tutorials/nav2_straightline_planner/include/nav2_straightline_planner/rpastar.h:13:7:[m[K [01;36m[Knote: [m[Kâ€˜[01m[Knav2_straightline_planner::rpastar[m[Kâ€™ declared here
[3.025s]    13 | class [01;36m[Krpastar[m[K
[3.025s]       |       [01;36m[K^~~~~~~[m[K
[3.025s] [01m[K/home/umarv/ws/src/navigation2_tutorials/nav2_straightline_planner/src/rpastar.cpp:154:50:[m[K [01;31m[Kerror: [m[Ktemplate argument 1 is invalid
[3.025s]   154 |     graph = std::vector<std::vector<rpastar::Node[01;31m[K>>[m[K(costmap_height, std::vector<rpastar::Node>(costmap_width, rpastar::Node()));
[3.025s]       |                                                  [01;31m[K^~[m[K
[3.025s] [01m[K/home/umarv/ws/src/navigation2_tutorials/nav2_straightline_planner/src/rpastar.cpp:154:50:[m[K [01;31m[Kerror: [m[Ktemplate argument 2 is invalid
[3.025s] [01m[K/home/umarv/ws/src/navigation2_tutorials/nav2_straightline_planner/src/rpastar.cpp:154:94:[m[K [01;31m[Kerror: [m[Ktemplate argument 2 is invalid
[3.025s]   154 |     graph = std::vector<std::vector<rpastar::Node>>(costmap_height, std::vector<rpastar::Node[01;31m[K>[m[K(costmap_width, rpastar::Node()));
[3.025s]       |                                                                                              [01;31m[K^[m[K
[3.026s] [01m[K/home/umarv/ws/src/navigation2_tutorials/nav2_straightline_planner/src/rpastar.cpp:154:127:[m[K [01;31m[Kerror: [m[Ktemplate argument 1 is invalid
[3.026s]   154 | vector<std::vector<rpastar::Node>>(costmap_height, std::vector<rpastar::Node>(costmap_width, rpastar::Node())[01;31m[K)[m[K;
[3.026s]       |                                                                                                              [01;31m[K^[m[K
[3.026s] 
[3.026s] [01m[K/home/umarv/ws/src/navigation2_tutorials/nav2_straightline_planner/src/rpastar.cpp:154:127:[m[K [01;31m[Kerror: [m[Ktemplate argument 2 is invalid
[3.028s] [01m[K/home/umarv/ws/src/navigation2_tutorials/nav2_straightline_planner/src/rpastar.cpp:177:11:[m[K [01;31m[Kerror: [m[Kâ€˜[01m[Kstart_state[m[Kâ€™ was not declared in this scope; did you mean â€˜[01m[Kset_state[m[Kâ€™?
[3.029s]   177 |     graph[[01;31m[Kstart_state[m[K.first][start_state.second].set_g(0);
[3.029s]       |           [01;31m[K^~~~~~~~~~~[m[K
[3.029s]       |           [32m[Kset_state[m[K
[3.032s] [01m[K/home/umarv/ws/src/navigation2_tutorials/nav2_straightline_planner/src/rpastar.cpp:178:56:[m[K [01;31m[Kerror: [m[Kâ€˜[01m[Ktarget_state[m[Kâ€™ was not declared in this scope; did you mean â€˜[01m[Kget_state[m[Kâ€™?
[3.032s]   178 |     graph[start_state.first][start_state.second].set_h([01;31m[Ktarget_state[m[K);
[3.032s]       |                                                        [01;31m[K^~~~~~~~~~~~[m[K
[3.032s]       |                                                        [32m[Kget_state[m[K
[3.034s] [01m[K/home/umarv/ws/src/navigation2_tutorials/nav2_straightline_planner/src/rpastar.cpp:182:5:[m[K [01;31m[Kerror: [m[Kâ€˜[01m[KU[m[Kâ€™ was not declared in this scope
[3.034s]   182 |     [01;31m[KU[m[K = std::priority_queue<rpastar::Node, std::vector<rpastar::Node>, customGreater>();
[3.034s]       |     [01;31m[K^[m[K
[3.034s] [01m[K/home/umarv/ws/src/navigation2_tutorials/nav2_straightline_planner/src/rpastar.cpp:182:85:[m[K [01;31m[Kerror: [m[Ktemplate argument 2 is invalid
[3.034s]   182 |     U = std::priority_queue<rpastar::Node, std::vector<rpastar::Node>, customGreater[01;31m[K>[m[K();
[3.034s]       |                                                                                     [01;31m[K^[m[K
[3.034s] [01m[K/home/umarv/ws/src/navigation2_tutorials/nav2_straightline_planner/src/rpastar.cpp:182:85:[m[K [01;31m[Kerror: [m[Ktemplate argument 3 is invalid
[3.037s] [01m[K/home/umarv/ws/src/navigation2_tutorials/nav2_straightline_planner/src/rpastar.cpp:184:5:[m[K [01;31m[Kerror: [m[Kâ€˜[01m[Kopen_set[m[Kâ€™ was not declared in this scope
[3.037s]   184 |     [01;31m[Kopen_set[m[K[start_state] = U.top().get_f_score();
[3.038s]       |     [01;31m[K^~~~~~~~[m[K
[3.038s] [01m[K/home/umarv/ws/src/navigation2_tutorials/nav2_straightline_planner/src/rpastar.cpp:[m[K At global scope:
[3.038s] [01m[K/home/umarv/ws/src/navigation2_tutorials/nav2_straightline_planner/src/rpastar.cpp:194:33:[m[K [01;31m[Kerror: [m[Kâ€˜[01m[Krpastar[m[Kâ€™ has not been declared
[3.038s]   194 | std::vector<std::pair<int,int>> [01;31m[Krpastar[m[K::backtracker()
[3.038s]       |                                 [01;31m[K^~~~~~~[m[K
[3.039s] [01m[K/home/umarv/ws/src/navigation2_tutorials/nav2_straightline_planner/src/rpastar.cpp:[m[K In function â€˜[01m[Kstd::vector<std::pair<int, int> > backtracker()[m[Kâ€™:
[3.039s] [01m[K/home/umarv/ws/src/navigation2_tutorials/nav2_straightline_planner/src/rpastar.cpp:196:5:[m[K [01;31m[Kerror: [m[Kâ€˜[01m[KNode[m[Kâ€™ was not declared in this scope; did you mean â€˜[01m[Krclcpp::Node[m[Kâ€™?
[3.039s]   196 |     [01;31m[KNode[m[K *curr_node = &graph[target_state.first][target_state.second];
[3.039s]       |     [01;31m[K^~~~[m[K
[3.039s]       |     [32m[Krclcpp::Node[m[K
[3.039s] In file included from [01m[K/opt/ros/humble/include/rclcpp/rclcpp/executors/single_threaded_executor.hpp:28[m[K,
[3.039s]                  from [01m[K/opt/ros/humble/include/rclcpp/rclcpp/executors.hpp:22[m[K,
[3.040s]                  from [01m[K/opt/ros/humble/include/rclcpp/rclcpp/rclcpp.hpp:155[m[K,
[3.040s]                  from [01m[K/opt/ros/humble/include/nav2_util/node_thread.hpp:20[m[K,
[3.040s]                  from [01m[K/opt/ros/humble/include/nav2_util/lifecycle_node.hpp:22[m[K,
[3.040s]                  from [01m[K/opt/ros/humble/include/nav2_costmap_2d/costmap_2d_publisher.hpp:53[m[K,
[3.040s]                  from [01m[K/opt/ros/humble/include/nav2_costmap_2d/costmap_2d_ros.hpp:48[m[K,
[3.040s]                  from [01m[K/home/umarv/ws/src/navigation2_tutorials/nav2_straightline_planner/include/nav2_straightline_planner/rpastar.h:9[m[K,
[3.040s]                  from [01m[K/home/umarv/ws/src/navigation2_tutorials/nav2_straightline_planner/src/rpastar.cpp:3[m[K:
[3.040s] [01m[K/opt/ros/humble/include/rclcpp/rclcpp/node.hpp:77:7:[m[K [01;36m[Knote: [m[Kâ€˜[01m[Krclcpp::Node[m[Kâ€™ declared here
[3.041s]    77 | class [01;36m[KNode[m[K : public std::enable_shared_from_this<Node>
[3.041s]       |       [01;36m[K^~~~[m[K
[3.043s] [01m[K/home/umarv/ws/src/navigation2_tutorials/nav2_straightline_planner/src/rpastar.cpp:196:11:[m[K [01;31m[Kerror: [m[Kâ€˜[01m[Kcurr_node[m[Kâ€™ was not declared in this scope
[3.044s]   196 |     Node *[01;31m[Kcurr_node[m[K = &graph[target_state.first][target_state.second];
[3.044s]       |           [01;31m[K^~~~~~~~~[m[K
[3.046s] [01m[K/home/umarv/ws/src/navigation2_tutorials/nav2_straightline_planner/src/rpastar.cpp:196:24:[m[K [01;31m[Kerror: [m[Kâ€˜[01m[Kgraph[m[Kâ€™ was not declared in this scope; did you mean â€˜[01m[Kisgraph[m[Kâ€™?
[3.047s]   196 |     Node *curr_node = &[01;31m[Kgraph[m[K[target_state.first][target_state.second];
[3.047s]       |                        [01;31m[K^~~~~[m[K
[3.047s]       |                        [32m[Kisgraph[m[K
[3.050s] [01m[K/home/umarv/ws/src/navigation2_tutorials/nav2_straightline_planner/src/rpastar.cpp:196:30:[m[K [01;31m[Kerror: [m[Kâ€˜[01m[Ktarget_state[m[Kâ€™ was not declared in this scope; did you mean â€˜[01m[Kget_state[m[Kâ€™?
[3.050s]   196 |     Node *curr_node = &graph[[01;31m[Ktarget_state[m[K.first][target_state.second];
[3.050s]       |                              [01;31m[K^~~~~~~~~~~~[m[K
[3.050s]       |                              [32m[Kget_state[m[K
[3.050s] [01m[K/home/umarv/ws/src/navigation2_tutorials/nav2_straightline_planner/src/rpastar.cpp:199:9:[m[K [01;31m[Kerror: [m[Kâ€˜[01m[Kpath[m[Kâ€™ was not declared in this scope; did you mean â€˜[01m[Krcpputils::fs::path[m[Kâ€™?
[3.050s]   199 |         [01;31m[Kpath[m[K.push_back(curr_node->get_state());
[3.051s]       |         [01;31m[K^~~~[m[K
[3.051s]       |         [32m[Krcpputils::fs::path[m[K
[3.051s] In file included from [01m[K/opt/ros/humble/include/rclcpp/rclcpp/logger.hpp:25[m[K,
[3.051s]                  from [01m[K/opt/ros/humble/include/rclcpp/rclcpp/logging.hpp:23[m[K,
[3.051s]                  from [01m[K/opt/ros/humble/include/rclcpp/rclcpp/client.hpp:40[m[K,
[3.051s]                  from [01m[K/opt/ros/humble/include/rclcpp/rclcpp/callback_group.hpp:24[m[K,
[3.051s]                  from [01m[K/opt/ros/humble/include/rclcpp_lifecycle/rclcpp_lifecycle/lifecycle_node.hpp:55[m[K,
[3.052s]                  from [01m[K/opt/ros/humble/include/nav2_costmap_2d/costmap_2d_publisher.hpp:46[m[K,
[3.052s]                  from [01m[K/opt/ros/humble/include/nav2_costmap_2d/costmap_2d_ros.hpp:48[m[K,
[3.052s]                  from [01m[K/home/umarv/ws/src/navigation2_tutorials/nav2_straightline_planner/include/nav2_straightline_planner/rpastar.h:9[m[K,
[3.052s]                  from [01m[K/home/umarv/ws/src/navigation2_tutorials/nav2_straightline_planner/src/rpastar.cpp:3[m[K:
[3.052s] [01m[K/opt/ros/humble/include/rcpputils/rcpputils/filesystem_helper.hpp:74:7:[m[K [01;36m[Knote: [m[Kâ€˜[01m[Krcpputils::fs::path[m[Kâ€™ declared here
[3.052s]    74 | class [01;36m[Kpath[m[K
[3.052s]       |       [01;36m[K^~~~[m[K
[3.052s] [01m[K/home/umarv/ws/src/navigation2_tutorials/nav2_straightline_planner/src/rpastar.cpp:203:18:[m[K [01;31m[Kerror: [m[Kâ€˜[01m[Kpath[m[Kâ€™ was not declared in this scope; did you mean â€˜[01m[Krcpputils::fs::path[m[Kâ€™?
[3.052s]   203 |     std::reverse([01;31m[Kpath[m[K.begin(), path.end());
[3.052s]       |                  [01;31m[K^~~~[m[K
[3.052s]       |                  [32m[Krcpputils::fs::path[m[K
[3.053s] In file included from [01m[K/opt/ros/humble/include/rclcpp/rclcpp/logger.hpp:25[m[K,
[3.053s]                  from [01m[K/opt/ros/humble/include/rclcpp/rclcpp/logging.hpp:23[m[K,
[3.053s]                  from [01m[K/opt/ros/humble/include/rclcpp/rclcpp/client.hpp:40[m[K,
[3.053s]                  from [01m[K/opt/ros/humble/include/rclcpp/rclcpp/callback_group.hpp:24[m[K,
[3.053s]                  from [01m[K/opt/ros/humble/include/rclcpp_lifecycle/rclcpp_lifecycle/lifecycle_node.hpp:55[m[K,
[3.053s]                  from [01m[K/opt/ros/humble/include/nav2_costmap_2d/costmap_2d_publisher.hpp:46[m[K,
[3.053s]                  from [01m[K/opt/ros/humble/include/nav2_costmap_2d/costmap_2d_ros.hpp:48[m[K,
[3.053s]                  from [01m[K/home/umarv/ws/src/navigation2_tutorials/nav2_straightline_planner/include/nav2_straightline_planner/rpastar.h:9[m[K,
[3.053s]                  from [01m[K/home/umarv/ws/src/navigation2_tutorials/nav2_straightline_planner/src/rpastar.cpp:3[m[K:
[3.053s] [01m[K/opt/ros/humble/include/rcpputils/rcpputils/filesystem_helper.hpp:74:7:[m[K [01;36m[Knote: [m[Kâ€˜[01m[Krcpputils::fs::path[m[Kâ€™ declared here
[3.053s]    74 | class [01;36m[Kpath[m[K
[3.053s]       |       [01;36m[K^~~~[m[K
[4.248s] gmake[2]: *** [CMakeFiles/nav2_straightline_planner_plugin.dir/build.make:90: CMakeFiles/nav2_straightline_planner_plugin.dir/src/rpastar.cpp.o] Error 1
[4.248s] gmake[1]: *** [CMakeFiles/Makefile2:137: CMakeFiles/nav2_straightline_planner_plugin.dir/all] Error 2
[4.248s] gmake: *** [Makefile:146: all] Error 2
