[0.332s] Invoking command in '/home/umarv/ws/build/nav2_straightline_planner': CMAKE_PREFIX_PATH=${CMAKE_PREFIX_PATH}:/home/umarv/ws/install/nav2_gps_waypoint_follower_demo:/opt/ros/humble /usr/bin/cmake --build /home/umarv/ws/build/nav2_straightline_planner -- -j8 -l8
[0.350s] -- Found ament_cmake: 1.3.5 (/opt/ros/humble/share/ament_cmake/cmake)
[0.493s] -- Found rclcpp: 16.0.6 (/opt/ros/humble/share/rclcpp/cmake)
[0.522s] -- Found rosidl_generator_c: 3.1.5 (/opt/ros/humble/share/rosidl_generator_c/cmake)
[0.522s] -- Found rosidl_adapter: 3.1.5 (/opt/ros/humble/share/rosidl_adapter/cmake)
[0.528s] -- Found rosidl_generator_cpp: 3.1.5 (/opt/ros/humble/share/rosidl_generator_cpp/cmake)
[0.540s] -- Using all available rosidl_typesupport_c: rosidl_typesupport_fastrtps_c;rosidl_typesupport_introspection_c
[0.552s] -- Using all available rosidl_typesupport_cpp: rosidl_typesupport_fastrtps_cpp;rosidl_typesupport_introspection_cpp
[0.603s] -- Found rmw_implementation_cmake: 6.1.1 (/opt/ros/humble/share/rmw_implementation_cmake/cmake)
[0.604s] -- Found rmw_fastrtps_cpp: 6.2.4 (/opt/ros/humble/share/rmw_fastrtps_cpp/cmake)
[0.714s] -- Using RMW implementation 'rmw_fastrtps_cpp' as default
[0.854s] -- Found rclcpp_action: 16.0.6 (/opt/ros/humble/share/rclcpp_action/cmake)
[0.914s] -- Found rclcpp_lifecycle: 16.0.6 (/opt/ros/humble/share/rclcpp_lifecycle/cmake)
[0.939s] -- Found visualization_msgs: 4.2.3 (/opt/ros/humble/share/visualization_msgs/cmake)
[1.129s] -- Found nav2_util: 1.1.12 (/opt/ros/humble/share/nav2_util/cmake)
[1.496s] -- Found eigen3_cmake_module: 0.1.1 (/opt/ros/humble/share/eigen3_cmake_module/cmake)
[1.497s] -- Ensuring Eigen3 include directory is part of orocos-kdl CMake target
[1.622s] -- Found nav2_costmap_2d: 1.1.12 (/opt/ros/humble/share/nav2_costmap_2d/cmake)
[2.247s] -- Found nav2_core: 1.1.12 (/opt/ros/humble/share/nav2_core/cmake)
[5.826s] -- Found ament_lint_auto: 0.12.8 (/opt/ros/humble/share/ament_lint_auto/cmake)
[5.875s] -- Added test 'copyright' to check source files copyright and LICENSE
[5.876s] -- Added test 'cppcheck' to perform static code analysis on C / C++ code
[5.876s] -- Configured cppcheck include dirs: /home/umarv/ws/src/navigation2_tutorials/nav2_straightline_planner/include
[5.876s] -- Configured cppcheck exclude dirs and/or files: 
[5.876s] -- Added test 'cpplint' to check C / C++ code against the Google style
[5.876s] -- Configured cpplint exclude dirs and/or files: 
[5.877s] -- Added test 'lint_cmake' to check CMake code style
[5.877s] -- Added test 'uncrustify' to check C / C++ code style
[5.877s] -- Configured uncrustify additional arguments: 
[5.877s] -- Added test 'xmllint' to check XML markup files
[5.879s] -- Configuring done
[5.906s] -- Generating done
[5.908s] -- Build files have been written to: /home/umarv/ws/build/nav2_straightline_planner
[5.928s] [35m[1mConsolidate compiler generated dependencies of target nav2_straightline_planner_plugin[0m
[5.942s] [ 66%] [32mBuilding CXX object CMakeFiles/nav2_straightline_planner_plugin.dir/src/rpastar.cpp.o[0m
[5.942s] [ 66%] [32mBuilding CXX object CMakeFiles/nav2_straightline_planner_plugin.dir/src/straight_line_planner.cpp.o[0m
[6.013s] [01m[K/home/umarv/ws/src/navigation2_tutorials/nav2_straightline_planner/src/rpastar.cpp:3:10:[m[K [01;31m[Kfatal error: [m[K../include/rpastar.h: No such file or directory
[6.013s]     3 | #include [01;31m[K"../include/rpastar.h"[m[K
[6.013s]       |          [01;31m[K^~~~~~~~~~~~~~~~~~~~~~[m[K
[6.014s] compilation terminated.
[6.014s] gmake[2]: *** [CMakeFiles/nav2_straightline_planner_plugin.dir/build.make:90: CMakeFiles/nav2_straightline_planner_plugin.dir/src/rpastar.cpp.o] Error 1
[6.015s] gmake[2]: *** Waiting for unfinished jobs....
[8.306s] In file included from [01m[K/home/umarv/ws/src/navigation2_tutorials/nav2_straightline_planner/src/straight_line_planner.cpp:49[m[K:
[8.306s] [01m[K/home/umarv/ws/src/navigation2_tutorials/nav2_straightline_planner/include/nav2_straightline_planner/rpastar.h:[m[K In member function â€˜[01m[Kconst bool& nav2_straightline_planner::rpastar::Node::operator==(const nav2_straightline_planner::rpastar::Node&)[m[Kâ€™:
[8.306s] [01m[K/home/umarv/ws/src/navigation2_tutorials/nav2_straightline_planner/include/nav2_straightline_planner/rpastar.h:43:36:[m[K [01;35m[Kwarning: [m[Kreturning reference to temporary [[01;35m[K-Wreturn-local-addr[m[K]
[8.306s]    43 |                 return [01;35m[Kthis->state == rhs.state[m[K;
[8.306s]       |                        [01;35m[K~~~~~~~~~~~~^~~~~~~~~~~~[m[K
[9.576s] gmake[1]: *** [CMakeFiles/Makefile2:137: CMakeFiles/nav2_straightline_planner_plugin.dir/all] Error 2
[9.576s] gmake: *** [Makefile:146: all] Error 2
