[0.182s] Invoking command in '/home/umarv/ws/build/nav2_straightline_planner': /usr/bin/cmake --build /home/umarv/ws/build/nav2_straightline_planner -- -j8 -l8
[0.203s] [35m[1mConsolidate compiler generated dependencies of target nav2_straightline_planner_plugin[0m
[0.222s] [ 33%] [32mBuilding CXX object CMakeFiles/nav2_straightline_planner_plugin.dir/src/straight_line_planner.cpp.o[0m
[0.223s] [ 66%] [32mBuilding CXX object CMakeFiles/nav2_straightline_planner_plugin.dir/src/rpastar.cpp.o[0m
[3.150s] In file included from [01m[K/home/umarv/ws/src/navigation2_tutorials/nav2_straightline_planner/src/rpastar.cpp:3[m[K:
[3.150s] [01m[K/home/umarv/ws/src/navigation2_tutorials/nav2_straightline_planner/include/nav2_straightline_planner/rpastar.h:[m[K In member function â€˜[01m[Kconst bool& nav2_straightline_planner::rpastar::Node::operator==(const nav2_straightline_planner::rpastar::Node&)[m[Kâ€™:
[3.150s] [01m[K/home/umarv/ws/src/navigation2_tutorials/nav2_straightline_planner/include/nav2_straightline_planner/rpastar.h:44:36:[m[K [01;35m[Kwarning: [m[Kreturning reference to temporary [[01;35m[K-Wreturn-local-addr[m[K]
[3.150s]    44 |                 return [01;35m[Kthis->state == rhs.state[m[K;
[3.150s]       |                        [01;35m[K~~~~~~~~~~~~^~~~~~~~~~~~[m[K
[3.152s] [01m[K/home/umarv/ws/src/navigation2_tutorials/nav2_straightline_planner/src/rpastar.cpp:[m[K At global scope:
[3.152s] [01m[K/home/umarv/ws/src/navigation2_tutorials/nav2_straightline_planner/src/rpastar.cpp:14:1:[m[K [01;31m[Kerror: [m[Kâ€˜[01m[Krpastar[m[Kâ€™ does not name a type
[3.152s]    14 | [01;31m[Krpastar[m[K::Node::Node(int row, int col, Node * parent) : parent(parent) {
[3.152s]       | [01;31m[K^~~~~~~[m[K
[3.153s] [01m[K/home/umarv/ws/src/navigation2_tutorials/nav2_straightline_planner/src/rpastar.cpp:19:1:[m[K [01;31m[Kerror: [m[Kâ€˜[01m[Krpastar[m[Kâ€™ does not name a type
[3.153s]    19 | [01;31m[Krpastar[m[K::Node::Node() : parent(nullptr), state({0,0}), g_score(0) {}
[3.153s]       | [01;31m[K^~~~~~~[m[K
[3.153s] [01m[K/home/umarv/ws/src/navigation2_tutorials/nav2_straightline_planner/src/rpastar.cpp:19:53:[m[K [01;31m[Kerror: [m[Kexpected unqualified-id before â€˜[01m[K)[m[Kâ€™ token
[3.153s]    19 | rpastar::Node::Node() : parent(nullptr), state({0,0}[01;31m[K)[m[K, g_score(0) {}
[3.153s]       |                                                     [01;31m[K^[m[K
[3.153s] [01m[K/home/umarv/ws/src/navigation2_tutorials/nav2_straightline_planner/src/rpastar.cpp:21:6:[m[K [01;31m[Kerror: [m[Kâ€˜[01m[Krpastar[m[Kâ€™ has not been declared
[3.153s]    21 | void [01;31m[Krpastar[m[K::Node::set_h(std::pair<int,int> &target_state)
[3.154s]       |      [01;31m[K^~~~~~~[m[K
[3.156s] [01m[K/home/umarv/ws/src/navigation2_tutorials/nav2_straightline_planner/src/rpastar.cpp:[m[K In function â€˜[01m[Kvoid set_h(std::pair<int, int>&)[m[Kâ€™:
[3.156s] [01m[K/home/umarv/ws/src/navigation2_tutorials/nav2_straightline_planner/src/rpastar.cpp:23:5:[m[K [01;31m[Kerror: [m[Kâ€˜[01m[Kh_score[m[Kâ€™ was not declared in this scope
[3.156s]    23 |     [01;31m[Kh_score[m[K = sqrt(pow(target_state.first - state.first, 2) + pow(target_state.second - state.second, 2));
[3.156s]       |     [01;31m[K^~~~~~~[m[K
[3.160s] [01m[K/home/umarv/ws/src/navigation2_tutorials/nav2_straightline_planner/src/rpastar.cpp:23:45:[m[K [01;31m[Kerror: [m[Kâ€˜[01m[Kstate[m[Kâ€™ was not declared in this scope; did you mean â€˜[01m[K_xstate[m[Kâ€™?
[3.160s]    23 |     h_score = sqrt(pow(target_state.first - [01;31m[Kstate[m[K.first, 2) + pow(target_state.second - state.second, 2));
[3.160s]       |                                             [01;31m[K^~~~~[m[K
[3.160s]       |                                             [32m[K_xstate[m[K
[3.160s] [01m[K/home/umarv/ws/src/navigation2_tutorials/nav2_straightline_planner/src/rpastar.cpp:[m[K At global scope:
[3.160s] [01m[K/home/umarv/ws/src/navigation2_tutorials/nav2_straightline_planner/src/rpastar.cpp:26:6:[m[K [01;31m[Kerror: [m[Kâ€˜[01m[Krpastar[m[Kâ€™ has not been declared
[3.160s]    26 | void [01;31m[Krpastar[m[K::Node::set_g(float g_in)
[3.161s]       |      [01;31m[K^~~~~~~[m[K
[3.164s] [01m[K/home/umarv/ws/src/navigation2_tutorials/nav2_straightline_planner/src/rpastar.cpp:[m[K In function â€˜[01m[Kvoid set_g(float)[m[Kâ€™:
[3.164s] [01m[K/home/umarv/ws/src/navigation2_tutorials/nav2_straightline_planner/src/rpastar.cpp:28:5:[m[K [01;31m[Kerror: [m[Kâ€˜[01m[Kg_score[m[Kâ€™ was not declared in this scope
[3.164s]    28 |     [01;31m[Kg_score[m[K = g_in;
[3.164s]       |     [01;31m[K^~~~~~~[m[K
[3.164s] [01m[K/home/umarv/ws/src/navigation2_tutorials/nav2_straightline_planner/src/rpastar.cpp:[m[K At global scope:
[3.164s] [01m[K/home/umarv/ws/src/navigation2_tutorials/nav2_straightline_planner/src/rpastar.cpp:31:6:[m[K [01;31m[Kerror: [m[Kâ€˜[01m[Krpastar[m[Kâ€™ has not been declared
[3.164s]    31 | void [01;31m[Krpastar[m[K::Node::set_state(int row, int col)
[3.165s]       |      [01;31m[K^~~~~~~[m[K
[3.167s] [01m[K/home/umarv/ws/src/navigation2_tutorials/nav2_straightline_planner/src/rpastar.cpp:[m[K In function â€˜[01m[Kvoid set_state(int, int)[m[Kâ€™:
[3.167s] [01m[K/home/umarv/ws/src/navigation2_tutorials/nav2_straightline_planner/src/rpastar.cpp:33:5:[m[K [01;31m[Kerror: [m[Kâ€˜[01m[Kstate[m[Kâ€™ was not declared in this scope; did you mean â€˜[01m[K_xstate[m[Kâ€™?
[3.167s]    33 |     [01;31m[Kstate[m[K.first = row;
[3.167s]       |     [01;31m[K^~~~~[m[K
[3.167s]       |     [32m[K_xstate[m[K
[3.167s] [01m[K/home/umarv/ws/src/navigation2_tutorials/nav2_straightline_planner/src/rpastar.cpp:[m[K At global scope:
[3.167s] [01m[K/home/umarv/ws/src/navigation2_tutorials/nav2_straightline_planner/src/rpastar.cpp:37:6:[m[K [01;31m[Kerror: [m[Kâ€˜[01m[Krpastar[m[Kâ€™ has not been declared
[3.168s]    37 | void [01;31m[Krpastar[m[K::Node::set_parent(Node *parent_in)
[3.168s]       |      [01;31m[K^~~~~~~[m[K
[3.168s] [01m[K/home/umarv/ws/src/navigation2_tutorials/nav2_straightline_planner/src/rpastar.cpp:37:6:[m[K [01;31m[Kerror: [m[Kvariable or field â€˜[01m[Kset_parent[m[Kâ€™ declared void
[3.168s] [01m[K/home/umarv/ws/src/navigation2_tutorials/nav2_straightline_planner/src/rpastar.cpp:37:32:[m[K [01;31m[Kerror: [m[Kâ€˜[01m[KNode[m[Kâ€™ was not declared in this scope; did you mean â€˜[01m[Krclcpp::Node[m[Kâ€™?
[3.168s]    37 | void rpastar::Node::set_parent([01;31m[KNode[m[K *parent_in)
[3.168s]       |                                [01;31m[K^~~~[m[K
[3.168s]       |                                [32m[Krclcpp::Node[m[K
[3.168s] In file included from [01m[K/opt/ros/humble/include/rclcpp/rclcpp/executors/single_threaded_executor.hpp:28[m[K,
[3.168s]                  from [01m[K/opt/ros/humble/include/rclcpp/rclcpp/executors.hpp:22[m[K,
[3.168s]                  from [01m[K/opt/ros/humble/include/rclcpp/rclcpp/rclcpp.hpp:155[m[K,
[3.169s]                  from [01m[K/opt/ros/humble/include/nav2_util/node_thread.hpp:20[m[K,
[3.169s]                  from [01m[K/opt/ros/humble/include/nav2_util/lifecycle_node.hpp:22[m[K,
[3.169s]                  from [01m[K/opt/ros/humble/include/nav2_costmap_2d/costmap_2d_publisher.hpp:53[m[K,
[3.169s]                  from [01m[K/opt/ros/humble/include/nav2_costmap_2d/costmap_2d_ros.hpp:48[m[K,
[3.169s]                  from [01m[K/home/umarv/ws/src/navigation2_tutorials/nav2_straightline_planner/include/nav2_straightline_planner/rpastar.h:9[m[K,
[3.169s]                  from [01m[K/home/umarv/ws/src/navigation2_tutorials/nav2_straightline_planner/src/rpastar.cpp:3[m[K:
[3.169s] [01m[K/opt/ros/humble/include/rclcpp/rclcpp/node.hpp:77:7:[m[K [01;36m[Knote: [m[Kâ€˜[01m[Krclcpp::Node[m[Kâ€™ declared here
[3.169s]    77 | class [01;36m[KNode[m[K : public std::enable_shared_from_this<Node>
[3.169s]       |       [01;36m[K^~~~[m[K
[3.172s] [01m[K/home/umarv/ws/src/navigation2_tutorials/nav2_straightline_planner/src/rpastar.cpp:37:38:[m[K [01;31m[Kerror: [m[Kâ€˜[01m[Kparent_in[m[Kâ€™ was not declared in this scope
[3.172s]    37 | void rpastar::Node::set_parent(Node *[01;31m[Kparent_in[m[K)
[3.172s]       |                                      [01;31m[K^~~~~~~~~[m[K
[3.172s] [01m[K/home/umarv/ws/src/navigation2_tutorials/nav2_straightline_planner/src/rpastar.cpp:42:20:[m[K [01;31m[Kerror: [m[Kâ€˜[01m[Krpastar[m[Kâ€™ has not been declared
[3.172s]    42 | std::pair<int,int> [01;31m[Krpastar[m[K::Node::get_state()
[3.172s]       |                    [01;31m[K^~~~~~~[m[K
[3.175s] [01m[K/home/umarv/ws/src/navigation2_tutorials/nav2_straightline_planner/src/rpastar.cpp:[m[K In function â€˜[01m[Kstd::pair<int, int> get_state()[m[Kâ€™:
[3.175s] [01m[K/home/umarv/ws/src/navigation2_tutorials/nav2_straightline_planner/src/rpastar.cpp:44:12:[m[K [01;31m[Kerror: [m[Kâ€˜[01m[Kstate[m[Kâ€™ was not declared in this scope; did you mean â€˜[01m[K_xstate[m[Kâ€™?
[3.175s]    44 |     return [01;31m[Kstate[m[K;
[3.175s]       |            [01;31m[K^~~~~[m[K
[3.175s]       |            [32m[K_xstate[m[K
[3.175s] [01m[K/home/umarv/ws/src/navigation2_tutorials/nav2_straightline_planner/src/rpastar.cpp:[m[K At global scope:
[3.175s] [01m[K/home/umarv/ws/src/navigation2_tutorials/nav2_straightline_planner/src/rpastar.cpp:47:7:[m[K [01;31m[Kerror: [m[Kâ€˜[01m[Krpastar[m[Kâ€™ has not been declared
[3.175s]    47 | float [01;31m[Krpastar[m[K::Node::get_f_score() const
[3.175s]       |       [01;31m[K^~~~~~~[m[K
[3.175s] [01m[K/home/umarv/ws/src/navigation2_tutorials/nav2_straightline_planner/src/rpastar.cpp:47:36:[m[K [01;31m[Kerror: [m[Knon-member function â€˜[01m[Kfloat get_f_score()[m[Kâ€™ cannot have cv-qualifier
[3.175s]    47 | float rpastar::Node::get_f_score() [01;31m[Kconst[m[K
[3.176s]       |                                    [01;31m[K^~~~~[m[K
[3.178s] [01m[K/home/umarv/ws/src/navigation2_tutorials/nav2_straightline_planner/src/rpastar.cpp:[m[K In function â€˜[01m[Kfloat get_f_score()[m[Kâ€™:
[3.178s] [01m[K/home/umarv/ws/src/navigation2_tutorials/nav2_straightline_planner/src/rpastar.cpp:49:12:[m[K [01;31m[Kerror: [m[Kâ€˜[01m[Kg_score[m[Kâ€™ was not declared in this scope
[3.178s]    49 |     return [01;31m[Kg_score[m[K + h_score;
[3.178s]       |            [01;31m[K^~~~~~~[m[K
[3.179s] In file included from [01m[K/home/umarv/ws/src/navigation2_tutorials/nav2_straightline_planner/src/straight_line_planner.cpp:49[m[K:
[3.179s] [01m[K/home/umarv/ws/src/navigation2_tutorials/nav2_straightline_planner/include/nav2_straightline_planner/rpastar.h:[m[K In member function â€˜[01m[Kconst bool& nav2_straightline_planner::rpastar::Node::operator==(const nav2_straightline_planner::rpastar::Node&)[m[Kâ€™:
[3.179s] [01m[K/home/umarv/ws/src/navigation2_tutorials/nav2_straightline_planner/include/nav2_straightline_planner/rpastar.h:44:36:[m[K [01;35m[Kwarning: [m[Kreturning reference to temporary [[01;35m[K-Wreturn-local-addr[m[K]
[3.179s]    44 |                 return [01;35m[Kthis->state == rhs.state[m[K;
[3.180s]       |                        [01;35m[K~~~~~~~~~~~~^~~~~~~~~~~~[m[K
[3.181s] [01m[K/home/umarv/ws/src/navigation2_tutorials/nav2_straightline_planner/src/rpastar.cpp:49:22:[m[K [01;31m[Kerror: [m[Kâ€˜[01m[Kh_score[m[Kâ€™ was not declared in this scope
[3.181s]    49 |     return g_score + [01;31m[Kh_score[m[K;
[3.181s]       |                      [01;31m[K^~~~~~~[m[K
[3.181s] [01m[K/home/umarv/ws/src/navigation2_tutorials/nav2_straightline_planner/src/rpastar.cpp:[m[K At global scope:
[3.181s] [01m[K/home/umarv/ws/src/navigation2_tutorials/nav2_straightline_planner/src/rpastar.cpp:52:6:[m[K [01;31m[Kerror: [m[Kâ€˜[01m[Krpastar[m[Kâ€™ has not been declared
[3.181s]    52 | bool [01;31m[Krpastar[m[K::Node::at_target(std::pair<int,int> &target_state)
[3.181s]       |      [01;31m[K^~~~~~~[m[K
[3.185s] [01m[K/home/umarv/ws/src/navigation2_tutorials/nav2_straightline_planner/src/rpastar.cpp:[m[K In function â€˜[01m[Kbool at_target(std::pair<int, int>&)[m[Kâ€™:
[3.185s] [01m[K/home/umarv/ws/src/navigation2_tutorials/nav2_straightline_planner/src/rpastar.cpp:54:13:[m[K [01;31m[Kerror: [m[Kâ€˜[01m[Kstate[m[Kâ€™ was not declared in this scope; did you mean â€˜[01m[K_xstate[m[Kâ€™?
[3.185s]    54 |     return ([01;31m[Kstate[m[K.first == target_state.first && state.second == target_state.second);
[3.185s]       |             [01;31m[K^~~~~[m[K
[3.185s]       |             [32m[K_xstate[m[K
[3.186s] [01m[K/home/umarv/ws/src/navigation2_tutorials/nav2_straightline_planner/src/rpastar.cpp:[m[K At global scope:
[3.186s] [01m[K/home/umarv/ws/src/navigation2_tutorials/nav2_straightline_planner/src/rpastar.cpp:58:1:[m[K [01;31m[Kerror: [m[Kâ€˜[01m[Krpastar[m[Kâ€™ does not name a type
[3.186s]    58 | [01;31m[Krpastar[m[K::rpastar(std::pair<int,int> start_state_in, std::pair<int,int> target_state_in, nav2_costmap_2d::Costmap2D * msg) : start_state(start_state_in), target_state(target_state_in)
[3.186s]       | [01;31m[K^~~~~~~[m[K
[3.186s] [01m[K/home/umarv/ws/src/navigation2_tutorials/nav2_straightline_planner/src/rpastar.cpp:72:6:[m[K [01;31m[Kerror: [m[Kâ€˜[01m[Krpastar[m[Kâ€™ has not been declared
[3.186s]    72 | void [01;31m[Krpastar[m[K::find_target()
[3.186s]       |      [01;31m[K^~~~~~~[m[K
[3.186s] [01m[K/home/umarv/ws/src/navigation2_tutorials/nav2_straightline_planner/src/rpastar.cpp:77:6:[m[K [01;31m[Kerror: [m[Kâ€˜[01m[Krpastar[m[Kâ€™ has not been declared
[3.187s]    77 | bool [01;31m[Krpastar[m[K::goal_found()
[3.187s]       |      [01;31m[K^~~~~~~[m[K
[3.190s] [01m[K/home/umarv/ws/src/navigation2_tutorials/nav2_straightline_planner/src/rpastar.cpp:[m[K In function â€˜[01m[Kbool goal_found()[m[Kâ€™:
[3.190s] [01m[K/home/umarv/ws/src/navigation2_tutorials/nav2_straightline_planner/src/rpastar.cpp:79:12:[m[K [01;31m[Kerror: [m[Kâ€˜[01m[Kpath_found[m[Kâ€™ was not declared in this scope; did you mean â€˜[01m[Kpathconf[m[Kâ€™?
[3.190s]    79 |     return [01;31m[Kpath_found[m[K;
[3.190s]       |            [01;31m[K^~~~~~~~~~[m[K
[3.190s]       |            [32m[Kpathconf[m[K
[3.190s] [01m[K/home/umarv/ws/src/navigation2_tutorials/nav2_straightline_planner/src/rpastar.cpp:[m[K At global scope:
[3.190s] [01m[K/home/umarv/ws/src/navigation2_tutorials/nav2_straightline_planner/src/rpastar.cpp:83:6:[m[K [01;31m[Kerror: [m[Kâ€˜[01m[Krpastar[m[Kâ€™ has not been declared
[3.190s]    83 | void [01;31m[Krpastar[m[K::search()
[3.190s]       |      [01;31m[K^~~~~~~[m[K
[3.193s] [01m[K/home/umarv/ws/src/navigation2_tutorials/nav2_straightline_planner/src/rpastar.cpp:[m[K In function â€˜[01m[Kvoid search()[m[Kâ€™:
[3.193s] [01m[K/home/umarv/ws/src/navigation2_tutorials/nav2_straightline_planner/src/rpastar.cpp:85:5:[m[K [01;31m[Kerror: [m[Kâ€˜[01m[Kpath_found[m[Kâ€™ was not declared in this scope; did you mean â€˜[01m[Kpathconf[m[Kâ€™?
[3.194s]    85 |     [01;31m[Kpath_found[m[K = false;
[3.194s]       |     [01;31m[K^~~~~~~~~~[m[K
[3.194s]       |     [32m[Kpathconf[m[K
[3.196s] [01m[K/home/umarv/ws/src/navigation2_tutorials/nav2_straightline_planner/src/rpastar.cpp:86:13:[m[K [01;31m[Kerror: [m[Kâ€˜[01m[KU[m[Kâ€™ was not declared in this scope
[3.196s]    86 |     while (![01;31m[KU[m[K.empty())
[3.196s]       |             [01;31m[K^[m[K
[3.197s] [01m[K/home/umarv/ws/src/navigation2_tutorials/nav2_straightline_planner/src/rpastar.cpp:88:9:[m[K [01;31m[Kerror: [m[Kâ€˜[01m[KNode[m[Kâ€™ was not declared in this scope; did you mean â€˜[01m[Krclcpp::Node[m[Kâ€™?
[3.197s]    88 |         [01;31m[KNode[m[K current_node = U.top();
[3.197s]       |         [01;31m[K^~~~[m[K
[3.197s]       |         [32m[Krclcpp::Node[m[K
[3.197s] In file included from [01m[K/opt/ros/humble/include/rclcpp/rclcpp/executors/single_threaded_executor.hpp:28[m[K,
[3.197s]                  from [01m[K/opt/ros/humble/include/rclcpp/rclcpp/executors.hpp:22[m[K,
[3.197s]                  from [01m[K/opt/ros/humble/include/rclcpp/rclcpp/rclcpp.hpp:155[m[K,
[3.197s]                  from [01m[K/opt/ros/humble/include/nav2_util/node_thread.hpp:20[m[K,
[3.197s]                  from [01m[K/opt/ros/humble/include/nav2_util/lifecycle_node.hpp:22[m[K,
[3.197s]                  from [01m[K/opt/ros/humble/include/nav2_costmap_2d/costmap_2d_publisher.hpp:53[m[K,
[3.197s]                  from [01m[K/opt/ros/humble/include/nav2_costmap_2d/costmap_2d_ros.hpp:48[m[K,
[3.197s]                  from [01m[K/home/umarv/ws/src/navigation2_tutorials/nav2_straightline_planner/include/nav2_straightline_planner/rpastar.h:9[m[K,
[3.197s]                  from [01m[K/home/umarv/ws/src/navigation2_tutorials/nav2_straightline_planner/src/rpastar.cpp:3[m[K:
[3.198s] [01m[K/opt/ros/humble/include/rclcpp/rclcpp/node.hpp:77:7:[m[K [01;36m[Knote: [m[Kâ€˜[01m[Krclcpp::Node[m[Kâ€™ declared here
[3.198s]    77 | class [01;36m[KNode[m[K : public std::enable_shared_from_this<Node>
[3.198s]       |       [01;36m[K^~~~[m[K
[3.200s] [01m[K/home/umarv/ws/src/navigation2_tutorials/nav2_straightline_planner/src/rpastar.cpp:91:9:[m[K [01;31m[Kerror: [m[Kâ€˜[01m[Kopen_set[m[Kâ€™ was not declared in this scope
[3.200s]    91 |         [01;31m[Kopen_set[m[K.erase(current_node.get_state());
[3.200s]       |         [01;31m[K^~~~~~~~[m[K
[3.204s] [01m[K/home/umarv/ws/src/navigation2_tutorials/nav2_straightline_planner/src/rpastar.cpp:91:24:[m[K [01;31m[Kerror: [m[Kâ€˜[01m[Kcurrent_node[m[Kâ€™ was not declared in this scope
[3.204s]    91 |         open_set.erase([01;31m[Kcurrent_node[m[K.get_state());
[3.204s]       |                        [01;31m[K^~~~~~~~~~~~[m[K
[3.207s] [01m[K/home/umarv/ws/src/navigation2_tutorials/nav2_straightline_planner/src/rpastar.cpp:92:36:[m[K [01;31m[Kerror: [m[Kâ€˜[01m[Ktarget_state[m[Kâ€™ was not declared in this scope; did you mean â€˜[01m[Kget_state[m[Kâ€™?
[3.207s]    92 |         if (current_node.at_target([01;31m[Ktarget_state[m[K))
[3.207s]       |                                    [01;31m[K^~~~~~~~~~~~[m[K
[3.207s]       |                                    [32m[Kget_state[m[K
[3.211s] [01m[K/home/umarv/ws/src/navigation2_tutorials/nav2_straightline_planner/src/rpastar.cpp:99:15:[m[K [01;31m[Kerror: [m[Kâ€˜[01m[Kparent_ptr[m[Kâ€™ was not declared in this scope
[3.211s]    99 |         Node *[01;31m[Kparent_ptr[m[K = &graph[i][j];
[3.212s]       |               [01;31m[K^~~~~~~~~~[m[K
[3.215s] [01m[K/home/umarv/ws/src/navigation2_tutorials/nav2_straightline_planner/src/rpastar.cpp:99:29:[m[K [01;31m[Kerror: [m[Kâ€˜[01m[Kgraph[m[Kâ€™ was not declared in this scope; did you mean â€˜[01m[Kisgraph[m[Kâ€™?
[3.215s]    99 |         Node *parent_ptr = &[01;31m[Kgraph[m[K[i][j];
[3.215s]       |                             [01;31m[K^~~~~[m[K
[3.215s]       |                             [32m[Kisgraph[m[K
[3.219s] [01m[K/home/umarv/ws/src/navigation2_tutorials/nav2_straightline_planner/src/rpastar.cpp:100:9:[m[K [01;31m[Kerror: [m[Kâ€˜[01m[KprocessNode[m[Kâ€™ was not declared in this scope
[3.219s]   100 |         [01;31m[KprocessNode[m[K(i-1, j, parent_ptr); // north
[3.219s]       |         [01;31m[K^~~~~~~~~~~[m[K
[3.223s] [01m[K/home/umarv/ws/src/navigation2_tutorials/nav2_straightline_planner/src/rpastar.cpp:108:9:[m[K [01;31m[Kerror: [m[Kâ€˜[01m[Kclosed_set[m[Kâ€™ was not declared in this scope
[3.223s]   108 |         [01;31m[Kclosed_set[m[K[current_node.get_state()] = current_node.get_f_score();
[3.223s]       |         [01;31m[K^~~~~~~~~~[m[K
[3.223s] [01m[K/home/umarv/ws/src/navigation2_tutorials/nav2_straightline_planner/src/rpastar.cpp:[m[K At global scope:
[3.223s] [01m[K/home/umarv/ws/src/navigation2_tutorials/nav2_straightline_planner/src/rpastar.cpp:113:6:[m[K [01;31m[Kerror: [m[Kâ€˜[01m[Krpastar[m[Kâ€™ has not been declared
[3.223s]   113 | void [01;31m[Krpastar[m[K::processNode(int row, int col, Node *parent)
[3.224s]       |      [01;31m[K^~~~~~~[m[K
[3.224s] [01m[K/home/umarv/ws/src/navigation2_tutorials/nav2_straightline_planner/src/rpastar.cpp:113:45:[m[K [01;31m[Kerror: [m[Kâ€˜[01m[KNode[m[Kâ€™ has not been declared
[3.224s]   113 | void rpastar::processNode(int row, int col, [01;31m[KNode[m[K *parent)
[3.224s]       |                                             [01;31m[K^~~~[m[K
[3.227s] [01m[K/home/umarv/ws/src/navigation2_tutorials/nav2_straightline_planner/src/rpastar.cpp:[m[K In function â€˜[01m[Kvoid processNode(int, int, int*)[m[Kâ€™:
[3.227s] [01m[K/home/umarv/ws/src/navigation2_tutorials/nav2_straightline_planner/src/rpastar.cpp:115:27:[m[K [01;31m[Kerror: [m[Kâ€˜[01m[Kcost_map[m[Kâ€™ was not declared in this scope
[3.227s]   115 |     if (row < 0 || row >= [01;31m[Kcost_map[m[K.size() || col < 0 || col >= cost_map[0].size())
[3.227s]       |                           [01;31m[K^~~~~~~~[m[K
[3.231s] [01m[K/home/umarv/ws/src/navigation2_tutorials/nav2_straightline_planner/src/rpastar.cpp:119:9:[m[K [01;31m[Kerror: [m[Kâ€˜[01m[Kcost_map[m[Kâ€™ was not declared in this scope
[3.231s]   119 |     if ([01;31m[Kcost_map[m[K[row][col] > 128 && cost_map[row][col] < 254)
[3.231s]       |         [01;31m[K^~~~~~~~[m[K
[3.231s] [01m[K/home/umarv/ws/src/navigation2_tutorials/nav2_straightline_planner/src/rpastar.cpp:123:5:[m[K [01;31m[Kerror: [m[Kâ€˜[01m[KNode[m[Kâ€™ was not declared in this scope; did you mean â€˜[01m[Krclcpp::Node[m[Kâ€™?
[3.231s]   123 |     [01;31m[KNode[m[K new_node = Node(row,col,parent);
[3.231s]       |     [01;31m[K^~~~[m[K
[3.231s]       |     [32m[Krclcpp::Node[m[K
[3.232s] In file included from [01m[K/opt/ros/humble/include/rclcpp/rclcpp/executors/single_threaded_executor.hpp:28[m[K,
[3.232s]                  from [01m[K/opt/ros/humble/include/rclcpp/rclcpp/executors.hpp:22[m[K,
[3.232s]                  from [01m[K/opt/ros/humble/include/rclcpp/rclcpp/rclcpp.hpp:155[m[K,
[3.232s]                  from [01m[K/opt/ros/humble/include/nav2_util/node_thread.hpp:20[m[K,
[3.232s]                  from [01m[K/opt/ros/humble/include/nav2_util/lifecycle_node.hpp:22[m[K,
[3.232s]                  from [01m[K/opt/ros/humble/include/nav2_costmap_2d/costmap_2d_publisher.hpp:53[m[K,
[3.232s]                  from [01m[K/opt/ros/humble/include/nav2_costmap_2d/costmap_2d_ros.hpp:48[m[K,
[3.232s]                  from [01m[K/home/umarv/ws/src/navigation2_tutorials/nav2_straightline_planner/include/nav2_straightline_planner/rpastar.h:9[m[K,
[3.232s]                  from [01m[K/home/umarv/ws/src/navigation2_tutorials/nav2_straightline_planner/src/rpastar.cpp:3[m[K:
[3.232s] [01m[K/opt/ros/humble/include/rclcpp/rclcpp/node.hpp:77:7:[m[K [01;36m[Knote: [m[Kâ€˜[01m[Krclcpp::Node[m[Kâ€™ declared here
[3.232s]    77 | class [01;36m[KNode[m[K : public std::enable_shared_from_this<Node>
[3.232s]       |       [01;36m[K^~~~[m[K
[3.235s] [01m[K/home/umarv/ws/src/navigation2_tutorials/nav2_straightline_planner/src/rpastar.cpp:124:5:[m[K [01;31m[Kerror: [m[Kâ€˜[01m[Knew_node[m[Kâ€™ was not declared in this scope; did you mean â€˜[01m[Krmw_node_t[m[Kâ€™?
[3.235s]   124 |     [01;31m[Knew_node[m[K.set_h(target_state);
[3.235s]       |     [01;31m[K^~~~~~~~[m[K
[3.235s]       |     [32m[Krmw_node_t[m[K
[3.238s] [01m[K/home/umarv/ws/src/navigation2_tutorials/nav2_straightline_planner/src/rpastar.cpp:124:20:[m[K [01;31m[Kerror: [m[Kâ€˜[01m[Ktarget_state[m[Kâ€™ was not declared in this scope; did you mean â€˜[01m[Kget_state[m[Kâ€™?
[3.239s]   124 |     new_node.set_h([01;31m[Ktarget_state[m[K);
[3.239s]       |                    [01;31m[K^~~~~~~~~~~~[m[K
[3.239s]       |                    [32m[Kget_state[m[K
[3.242s] [01m[K/home/umarv/ws/src/navigation2_tutorials/nav2_straightline_planner/src/rpastar.cpp:125:20:[m[K [01;31m[Kerror: [m[Kâ€˜[01m[Kopen_set[m[Kâ€™ was not declared in this scope; did you mean â€˜[01m[Kopen_it[m[Kâ€™?
[3.242s]   125 |     auto open_it = [01;31m[Kopen_set[m[K.find(new_node.get_state());
[3.242s]       |                    [01;31m[K^~~~~~~~[m[K
[3.242s]       |                    [32m[Kopen_it[m[K
[3.245s] [01m[K/home/umarv/ws/src/navigation2_tutorials/nav2_straightline_planner/src/rpastar.cpp:132:22:[m[K [01;31m[Kerror: [m[Kâ€˜[01m[Kclosed_set[m[Kâ€™ was not declared in this scope; did you mean â€˜[01m[Kclosed_it[m[Kâ€™?
[3.245s]   132 |     auto closed_it = [01;31m[Kclosed_set[m[K.find(new_node.get_state());
[3.245s]       |                      [01;31m[K^~~~~~~~~~[m[K
[3.245s]       |                      [32m[Kclosed_it[m[K
[3.248s] [01m[K/home/umarv/ws/src/navigation2_tutorials/nav2_straightline_planner/src/rpastar.cpp:139:5:[m[K [01;31m[Kerror: [m[Kâ€˜[01m[KU[m[Kâ€™ was not declared in this scope
[3.248s]   139 |     [01;31m[KU[m[K.push(new_node);
[3.248s]       |     [01;31m[K^[m[K
[3.251s] [01m[K/home/umarv/ws/src/navigation2_tutorials/nav2_straightline_planner/src/rpastar.cpp:140:5:[m[K [01;31m[Kerror: [m[Kâ€˜[01m[Kgraph[m[Kâ€™ was not declared in this scope; did you mean â€˜[01m[Kisgraph[m[Kâ€™?
[3.251s]   140 |     [01;31m[Kgraph[m[K[row][col] = new_node;
[3.251s]       |     [01;31m[K^~~~~[m[K
[3.251s]       |     [32m[Kisgraph[m[K
[3.251s] [01m[K/home/umarv/ws/src/navigation2_tutorials/nav2_straightline_planner/src/rpastar.cpp:[m[K At global scope:
[3.251s] [01m[K/home/umarv/ws/src/navigation2_tutorials/nav2_straightline_planner/src/rpastar.cpp:146:6:[m[K [01;31m[Kerror: [m[Kâ€˜[01m[Krpastar[m[Kâ€™ has not been declared
[3.251s]   146 | void [01;31m[Krpastar[m[K::costMapCallback(nav2_costmap_2d::Costmap2D* msg)
[3.251s]       |      [01;31m[K^~~~~~~[m[K
[3.255s] [01m[K/home/umarv/ws/src/navigation2_tutorials/nav2_straightline_planner/src/rpastar.cpp:[m[K In function â€˜[01m[Kvoid costMapCallback(nav2_costmap_2d::Costmap2D*)[m[Kâ€™:
[3.255s] [01m[K/home/umarv/ws/src/navigation2_tutorials/nav2_straightline_planner/src/rpastar.cpp:153:5:[m[K [01;31m[Kerror: [m[Kâ€˜[01m[Kcost_map[m[Kâ€™ was not declared in this scope
[3.255s]   153 |     [01;31m[Kcost_map[m[K = std::vector<std::vector<int>>(costmap_height, std::vector<int>(costmap_width, 0));
[3.255s]       |     [01;31m[K^~~~~~~~[m[K
[3.260s] [01m[K/home/umarv/ws/src/navigation2_tutorials/nav2_straightline_planner/src/rpastar.cpp:154:5:[m[K [01;31m[Kerror: [m[Kâ€˜[01m[Kgraph[m[Kâ€™ was not declared in this scope; did you mean â€˜[01m[Kisgraph[m[Kâ€™?
[3.260s]   154 |     [01;31m[Kgraph[m[K = std::vector<std::vector<rpastar::Node>>(costmap_height, std::vector<rpastar::Node>(costmap_width, rpastar::Node()));
[3.260s]       |     [01;31m[K^~~~~[m[K
[3.260s]       |     [32m[Kisgraph[m[K
[3.261s] [01m[K/home/umarv/ws/src/navigation2_tutorials/nav2_straightline_planner/src/rpastar.cpp:154:37:[m[K [01;31m[Kerror: [m[Kâ€˜[01m[Krpastar[m[Kâ€™ was not declared in this scope; did you mean â€˜[01m[Knav2_straightline_planner::rpastar[m[Kâ€™?
[3.261s]   154 |     graph = std::vector<std::vector<[01;31m[Krpastar[m[K::Node>>(costmap_height, std::vector<rpastar::Node>(costmap_width, rpastar::Node()));
[3.261s]       |                                     [01;31m[K^~~~~~~[m[K
[3.261s]       |                                     [32m[Knav2_straightline_planner::rpastar[m[K
[3.261s] In file included from [01m[K/home/umarv/ws/src/navigation2_tutorials/nav2_straightline_planner/src/rpastar.cpp:3[m[K:
[3.261s] [01m[K/home/umarv/ws/src/navigation2_tutorials/nav2_straightline_planner/include/nav2_straightline_planner/rpastar.h:14:7:[m[K [01;36m[Knote: [m[Kâ€˜[01m[Knav2_straightline_planner::rpastar[m[Kâ€™ declared here
[3.261s]    14 | class [01;36m[Krpastar[m[K
[3.261s]       |       [01;36m[K^~~~~~~[m[K
[3.261s] [01m[K/home/umarv/ws/src/navigation2_tutorials/nav2_straightline_planner/src/rpastar.cpp:154:50:[m[K [01;31m[Kerror: [m[Ktemplate argument 1 is invalid
[3.261s]   154 |     graph = std::vector<std::vector<rpastar::Node[01;31m[K>>[m[K(costmap_height, std::vector<rpastar::Node>(costmap_width, rpastar::Node()));
[3.261s]       |                                                  [01;31m[K^~[m[K
[3.262s] [01m[K/home/umarv/ws/src/navigation2_tutorials/nav2_straightline_planner/src/rpastar.cpp:154:50:[m[K [01;31m[Kerror: [m[Ktemplate argument 2 is invalid
[3.262s] [01m[K/home/umarv/ws/src/navigation2_tutorials/nav2_straightline_planner/src/rpastar.cpp:154:94:[m[K [01;31m[Kerror: [m[Ktemplate argument 2 is invalid
[3.262s]   154 |     graph = std::vector<std::vector<rpastar::Node>>(costmap_height, std::vector<rpastar::Node[01;31m[K>[m[K(costmap_width, rpastar::Node()));
[3.262s]       |                                                                                              [01;31m[K^[m[K
[3.262s] [01m[K/home/umarv/ws/src/navigation2_tutorials/nav2_straightline_planner/src/rpastar.cpp:154:127:[m[K [01;31m[Kerror: [m[Ktemplate argument 1 is invalid
[3.262s]   154 |     graph = std::vector<std::vector<rpastar::Node>>(costmap_height, std::vector<rpastar::Node>(costmap_width, rpastar::Node())[01;31m[K)[m[K;
[3.262s]       |                                                                                                                               [01;31m[K^[m[K
[3.262s] [01m[K/home/umarv/ws/src/navigation2_tutorials/nav2_straightline_planner/src/rpastar.cpp:154:127:[m[K [01;31m[Kerror: [m[Ktemplate argument 2 is invalid
[3.265s] [01m[K/home/umarv/ws/src/navigation2_tutorials/nav2_straightline_planner/src/rpastar.cpp:177:11:[m[K [01;31m[Kerror: [m[Kâ€˜[01m[Kstart_state[m[Kâ€™ was not declared in this scope; did you mean â€˜[01m[Kset_state[m[Kâ€™?
[3.265s]   177 |     graph[[01;31m[Kstart_state[m[K.first][start_state.second].set_g(0);
[3.265s]       |           [01;31m[K^~~~~~~~~~~[m[K
[3.265s]       |           [32m[Kset_state[m[K
[3.268s] [01m[K/home/umarv/ws/src/navigation2_tutorials/nav2_straightline_planner/src/rpastar.cpp:178:56:[m[K [01;31m[Kerror: [m[Kâ€˜[01m[Ktarget_state[m[Kâ€™ was not declared in this scope; did you mean â€˜[01m[Kget_state[m[Kâ€™?
[3.268s]   178 |     graph[start_state.first][start_state.second].set_h([01;31m[Ktarget_state[m[K);
[3.269s]       |                                                        [01;31m[K^~~~~~~~~~~~[m[K
[3.269s]       |                                                        [32m[Kget_state[m[K
[3.271s] [01m[K/home/umarv/ws/src/navigation2_tutorials/nav2_straightline_planner/src/rpastar.cpp:182:5:[m[K [01;31m[Kerror: [m[Kâ€˜[01m[KU[m[Kâ€™ was not declared in this scope
[3.272s]   182 |     [01;31m[KU[m[K = std::priority_queue<rpastar::Node, std::vector<rpastar::Node>, customGreater>();
[3.272s]       |     [01;31m[K^[m[K
[3.272s] [01m[K/home/umarv/ws/src/navigation2_tutorials/nav2_straightline_planner/src/rpastar.cpp:182:85:[m[K [01;31m[Kerror: [m[Ktemplate argument 2 is invalid
[3.272s]   182 |     U = std::priority_queue<rpastar::Node, std::vector<rpastar::Node>, customGreater[01;31m[K>[m[K();
[3.272s]       |                                                                                     [01;31m[K^[m[K
[3.272s] [01m[K/home/umarv/ws/src/navigation2_tutorials/nav2_straightline_planner/src/rpastar.cpp:182:85:[m[K [01;31m[Kerror: [m[Ktemplate argument 3 is invalid
[3.275s] [01m[K/home/umarv/ws/src/navigation2_tutorials/nav2_straightline_planner/src/rpastar.cpp:184:5:[m[K [01;31m[Kerror: [m[Kâ€˜[01m[Kopen_set[m[Kâ€™ was not declared in this scope
[3.275s]   184 |     [01;31m[Kopen_set[m[K[start_state] = U.top().get_f_score();
[3.275s]       |     [01;31m[K^~~~~~~~[m[K
[3.275s] [01m[K/home/umarv/ws/src/navigation2_tutorials/nav2_straightline_planner/src/rpastar.cpp:[m[K At global scope:
[3.276s] [01m[K/home/umarv/ws/src/navigation2_tutorials/nav2_straightline_planner/src/rpastar.cpp:194:33:[m[K [01;31m[Kerror: [m[Kâ€˜[01m[Krpastar[m[Kâ€™ has not been declared
[3.276s]   194 | std::vector<std::pair<int,int>> [01;31m[Krpastar[m[K::backtracker()
[3.276s]       |                                 [01;31m[K^~~~~~~[m[K
[3.276s] [01m[K/home/umarv/ws/src/navigation2_tutorials/nav2_straightline_planner/src/rpastar.cpp:[m[K In function â€˜[01m[Kstd::vector<std::pair<int, int> > backtracker()[m[Kâ€™:
[3.276s] [01m[K/home/umarv/ws/src/navigation2_tutorials/nav2_straightline_planner/src/rpastar.cpp:196:5:[m[K [01;31m[Kerror: [m[Kâ€˜[01m[KNode[m[Kâ€™ was not declared in this scope; did you mean â€˜[01m[Krclcpp::Node[m[Kâ€™?
[3.276s]   196 |     [01;31m[KNode[m[K *curr_node = &graph[target_state.first][target_state.second];
[3.276s]       |     [01;31m[K^~~~[m[K
[3.277s]       |     [32m[Krclcpp::Node[m[K
[3.277s] In file included from [01m[K/opt/ros/humble/include/rclcpp/rclcpp/executors/single_threaded_executor.hpp:28[m[K,
[3.277s]                  from [01m[K/opt/ros/humble/include/rclcpp/rclcpp/executors.hpp:22[m[K,
[3.277s]                  from [01m[K/opt/ros/humble/include/rclcpp/rclcpp/rclcpp.hpp:155[m[K,
[3.277s]                  from [01m[K/opt/ros/humble/include/nav2_util/node_thread.hpp:20[m[K,
[3.277s]                  from [01m[K/opt/ros/humble/include/nav2_util/lifecycle_node.hpp:22[m[K,
[3.277s]                  from [01m[K/opt/ros/humble/include/nav2_costmap_2d/costmap_2d_publisher.hpp:53[m[K,
[3.277s]                  from [01m[K/opt/ros/humble/include/nav2_costmap_2d/costmap_2d_ros.hpp:48[m[K,
[3.277s]                  from [01m[K/home/umarv/ws/src/navigation2_tutorials/nav2_straightline_planner/include/nav2_straightline_planner/rpastar.h:9[m[K,
[3.278s]                  from [01m[K/home/umarv/ws/src/navigation2_tutorials/nav2_straightline_planner/src/rpastar.cpp:3[m[K:
[3.278s] [01m[K/opt/ros/humble/include/rclcpp/rclcpp/node.hpp:77:7:[m[K [01;36m[Knote: [m[Kâ€˜[01m[Krclcpp::Node[m[Kâ€™ declared here
[3.278s]    77 | class [01;36m[KNode[m[K : public std::enable_shared_from_this<Node>
[3.278s]       |       [01;36m[K^~~~[m[K
[3.280s] [01m[K/home/umarv/ws/src/navigation2_tutorials/nav2_straightline_planner/src/rpastar.cpp:196:11:[m[K [01;31m[Kerror: [m[Kâ€˜[01m[Kcurr_node[m[Kâ€™ was not declared in this scope
[3.280s]   196 |     Node *[01;31m[Kcurr_node[m[K = &graph[target_state.first][target_state.second];
[3.280s]       |           [01;31m[K^~~~~~~~~[m[K
[3.284s] [01m[K/home/umarv/ws/src/navigation2_tutorials/nav2_straightline_planner/src/rpastar.cpp:196:24:[m[K [01;31m[Kerror: [m[Kâ€˜[01m[Kgraph[m[Kâ€™ was not declared in this scope; did you mean â€˜[01m[Kisgraph[m[Kâ€™?
[3.284s]   196 |     Node *curr_node = &[01;31m[Kgraph[m[K[target_state.first][target_state.second];
[3.284s]       |                        [01;31m[K^~~~~[m[K
[3.284s]       |                        [32m[Kisgraph[m[K
[3.288s] [01m[K/home/umarv/ws/src/navigation2_tutorials/nav2_straightline_planner/src/rpastar.cpp:196:30:[m[K [01;31m[Kerror: [m[Kâ€˜[01m[Ktarget_state[m[Kâ€™ was not declared in this scope; did you mean â€˜[01m[Kget_state[m[Kâ€™?
[3.288s]   196 |     Node *curr_node = &graph[[01;31m[Ktarget_state[m[K.first][target_state.second];
[3.288s]       |                              [01;31m[K^~~~~~~~~~~~[m[K
[3.288s]       |                              [32m[Kget_state[m[K
[3.289s] [01m[K/home/umarv/ws/src/navigation2_tutorials/nav2_straightline_planner/src/rpastar.cpp:199:9:[m[K [01;31m[Kerror: [m[Kâ€˜[01m[Kpath[m[Kâ€™ was not declared in this scope; did you mean â€˜[01m[Krcpputils::fs::path[m[Kâ€™?
[3.289s]   199 |         [01;31m[Kpath[m[K.push_back(curr_node->get_state());
[3.289s]       |         [01;31m[K^~~~[m[K
[3.289s]       |         [32m[Krcpputils::fs::path[m[K
[3.289s] In file included from [01m[K/opt/ros/humble/include/rclcpp/rclcpp/logger.hpp:25[m[K,
[3.289s]                  from [01m[K/opt/ros/humble/include/rclcpp/rclcpp/logging.hpp:23[m[K,
[3.290s]                  from [01m[K/opt/ros/humble/include/rclcpp/rclcpp/client.hpp:40[m[K,
[3.290s]                  from [01m[K/opt/ros/humble/include/rclcpp/rclcpp/callback_group.hpp:24[m[K,
[3.290s]                  from [01m[K/opt/ros/humble/include/rclcpp_lifecycle/rclcpp_lifecycle/lifecycle_node.hpp:55[m[K,
[3.290s]                  from [01m[K/opt/ros/humble/include/nav2_costmap_2d/costmap_2d_publisher.hpp:46[m[K,
[3.290s]                  from [01m[K/opt/ros/humble/include/nav2_costmap_2d/costmap_2d_ros.hpp:48[m[K,
[3.290s]                  from [01m[K/home/umarv/ws/src/navigation2_tutorials/nav2_straightline_planner/include/nav2_straightline_planner/rpastar.h:9[m[K,
[3.290s]                  from [01m[K/home/umarv/ws/src/navigation2_tutorials/nav2_straightline_planner/src/rpastar.cpp:3[m[K:
[3.290s] [01m[K/opt/ros/humble/include/rcpputils/rcpputils/filesystem_helper.hpp:74:7:[m[K [01;36m[Knote: [m[Kâ€˜[01m[Krcpputils::fs::path[m[Kâ€™ declared here
[3.290s]    74 | class [01;36m[Kpath[m[K
[3.290s]       |       [01;36m[K^~~~[m[K
[3.290s] [01m[K/home/umarv/ws/src/navigation2_tutorials/nav2_straightline_planner/src/rpastar.cpp:203:18:[m[K [01;31m[Kerror: [m[Kâ€˜[01m[Kpath[m[Kâ€™ was not declared in this scope; did you mean â€˜[01m[Krcpputils::fs::path[m[Kâ€™?
[3.291s]   203 |     std::reverse([01;31m[Kpath[m[K.begin(), path.end());
[3.291s]       |                  [01;31m[K^~~~[m[K
[3.291s]       |                  [32m[Krcpputils::fs::path[m[K
[3.291s] In file included from [01m[K/opt/ros/humble/include/rclcpp/rclcpp/logger.hpp:25[m[K,
[3.291s]                  from [01m[K/opt/ros/humble/include/rclcpp/rclcpp/logging.hpp:23[m[K,
[3.291s]                  from [01m[K/opt/ros/humble/include/rclcpp/rclcpp/client.hpp:40[m[K,
[3.291s]                  from [01m[K/opt/ros/humble/include/rclcpp/rclcpp/callback_group.hpp:24[m[K,
[3.291s]                  from [01m[K/opt/ros/humble/include/rclcpp_lifecycle/rclcpp_lifecycle/lifecycle_node.hpp:55[m[K,
[3.291s]                  from [01m[K/opt/ros/humble/include/nav2_costmap_2d/costmap_2d_publisher.hpp:46[m[K,
[3.291s]                  from [01m[K/opt/ros/humble/include/nav2_costmap_2d/costmap_2d_ros.hpp:48[m[K,
[3.291s]                  from [01m[K/home/umarv/ws/src/navigation2_tutorials/nav2_straightline_planner/include/nav2_straightline_planner/rpastar.h:9[m[K,
[3.291s]                  from [01m[K/home/umarv/ws/src/navigation2_tutorials/nav2_straightline_planner/src/rpastar.cpp:3[m[K:
[3.291s] [01m[K/opt/ros/humble/include/rcpputils/rcpputils/filesystem_helper.hpp:74:7:[m[K [01;36m[Knote: [m[Kâ€˜[01m[Krcpputils::fs::path[m[Kâ€™ declared here
[3.291s]    74 | class [01;36m[Kpath[m[K
[3.291s]       |       [01;36m[K^~~~[m[K
[4.775s] gmake[2]: *** [CMakeFiles/nav2_straightline_planner_plugin.dir/build.make:90: CMakeFiles/nav2_straightline_planner_plugin.dir/src/rpastar.cpp.o] Error 1
[4.775s] gmake[2]: *** Waiting for unfinished jobs....
[4.927s] gmake[1]: *** [CMakeFiles/Makefile2:137: CMakeFiles/nav2_straightline_planner_plugin.dir/all] Error 2
[4.927s] gmake: *** [Makefile:146: all] Error 2
[4.929s] Invoked command in '/home/umarv/ws/build/nav2_straightline_planner' returned '2': /usr/bin/cmake --build /home/umarv/ws/build/nav2_straightline_planner -- -j8 -l8
