[0.230s] Invoking command in '/home/umarv/ws/build/nav2_straightline_planner': /usr/bin/cmake --build /home/umarv/ws/build/nav2_straightline_planner -- -j8 -l8
[0.258s] [35m[1mConsolidate compiler generated dependencies of target nav2_straightline_planner_plugin[0m
[0.276s] [ 33%] [32mBuilding CXX object CMakeFiles/nav2_straightline_planner_plugin.dir/src/straight_line_planner.cpp.o[0m
[0.277s] [ 66%] [32mBuilding CXX object CMakeFiles/nav2_straightline_planner_plugin.dir/src/rpastar.cpp.o[0m
[3.264s] In file included from [01m[K/home/umarv/ws/src/navigation2_tutorials/nav2_straightline_planner/src/rpastar.cpp:3[m[K:
[3.264s] [01m[K/home/umarv/ws/src/navigation2_tutorials/nav2_straightline_planner/include/nav2_straightline_planner/rpastar.h:[m[K In member function â€˜[01m[Kconst bool& rpastar::Node::operator==(const rpastar::Node&)[m[Kâ€™:
[3.264s] [01m[K/home/umarv/ws/src/navigation2_tutorials/nav2_straightline_planner/include/nav2_straightline_planner/rpastar.h:42:36:[m[K [01;35m[Kwarning: [m[Kreturning reference to temporary [[01;35m[K-Wreturn-local-addr[m[K]
[3.264s]    42 |                 return [01;35m[Kthis->state == rhs.state[m[K;
[3.264s]       |                        [01;35m[K~~~~~~~~~~~~^~~~~~~~~~~~[m[K
[3.278s] In file included from [01m[K/opt/ros/humble/include/rclcpp/rclcpp/client.hpp:40[m[K,
[3.278s]                  from [01m[K/opt/ros/humble/include/rclcpp/rclcpp/callback_group.hpp:24[m[K,
[3.278s]                  from [01m[K/opt/ros/humble/include/rclcpp_lifecycle/rclcpp_lifecycle/lifecycle_node.hpp:55[m[K,
[3.278s]                  from [01m[K/opt/ros/humble/include/nav2_costmap_2d/costmap_2d_publisher.hpp:46[m[K,
[3.278s]                  from [01m[K/opt/ros/humble/include/nav2_costmap_2d/costmap_2d_ros.hpp:48[m[K,
[3.278s]                  from [01m[K/home/umarv/ws/src/navigation2_tutorials/nav2_straightline_planner/include/nav2_straightline_planner/rpastar.h:9[m[K,
[3.278s]                  from [01m[K/home/umarv/ws/src/navigation2_tutorials/nav2_straightline_planner/src/rpastar.cpp:3[m[K:
[3.278s] [01m[K/home/umarv/ws/src/navigation2_tutorials/nav2_straightline_planner/src/rpastar.cpp:[m[K In constructor â€˜[01m[Krpastar::rpastar(std::pair<int, int>, std::pair<int, int>, nav2_costmap_2d::Costmap2D*)[m[Kâ€™:
[3.278s] [01m[K/home/umarv/ws/src/navigation2_tutorials/nav2_straightline_planner/src/rpastar.cpp:64:6:[m[K [01;31m[Kerror: [m[Kâ€˜[01m[Knode_[m[Kâ€™ was not declared in this scope; did you mean â€˜[01m[Kmode_t[m[Kâ€™?
[3.278s]    64 |      [01;31m[Knode_[m[K->get_logger(), "ayo");
[3.279s]       |      [01;31m[K^~~~~[m[K
[3.279s] [01m[K/home/umarv/ws/src/navigation2_tutorials/nav2_straightline_planner/src/rpastar.cpp:63:5:[m[K [01;31m[Kerror: [m[Ktemplate argument 1 is invalid
[3.279s]    63 |     [01;31m[KRCLCPP_INFO[m[K(
[3.279s]       |     [01;31m[K^~~~~~~~~~~[m[K
[3.279s] [01m[K/home/umarv/ws/src/navigation2_tutorials/nav2_straightline_planner/src/rpastar.cpp:63:5:[m[K [01;31m[Kerror: [m[Kâ€˜[01m[K<declaration error>[m[Kâ€™ is not a template [[01;31m[K-fpermissive[m[K]
[3.279s]    63 |     [01;31m[KRCLCPP_INFO[m[K(
[3.279s]       |     [01;31m[K^~~~~~~~~~~[m[K
[3.279s] [01m[K/home/umarv/ws/src/navigation2_tutorials/nav2_straightline_planner/src/rpastar.cpp:63:5:[m[K [01;31m[Kerror: [m[Ktemplate argument 1 is invalid
[3.279s]    63 |     [01;31m[KRCLCPP_INFO[m[K(
[3.279s]       |     [01;31m[K^~~~~~~~~~~[m[K
[3.279s] [01m[K/home/umarv/ws/src/navigation2_tutorials/nav2_straightline_planner/src/rpastar.cpp:63:5:[m[K [01;31m[Kerror: [m[Kâ€˜[01m[K<declaration error>[m[Kâ€™ is not a template [[01;31m[K-fpermissive[m[K]
[3.279s]    63 |     [01;31m[KRCLCPP_INFO[m[K(
[3.279s]       |     [01;31m[K^~~~~~~~~~~[m[K
[3.279s] [01m[K/home/umarv/ws/src/navigation2_tutorials/nav2_straightline_planner/src/rpastar.cpp:63:5:[m[K [01;31m[Kerror: [m[Ktemplate argument 1 is invalid
[3.280s]    63 |     [01;31m[KRCLCPP_INFO[m[K(
[3.280s]       |     [01;31m[K^~~~~~~~~~~[m[K
[3.291s] In file included from [01m[K/home/umarv/ws/src/navigation2_tutorials/nav2_straightline_planner/src/straight_line_planner.cpp:49[m[K:
[3.291s] [01m[K/home/umarv/ws/src/navigation2_tutorials/nav2_straightline_planner/include/nav2_straightline_planner/rpastar.h:[m[K In member function â€˜[01m[Kconst bool& rpastar::Node::operator==(const rpastar::Node&)[m[Kâ€™:
[3.292s] [01m[K/home/umarv/ws/src/navigation2_tutorials/nav2_straightline_planner/include/nav2_straightline_planner/rpastar.h:42:36:[m[K [01;35m[Kwarning: [m[Kreturning reference to temporary [[01;35m[K-Wreturn-local-addr[m[K]
[3.292s]    42 |                 return [01;35m[Kthis->state == rhs.state[m[K;
[3.292s]       |                        [01;35m[K~~~~~~~~~~~~^~~~~~~~~~~~[m[K
[3.292s] [01m[K/home/umarv/ws/src/navigation2_tutorials/nav2_straightline_planner/src/straight_line_planner.cpp:[m[K At global scope:
[3.292s] [01m[K/home/umarv/ws/src/navigation2_tutorials/nav2_straightline_planner/src/straight_line_planner.cpp:58:61:[m[K [01;31m[Kerror: [m[Kdefinition of â€˜[01m[Kvoid StraightLine::configure(const WeakPtr&, std::string, std::shared_ptr<tf2_ros::Buffer>, std::shared_ptr<nav2_costmap_2d::Costmap2DROS>)[m[Kâ€™ is not in namespace enclosing â€˜[01m[KStraightLine[m[Kâ€™ [[01;31m[K-fpermissive[m[K]
[3.292s]    58 |   std::shared_ptr<nav2_costmap_2d::Costmap2DROS> costmap_ros[01;31m[K)[m[K
[3.292s]       |                                                             [01;31m[K^[m[K
[3.299s] [01m[K/home/umarv/ws/src/navigation2_tutorials/nav2_straightline_planner/src/straight_line_planner.cpp:75:28:[m[K [01;31m[Kerror: [m[Kdefinition of â€˜[01m[Kvoid StraightLine::cleanup()[m[Kâ€™ is not in namespace enclosing â€˜[01m[KStraightLine[m[Kâ€™ [[01;31m[K-fpermissive[m[K]
[3.299s]    75 | void StraightLine::cleanup([01;31m[K)[m[K
[3.299s]       |                            [01;31m[K^[m[K
[3.299s] [01m[K/home/umarv/ws/src/navigation2_tutorials/nav2_straightline_planner/src/straight_line_planner.cpp:82:29:[m[K [01;31m[Kerror: [m[Kdefinition of â€˜[01m[Kvoid StraightLine::activate()[m[Kâ€™ is not in namespace enclosing â€˜[01m[KStraightLine[m[Kâ€™ [[01;31m[K-fpermissive[m[K]
[3.300s]    82 | void StraightLine::activate([01;31m[K)[m[K
[3.300s]       |                             [01;31m[K^[m[K
[3.300s] [01m[K/home/umarv/ws/src/navigation2_tutorials/nav2_straightline_planner/src/straight_line_planner.cpp:89:31:[m[K [01;31m[Kerror: [m[Kdefinition of â€˜[01m[Kvoid StraightLine::deactivate()[m[Kâ€™ is not in namespace enclosing â€˜[01m[KStraightLine[m[Kâ€™ [[01;31m[K-fpermissive[m[K]
[3.300s]    89 | void StraightLine::deactivate([01;31m[K)[m[K
[3.300s]       |                               [01;31m[K^[m[K
[3.300s] [01m[K/home/umarv/ws/src/navigation2_tutorials/nav2_straightline_planner/src/straight_line_planner.cpp:98:47:[m[K [01;31m[Kerror: [m[Kdefinition of â€˜[01m[Knav_msgs::msg::Path StraightLine::createPlan(const PoseStamped&, const PoseStamped&)[m[Kâ€™ is not in namespace enclosing â€˜[01m[KStraightLine[m[Kâ€™ [[01;31m[K-fpermissive[m[K]
[3.300s]    98 |   const geometry_msgs::msg::PoseStamped & goal[01;31m[K)[m[K
[3.300s]       |                                               [01;31m[K^[m[K
[3.302s] [01m[K/home/umarv/ws/src/navigation2_tutorials/nav2_straightline_planner/src/straight_line_planner.cpp:129:170:[m[K [01;31m[Kerror: [m[Kdefinition of â€˜[01m[Kbool StraightLine::makePlan(const PoseStamped&, const PoseStamped&, std::vector<geometry_msgs::msg::PoseStamped_<std::allocator<void> >, std::allocator<geometry_msgs::msg::PoseStamped_<std::allocator<void> > > >&)[m[Kâ€™ is not in namespace enclosing â€˜[01m[KStraightLine[m[Kâ€™ [[01;31m[K-fpermissive[m[K]
[3.302s]   129 | amped& start, const geometry_msgs::msg::PoseStamped& goal, std::vector<geometry_msgs::msg::PoseStamped>& plan[01;31m[K)[m[K{
[3.303s]       |                                                                                                              [01;31m[K^[m[K
[3.303s] 
[3.308s] [01m[K/home/umarv/ws/src/navigation2_tutorials/nav2_straightline_planner/src/straight_line_planner.cpp:173:162:[m[K [01;31m[Kerror: [m[Kdefinition of â€˜[01m[Kvoid StraightLine::generate_path(const nav2_costmap_2d::Costmap2D*, std::vector<std::pair<int, int> >&, std::vector<geometry_msgs::msg::PoseStamped_<std::allocator<void> >, std::allocator<geometry_msgs::msg::PoseStamped_<std::allocator<void> > > >&)[m[Kâ€™ is not in namespace enclosing â€˜[01m[KStraightLine[m[Kâ€™ [[01;31m[K-fpermissive[m[K]
[3.308s]   173 | _2d::Costmap2D* map, std::vector<std::pair<int,int>> &path, std::vector<geometry_msgs::msg::PoseStamped>& plan[01;31m[K)[m[K
[3.308s]       |                                                                                                               [01;31m[K^[m[K
[3.308s] 
[3.308s] In file included from [01m[K/opt/ros/humble/include/class_loader/class_loader/class_loader.hpp:56[m[K,
[3.308s]                  from [01m[K/opt/ros/humble/include/class_loader/class_loader/multi_library_class_loader.hpp:52[m[K,
[3.308s]                  from [01m[K/opt/ros/humble/include/pluginlib/pluginlib/class_loader.hpp:38[m[K,
[3.309s]                  from [01m[K/opt/ros/humble/include/nav2_costmap_2d/costmap_2d_ros.hpp:54[m[K,
[3.309s]                  from [01m[K/opt/ros/humble/include/nav2_core/global_planner.hpp:21[m[K,
[3.309s]                  from [01m[K/home/umarv/ws/src/navigation2_tutorials/nav2_straightline_planner/include/nav2_straightline_planner/straight_line_planner.hpp:51[m[K,
[3.309s]                  from [01m[K/home/umarv/ws/src/navigation2_tutorials/nav2_straightline_planner/src/straight_line_planner.cpp:48[m[K:
[3.309s] [01m[K/home/umarv/ws/src/navigation2_tutorials/nav2_straightline_planner/src/straight_line_planner.cpp:199:51:[m[K [01;31m[Kerror: [m[Kâ€˜[01m[KStraightLine[m[Kâ€™ in namespace â€˜[01m[Knav2_straightline_planner[m[Kâ€™ does not name a type
[3.309s]   199 | PLUGINLIB_EXPORT_CLASS(nav2_straightline_planner::[01;31m[KStraightLine[m[K, nav2_core::GlobalPlanner)
[3.309s]       |                                                   [01;31m[K^~~~~~~~~~~~[m[K
[3.318s] [01m[K/home/umarv/ws/src/navigation2_tutorials/nav2_straightline_planner/src/straight_line_planner.cpp:[m[K In constructor â€˜[01m[K{anonymous}::ProxyExec0::ProxyExec0()[m[Kâ€™:
[3.318s] [01m[K/home/umarv/ws/src/navigation2_tutorials/nav2_straightline_planner/src/straight_line_planner.cpp:199:1:[m[K [01;31m[Kerror: [m[Kâ€˜[01m[K_derived[m[Kâ€™ was not declared in this scope
[3.318s]   199 | [01;31m[KPLUGINLIB_EXPORT_CLASS[m[K(nav2_straightline_planner::StraightLine, nav2_core::GlobalPlanner)
[3.318s]       | [01;31m[K^~~~~~~~~~~~~~~~~~~~~~[m[K
[3.318s] [01m[K/home/umarv/ws/src/navigation2_tutorials/nav2_straightline_planner/src/straight_line_planner.cpp:199:1:[m[K [01;31m[Kerror: [m[Kno matching function for call to â€˜[01m[KregisterPlugin<<expression error>, {anonymous}::ProxyExec0::_base>(const char [40], const char [25])[m[Kâ€™
[3.318s]   199 | [01;31m[KPLUGINLIB_EXPORT_CLASS[m[K(nav2_straightline_planner::StraightLine, nav2_core::GlobalPlanner)
[3.318s]       | [01;31m[K^~~~~~~~~~~~~~~~~~~~~~[m[K
[3.318s] In file included from [01m[K/opt/ros/humble/include/class_loader/class_loader/class_loader.hpp:55[m[K,
[3.318s]                  from [01m[K/opt/ros/humble/include/class_loader/class_loader/multi_library_class_loader.hpp:52[m[K,
[3.318s]                  from [01m[K/opt/ros/humble/include/pluginlib/pluginlib/class_loader.hpp:38[m[K,
[3.318s]                  from [01m[K/opt/ros/humble/include/nav2_costmap_2d/costmap_2d_ros.hpp:54[m[K,
[3.319s]                  from [01m[K/opt/ros/humble/include/nav2_core/global_planner.hpp:21[m[K,
[3.319s]                  from [01m[K/home/umarv/ws/src/navigation2_tutorials/nav2_straightline_planner/include/nav2_straightline_planner/straight_line_planner.hpp:51[m[K,
[3.319s]                  from [01m[K/home/umarv/ws/src/navigation2_tutorials/nav2_straightline_planner/src/straight_line_planner.cpp:48[m[K:
[3.319s] [01m[K/opt/ros/humble/include/class_loader/class_loader/class_loader_core.hpp:210:6:[m[K [01;36m[Knote: [m[Kcandidate: â€˜[01m[Ktemplate<class Derived, class Base> void class_loader::impl::registerPlugin(const string&, const string&)[m[Kâ€™
[3.319s]   210 | void [01;36m[KregisterPlugin[m[K(const std::string & class_name, const std::string & base_class_name)
[3.319s]       |      [01;36m[K^~~~~~~~~~~~~~[m[K
[3.319s] [01m[K/opt/ros/humble/include/class_loader/class_loader/class_loader_core.hpp:210:6:[m[K [01;36m[Knote: [m[K  template argument deduction/substitution failed:
[3.319s] In file included from [01m[K/opt/ros/humble/include/class_loader/class_loader/class_loader.hpp:56[m[K,
[3.319s]                  from [01m[K/opt/ros/humble/include/class_loader/class_loader/multi_library_class_loader.hpp:52[m[K,
[3.319s]                  from [01m[K/opt/ros/humble/include/pluginlib/pluginlib/class_loader.hpp:38[m[K,
[3.319s]                  from [01m[K/opt/ros/humble/include/nav2_costmap_2d/costmap_2d_ros.hpp:54[m[K,
[3.319s]                  from [01m[K/opt/ros/humble/include/nav2_core/global_planner.hpp:21[m[K,
[3.319s]                  from [01m[K/home/umarv/ws/src/navigation2_tutorials/nav2_straightline_planner/include/nav2_straightline_planner/straight_line_planner.hpp:51[m[K,
[3.320s]                  from [01m[K/home/umarv/ws/src/navigation2_tutorials/nav2_straightline_planner/src/straight_line_planner.cpp:48[m[K:
[3.320s] [01m[K/home/umarv/ws/src/navigation2_tutorials/nav2_straightline_planner/src/straight_line_planner.cpp:199:1:[m[K [01;31m[Kerror: [m[Ktemplate argument 1 is invalid
[3.320s]   199 | [01;31m[KPLUGINLIB_EXPORT_CLASS[m[K(nav2_straightline_planner::StraightLine, nav2_core::GlobalPlanner)
[3.320s]       | [01;31m[K^~~~~~~~~~~~~~~~~~~~~~[m[K
[4.905s] gmake[2]: *** [CMakeFiles/nav2_straightline_planner_plugin.dir/build.make:76: CMakeFiles/nav2_straightline_planner_plugin.dir/src/straight_line_planner.cpp.o] Error 1
[4.905s] gmake[2]: *** Waiting for unfinished jobs....
[4.914s] gmake[2]: *** [CMakeFiles/nav2_straightline_planner_plugin.dir/build.make:90: CMakeFiles/nav2_straightline_planner_plugin.dir/src/rpastar.cpp.o] Error 1
[4.914s] gmake[1]: *** [CMakeFiles/Makefile2:137: CMakeFiles/nav2_straightline_planner_plugin.dir/all] Error 2
[4.915s] gmake: *** [Makefile:146: all] Error 2
[4.917s] Invoked command in '/home/umarv/ws/build/nav2_straightline_planner' returned '2': /usr/bin/cmake --build /home/umarv/ws/build/nav2_straightline_planner -- -j8 -l8
