[0.176s] Invoking command in '/home/umarv/ws/build/nav2_straightline_planner': /usr/bin/cmake --build /home/umarv/ws/build/nav2_straightline_planner -- -j8 -l8
[0.203s] [35m[1mConsolidate compiler generated dependencies of target nav2_straightline_planner_plugin[0m
[0.221s] [ 33%] [32mBuilding CXX object CMakeFiles/nav2_straightline_planner_plugin.dir/src/rpastar.cpp.o[0m
[0.285s] [01m[K/home/umarv/ws/src/navigation2_tutorials/nav2_straightline_planner/src/rpastar.cpp:3:10:[m[K [01;31m[Kfatal error: [m[K../include/rpastar.h: No such file or directory
[0.285s]     3 | #include [01;31m[K"../include/rpastar.h"[m[K
[0.287s]       |          [01;31m[K^~~~~~~~~~~~~~~~~~~~~~[m[K
[0.288s] compilation terminated.
[0.290s] gmake[2]: *** [CMakeFiles/nav2_straightline_planner_plugin.dir/build.make:90: CMakeFiles/nav2_straightline_planner_plugin.dir/src/rpastar.cpp.o] Error 1
[0.290s] gmake[1]: *** [CMakeFiles/Makefile2:137: CMakeFiles/nav2_straightline_planner_plugin.dir/all] Error 2
[0.291s] gmake: *** [Makefile:146: all] Error 2
[0.332s] Invoked command in '/home/umarv/ws/build/nav2_straightline_planner' returned '2': /usr/bin/cmake --build /home/umarv/ws/build/nav2_straightline_planner -- -j8 -l8
