[0.299s] Invoking command in '/home/umarv/ws/build/nav2_straightline_planner': CMAKE_PREFIX_PATH=${CMAKE_PREFIX_PATH}:/home/umarv/ws/install/nav2_gps_waypoint_follower_demo:/opt/ros/humble /usr/bin/cmake --build /home/umarv/ws/build/nav2_straightline_planner -- -j8 -l8
[0.344s] [ 50%] [32mBuilding CXX object CMakeFiles/nav2_straightline_planner_plugin.dir/src/straight_line_planner.cpp.o[0m
[0.404s] [01m[K/home/umarv/ws/src/navigation2_tutorials/nav2_straightline_planner/src/straight_line_planner.cpp:46:10:[m[K [01;31m[Kfatal error: [m[Knav2_util/node_utils.hpp: No such file or directory
[0.405s]    46 | #include [01;31m[K"nav2_util/node_utils.hpp"[m[K
[0.407s]       |          [01;31m[K^~~~~~~~~~~~~~~~~~~~~~~~~~[m[K
[0.409s] compilation terminated.
[0.411s] gmake[2]: *** [CMakeFiles/nav2_straightline_planner_plugin.dir/build.make:76: CMakeFiles/nav2_straightline_planner_plugin.dir/src/straight_line_planner.cpp.o] Error 1
[0.411s] gmake[1]: *** [CMakeFiles/Makefile2:137: CMakeFiles/nav2_straightline_planner_plugin.dir/all] Error 2
[0.412s] gmake: *** [Makefile:146: all] Error 2
