[0.314s] Invoking command in '/home/umarv/ws/build/nav2_straightline_planner': CMAKE_PREFIX_PATH=${CMAKE_PREFIX_PATH}:/home/umarv/ws/install/nav2_gps_waypoint_follower_demo:/opt/ros/humble /usr/bin/cmake --build /home/umarv/ws/build/nav2_straightline_planner -- -j8 -l8
[0.348s] [35m[1mConsolidate compiler generated dependencies of target nav2_straightline_planner_plugin[0m
[0.370s] [ 33%] [32mBuilding CXX object CMakeFiles/nav2_straightline_planner_plugin.dir/src/straight_line_planner.cpp.o[0m
[0.370s] [ 33%] [32mBuilding CXX object CMakeFiles/nav2_straightline_planner_plugin.dir/src/rpastar.cpp.o[0m
[0.377s] [01m[Kcc1plus:[m[K [01;31m[Kfatal error: [m[K/home/umarv/ws/src/navigation2_tutorials/nav2_straightline_planner/src/straight_line_planner.cpp: No such file or directory
[0.378s] compilation terminated.
[0.378s] gmake[2]: *** [CMakeFiles/nav2_straightline_planner_plugin.dir/build.make:76: CMakeFiles/nav2_straightline_planner_plugin.dir/src/straight_line_planner.cpp.o] Error 1
[0.378s] gmake[2]: *** Waiting for unfinished jobs....
[2.864s] In file included from [01m[K/home/umarv/ws/src/navigation2_tutorials/nav2_straightline_planner/src/rpastar.cpp:3[m[K:
[2.864s] [01m[K/home/umarv/ws/src/navigation2_tutorials/nav2_straightline_planner/include/nav2_straightline_planner/rpastar.h:[m[K In member function â€˜[01m[Kconst bool& nav2_straightline_planner::rpastar::Node::operator==(const nav2_straightline_planner::rpastar::Node&)[m[Kâ€™:
[2.864s] [01m[K/home/umarv/ws/src/navigation2_tutorials/nav2_straightline_planner/include/nav2_straightline_planner/rpastar.h:43:36:[m[K [01;35m[Kwarning: [m[Kreturning reference to temporary [[01;35m[K-Wreturn-local-addr[m[K]
[2.865s]    43 |                 return [01;35m[Kthis->state == rhs.state[m[K;
[2.865s]       |                        [01;35m[K~~~~~~~~~~~~^~~~~~~~~~~~[m[K
[2.866s] [01m[K/home/umarv/ws/src/navigation2_tutorials/nav2_straightline_planner/src/rpastar.cpp:[m[K At global scope:
[2.866s] [01m[K/home/umarv/ws/src/navigation2_tutorials/nav2_straightline_planner/src/rpastar.cpp:14:1:[m[K [01;31m[Kerror: [m[Kâ€˜[01m[Krpastar[m[Kâ€™ does not name a type
[2.866s]    14 | [01;31m[Krpastar[m[K::Node::Node(int row, int col, Node * parent) : parent(parent) {
[2.866s]       | [01;31m[K^~~~~~~[m[K
[2.867s] [01m[K/home/umarv/ws/src/navigation2_tutorials/nav2_straightline_planner/src/rpastar.cpp:19:1:[m[K [01;31m[Kerror: [m[Kâ€˜[01m[Krpastar[m[Kâ€™ does not name a type
[2.867s]    19 | [01;31m[Krpastar[m[K::Node::Node() : parent(nullptr), state({0,0}), g_score(0) {}
[2.867s]       | [01;31m[K^~~~~~~[m[K
[2.867s] [01m[K/home/umarv/ws/src/navigation2_tutorials/nav2_straightline_planner/src/rpastar.cpp:19:53:[m[K [01;31m[Kerror: [m[Kexpected unqualified-id before â€˜[01m[K)[m[Kâ€™ token
[2.868s]    19 | rpastar::Node::Node() : parent(nullptr), state({0,0}[01;31m[K)[m[K, g_score(0) {}
[2.868s]       |                                                     [01;31m[K^[m[K
[2.868s] [01m[K/home/umarv/ws/src/navigation2_tutorials/nav2_straightline_planner/src/rpastar.cpp:21:6:[m[K [01;31m[Kerror: [m[Kâ€˜[01m[Krpastar[m[Kâ€™ has not been declared
[2.868s]    21 | void [01;31m[Krpastar[m[K::Node::set_h(std::pair<int,int> &target_state)
[2.868s]       |      [01;31m[K^~~~~~~[m[K
[2.870s] [01m[K/home/umarv/ws/src/navigation2_tutorials/nav2_straightline_planner/src/rpastar.cpp:[m[K In function â€˜[01m[Kvoid set_h(std::pair<int, int>&)[m[Kâ€™:
[2.870s] [01m[K/home/umarv/ws/src/navigation2_tutorials/nav2_straightline_planner/src/rpastar.cpp:23:5:[m[K [01;31m[Kerror: [m[Kâ€˜[01m[Kh_score[m[Kâ€™ was not declared in this scope
[2.870s]    23 |     [01;31m[Kh_score[m[K = sqrt(pow(target_state.first - state.first, 2) + pow(target_state.second - state.second, 2));
[2.871s]       |     [01;31m[K^~~~~~~[m[K
[2.873s] [01m[K/home/umarv/ws/src/navigation2_tutorials/nav2_straightline_planner/src/rpastar.cpp:23:45:[m[K [01;31m[Kerror: [m[Kâ€˜[01m[Kstate[m[Kâ€™ was not declared in this scope; did you mean â€˜[01m[K_xstate[m[Kâ€™?
[2.873s]    23 |     h_score = sqrt(pow(target_state.first - [01;31m[Kstate[m[K.first, 2) + pow(target_state.second - state.second, 2));
[2.873s]       |                                             [01;31m[K^~~~~[m[K
[2.873s]       |                                             [32m[K_xstate[m[K
[2.873s] [01m[K/home/umarv/ws/src/navigation2_tutorials/nav2_straightline_planner/src/rpastar.cpp:[m[K At global scope:
[2.874s] [01m[K/home/umarv/ws/src/navigation2_tutorials/nav2_straightline_planner/src/rpastar.cpp:26:6:[m[K [01;31m[Kerror: [m[Kâ€˜[01m[Krpastar[m[Kâ€™ has not been declared
[2.874s]    26 | void [01;31m[Krpastar[m[K::Node::set_g(float g_in)
[2.874s]       |      [01;31m[K^~~~~~~[m[K
[2.876s] [01m[K/home/umarv/ws/src/navigation2_tutorials/nav2_straightline_planner/src/rpastar.cpp:[m[K In function â€˜[01m[Kvoid set_g(float)[m[Kâ€™:
[2.876s] [01m[K/home/umarv/ws/src/navigation2_tutorials/nav2_straightline_planner/src/rpastar.cpp:28:5:[m[K [01;31m[Kerror: [m[Kâ€˜[01m[Kg_score[m[Kâ€™ was not declared in this scope
[2.876s]    28 |     [01;31m[Kg_score[m[K = g_in;
[2.876s]       |     [01;31m[K^~~~~~~[m[K
[2.876s] [01m[K/home/umarv/ws/src/navigation2_tutorials/nav2_straightline_planner/src/rpastar.cpp:[m[K At global scope:
[2.876s] [01m[K/home/umarv/ws/src/navigation2_tutorials/nav2_straightline_planner/src/rpastar.cpp:31:6:[m[K [01;31m[Kerror: [m[Kâ€˜[01m[Krpastar[m[Kâ€™ has not been declared
[2.876s]    31 | void [01;31m[Krpastar[m[K::Node::set_state(int row, int col)
[2.876s]       |      [01;31m[K^~~~~~~[m[K
[2.878s] [01m[K/home/umarv/ws/src/navigation2_tutorials/nav2_straightline_planner/src/rpastar.cpp:[m[K In function â€˜[01m[Kvoid set_state(int, int)[m[Kâ€™:
[2.878s] [01m[K/home/umarv/ws/src/navigation2_tutorials/nav2_straightline_planner/src/rpastar.cpp:33:5:[m[K [01;31m[Kerror: [m[Kâ€˜[01m[Kstate[m[Kâ€™ was not declared in this scope; did you mean â€˜[01m[K_xstate[m[Kâ€™?
[2.879s]    33 |     [01;31m[Kstate[m[K.first = row;
[2.879s]       |     [01;31m[K^~~~~[m[K
[2.879s]       |     [32m[K_xstate[m[K
[2.879s] [01m[K/home/umarv/ws/src/navigation2_tutorials/nav2_straightline_planner/src/rpastar.cpp:[m[K At global scope:
[2.879s] [01m[K/home/umarv/ws/src/navigation2_tutorials/nav2_straightline_planner/src/rpastar.cpp:37:6:[m[K [01;31m[Kerror: [m[Kâ€˜[01m[Krpastar[m[Kâ€™ has not been declared
[2.879s]    37 | void [01;31m[Krpastar[m[K::Node::set_parent(Node *parent_in)
[2.879s]       |      [01;31m[K^~~~~~~[m[K
[2.879s] [01m[K/home/umarv/ws/src/navigation2_tutorials/nav2_straightline_planner/src/rpastar.cpp:37:6:[m[K [01;31m[Kerror: [m[Kvariable or field â€˜[01m[Kset_parent[m[Kâ€™ declared void
[2.879s] [01m[K/home/umarv/ws/src/navigation2_tutorials/nav2_straightline_planner/src/rpastar.cpp:37:32:[m[K [01;31m[Kerror: [m[Kâ€˜[01m[KNode[m[Kâ€™ was not declared in this scope; did you mean â€˜[01m[Krclcpp::Node[m[Kâ€™?
[2.879s]    37 | void rpastar::Node::set_parent([01;31m[KNode[m[K *parent_in)
[2.879s]       |                                [01;31m[K^~~~[m[K
[2.880s]       |                                [32m[Krclcpp::Node[m[K
[2.880s] In file included from [01m[K/opt/ros/humble/include/rclcpp/rclcpp/executors/single_threaded_executor.hpp:28[m[K,
[2.880s]                  from [01m[K/opt/ros/humble/include/rclcpp/rclcpp/executors.hpp:22[m[K,
[2.880s]                  from [01m[K/opt/ros/humble/include/rclcpp/rclcpp/rclcpp.hpp:155[m[K,
[2.880s]                  from [01m[K/opt/ros/humble/include/nav2_util/node_thread.hpp:20[m[K,
[2.880s]                  from [01m[K/opt/ros/humble/include/nav2_util/lifecycle_node.hpp:22[m[K,
[2.880s]                  from [01m[K/opt/ros/humble/include/nav2_costmap_2d/costmap_2d_publisher.hpp:53[m[K,
[2.880s]                  from [01m[K/opt/ros/humble/include/nav2_costmap_2d/costmap_2d_ros.hpp:48[m[K,
[2.880s]                  from [01m[K/home/umarv/ws/src/navigation2_tutorials/nav2_straightline_planner/include/nav2_straightline_planner/rpastar.h:9[m[K,
[2.880s]                  from [01m[K/home/umarv/ws/src/navigation2_tutorials/nav2_straightline_planner/src/rpastar.cpp:3[m[K:
[2.880s] [01m[K/opt/ros/humble/include/rclcpp/rclcpp/node.hpp:77:7:[m[K [01;36m[Knote: [m[Kâ€˜[01m[Krclcpp::Node[m[Kâ€™ declared here
[2.880s]    77 | class [01;36m[KNode[m[K : public std::enable_shared_from_this<Node>
[2.881s]       |       [01;36m[K^~~~[m[K
[2.882s] [01m[K/home/umarv/ws/src/navigation2_tutorials/nav2_straightline_planner/src/rpastar.cpp:37:38:[m[K [01;31m[Kerror: [m[Kâ€˜[01m[Kparent_in[m[Kâ€™ was not declared in this scope
[2.882s]    37 | void rpastar::Node::set_parent(Node *[01;31m[Kparent_in[m[K)
[2.882s]       |                                      [01;31m[K^~~~~~~~~[m[K
[2.882s] [01m[K/home/umarv/ws/src/navigation2_tutorials/nav2_straightline_planner/src/rpastar.cpp:42:20:[m[K [01;31m[Kerror: [m[Kâ€˜[01m[Krpastar[m[Kâ€™ has not been declared
[2.882s]    42 | std::pair<int,int> [01;31m[Krpastar[m[K::Node::get_state()
[2.883s]       |                    [01;31m[K^~~~~~~[m[K
[2.886s] [01m[K/home/umarv/ws/src/navigation2_tutorials/nav2_straightline_planner/src/rpastar.cpp:[m[K In function â€˜[01m[Kstd::pair<int, int> get_state()[m[Kâ€™:
[2.886s] [01m[K/home/umarv/ws/src/navigation2_tutorials/nav2_straightline_planner/src/rpastar.cpp:44:12:[m[K [01;31m[Kerror: [m[Kâ€˜[01m[Kstate[m[Kâ€™ was not declared in this scope; did you mean â€˜[01m[K_xstate[m[Kâ€™?
[2.886s]    44 |     return [01;31m[Kstate[m[K;
[2.887s]       |            [01;31m[K^~~~~[m[K
[2.887s]       |            [32m[K_xstate[m[K
[2.887s] [01m[K/home/umarv/ws/src/navigation2_tutorials/nav2_straightline_planner/src/rpastar.cpp:[m[K At global scope:
[2.887s] [01m[K/home/umarv/ws/src/navigation2_tutorials/nav2_straightline_planner/src/rpastar.cpp:47:7:[m[K [01;31m[Kerror: [m[Kâ€˜[01m[Krpastar[m[Kâ€™ has not been declared
[2.887s]    47 | float [01;31m[Krpastar[m[K::Node::get_f_score() const
[2.887s]       |       [01;31m[K^~~~~~~[m[K
[2.887s] [01m[K/home/umarv/ws/src/navigation2_tutorials/nav2_straightline_planner/src/rpastar.cpp:47:36:[m[K [01;31m[Kerror: [m[Knon-member function â€˜[01m[Kfloat get_f_score()[m[Kâ€™ cannot have cv-qualifier
[2.887s]    47 | float rpastar::Node::get_f_score() [01;31m[Kconst[m[K
[2.887s]       |                                    [01;31m[K^~~~~[m[K
[2.890s] [01m[K/home/umarv/ws/src/navigation2_tutorials/nav2_straightline_planner/src/rpastar.cpp:[m[K In function â€˜[01m[Kfloat get_f_score()[m[Kâ€™:
[2.890s] [01m[K/home/umarv/ws/src/navigation2_tutorials/nav2_straightline_planner/src/rpastar.cpp:49:12:[m[K [01;31m[Kerror: [m[Kâ€˜[01m[Kg_score[m[Kâ€™ was not declared in this scope
[2.891s]    49 |     return [01;31m[Kg_score[m[K + h_score;
[2.891s]       |            [01;31m[K^~~~~~~[m[K
[2.894s] [01m[K/home/umarv/ws/src/navigation2_tutorials/nav2_straightline_planner/src/rpastar.cpp:49:22:[m[K [01;31m[Kerror: [m[Kâ€˜[01m[Kh_score[m[Kâ€™ was not declared in this scope
[2.894s]    49 |     return g_score + [01;31m[Kh_score[m[K;
[2.894s]       |                      [01;31m[K^~~~~~~[m[K
[2.894s] [01m[K/home/umarv/ws/src/navigation2_tutorials/nav2_straightline_planner/src/rpastar.cpp:[m[K At global scope:
[2.894s] [01m[K/home/umarv/ws/src/navigation2_tutorials/nav2_straightline_planner/src/rpastar.cpp:52:6:[m[K [01;31m[Kerror: [m[Kâ€˜[01m[Krpastar[m[Kâ€™ has not been declared
[2.894s]    52 | bool [01;31m[Krpastar[m[K::Node::at_target(std::pair<int,int> &target_state)
[2.894s]       |      [01;31m[K^~~~~~~[m[K
[2.896s] [01m[K/home/umarv/ws/src/navigation2_tutorials/nav2_straightline_planner/src/rpastar.cpp:[m[K In function â€˜[01m[Kbool at_target(std::pair<int, int>&)[m[Kâ€™:
[2.896s] [01m[K/home/umarv/ws/src/navigation2_tutorials/nav2_straightline_planner/src/rpastar.cpp:54:13:[m[K [01;31m[Kerror: [m[Kâ€˜[01m[Kstate[m[Kâ€™ was not declared in this scope; did you mean â€˜[01m[K_xstate[m[Kâ€™?
[2.896s]    54 |     return ([01;31m[Kstate[m[K.first == target_state.first && state.second == target_state.second);
[2.897s]       |             [01;31m[K^~~~~[m[K
[2.897s]       |             [32m[K_xstate[m[K
[2.897s] [01m[K/home/umarv/ws/src/navigation2_tutorials/nav2_straightline_planner/src/rpastar.cpp:[m[K At global scope:
[2.897s] [01m[K/home/umarv/ws/src/navigation2_tutorials/nav2_straightline_planner/src/rpastar.cpp:58:1:[m[K [01;31m[Kerror: [m[Kâ€˜[01m[Krpastar[m[Kâ€™ does not name a type
[2.897s]    58 | [01;31m[Krpastar[m[K::rpastar(std::pair<int,int> start_state_in, std::pair<int,int> target_state_in, nav2_costmap_2d::Costmap2D * msg) : start_state(start_state_in), target_state(target_state_in)
[2.898s]       | [01;31m[K^~~~~~~[m[K
[2.898s] [01m[K/home/umarv/ws/src/navigation2_tutorials/nav2_straightline_planner/src/rpastar.cpp:72:6:[m[K [01;31m[Kerror: [m[Kâ€˜[01m[Krpastar[m[Kâ€™ has not been declared
[2.898s]    72 | void [01;31m[Krpastar[m[K::find_target()
[2.898s]       |      [01;31m[K^~~~~~~[m[K
[2.898s] [01m[K/home/umarv/ws/src/navigation2_tutorials/nav2_straightline_planner/src/rpastar.cpp:77:6:[m[K [01;31m[Kerror: [m[Kâ€˜[01m[Krpastar[m[Kâ€™ has not been declared
[2.898s]    77 | bool [01;31m[Krpastar[m[K::goal_found()
[2.898s]       |      [01;31m[K^~~~~~~[m[K
[2.901s] [01m[K/home/umarv/ws/src/navigation2_tutorials/nav2_straightline_planner/src/rpastar.cpp:[m[K In function â€˜[01m[Kbool goal_found()[m[Kâ€™:
[2.901s] [01m[K/home/umarv/ws/src/navigation2_tutorials/nav2_straightline_planner/src/rpastar.cpp:79:12:[m[K [01;31m[Kerror: [m[Kâ€˜[01m[Kpath_found[m[Kâ€™ was not declared in this scope; did you mean â€˜[01m[Kpathconf[m[Kâ€™?
[2.901s]    79 |     return [01;31m[Kpath_found[m[K;
[2.901s]       |            [01;31m[K^~~~~~~~~~[m[K
[2.901s]       |            [32m[Kpathconf[m[K
[2.901s] [01m[K/home/umarv/ws/src/navigation2_tutorials/nav2_straightline_planner/src/rpastar.cpp:[m[K At global scope:
[2.901s] [01m[K/home/umarv/ws/src/navigation2_tutorials/nav2_straightline_planner/src/rpastar.cpp:83:6:[m[K [01;31m[Kerror: [m[Kâ€˜[01m[Krpastar[m[Kâ€™ has not been declared
[2.901s]    83 | void [01;31m[Krpastar[m[K::search()
[2.901s]       |      [01;31m[K^~~~~~~[m[K
[2.904s] [01m[K/home/umarv/ws/src/navigation2_tutorials/nav2_straightline_planner/src/rpastar.cpp:[m[K In function â€˜[01m[Kvoid search()[m[Kâ€™:
[2.904s] [01m[K/home/umarv/ws/src/navigation2_tutorials/nav2_straightline_planner/src/rpastar.cpp:85:5:[m[K [01;31m[Kerror: [m[Kâ€˜[01m[Kpath_found[m[Kâ€™ was not declared in this scope; did you mean â€˜[01m[Kpathconf[m[Kâ€™?
[2.904s]    85 |     [01;31m[Kpath_found[m[K = false;
[2.904s]       |     [01;31m[K^~~~~~~~~~[m[K
[2.904s]       |     [32m[Kpathconf[m[K
[2.906s] [01m[K/home/umarv/ws/src/navigation2_tutorials/nav2_straightline_planner/src/rpastar.cpp:86:13:[m[K [01;31m[Kerror: [m[Kâ€˜[01m[KU[m[Kâ€™ was not declared in this scope
[2.906s]    86 |     while (![01;31m[KU[m[K.empty())
[2.906s]       |             [01;31m[K^[m[K
[2.907s] [01m[K/home/umarv/ws/src/navigation2_tutorials/nav2_straightline_planner/src/rpastar.cpp:88:9:[m[K [01;31m[Kerror: [m[Kâ€˜[01m[KNode[m[Kâ€™ was not declared in this scope; did you mean â€˜[01m[Krclcpp::Node[m[Kâ€™?
[2.907s]    88 |         [01;31m[KNode[m[K current_node = U.top();
[2.907s]       |         [01;31m[K^~~~[m[K
[2.907s]       |         [32m[Krclcpp::Node[m[K
[2.907s] In file included from [01m[K/opt/ros/humble/include/rclcpp/rclcpp/executors/single_threaded_executor.hpp:28[m[K,
[2.907s]                  from [01m[K/opt/ros/humble/include/rclcpp/rclcpp/executors.hpp:22[m[K,
[2.907s]                  from [01m[K/opt/ros/humble/include/rclcpp/rclcpp/rclcpp.hpp:155[m[K,
[2.907s]                  from [01m[K/opt/ros/humble/include/nav2_util/node_thread.hpp:20[m[K,
[2.907s]                  from [01m[K/opt/ros/humble/include/nav2_util/lifecycle_node.hpp:22[m[K,
[2.907s]                  from [01m[K/opt/ros/humble/include/nav2_costmap_2d/costmap_2d_publisher.hpp:53[m[K,
[2.907s]                  from [01m[K/opt/ros/humble/include/nav2_costmap_2d/costmap_2d_ros.hpp:48[m[K,
[2.907s]                  from [01m[K/home/umarv/ws/src/navigation2_tutorials/nav2_straightline_planner/include/nav2_straightline_planner/rpastar.h:9[m[K,
[2.907s]                  from [01m[K/home/umarv/ws/src/navigation2_tutorials/nav2_straightline_planner/src/rpastar.cpp:3[m[K:
[2.907s] [01m[K/opt/ros/humble/include/rclcpp/rclcpp/node.hpp:77:7:[m[K [01;36m[Knote: [m[Kâ€˜[01m[Krclcpp::Node[m[Kâ€™ declared here
[2.907s]    77 | class [01;36m[KNode[m[K : public std::enable_shared_from_this<Node>
[2.907s]       |       [01;36m[K^~~~[m[K
[2.909s] [01m[K/home/umarv/ws/src/navigation2_tutorials/nav2_straightline_planner/src/rpastar.cpp:91:9:[m[K [01;31m[Kerror: [m[Kâ€˜[01m[Kopen_set[m[Kâ€™ was not declared in this scope
[2.909s]    91 |         [01;31m[Kopen_set[m[K.erase(current_node.get_state());
[2.910s]       |         [01;31m[K^~~~~~~~[m[K
[2.913s] [01m[K/home/umarv/ws/src/navigation2_tutorials/nav2_straightline_planner/src/rpastar.cpp:91:24:[m[K [01;31m[Kerror: [m[Kâ€˜[01m[Kcurrent_node[m[Kâ€™ was not declared in this scope
[2.913s]    91 |         open_set.erase([01;31m[Kcurrent_node[m[K.get_state());
[2.913s]       |                        [01;31m[K^~~~~~~~~~~~[m[K
[2.916s] [01m[K/home/umarv/ws/src/navigation2_tutorials/nav2_straightline_planner/src/rpastar.cpp:92:36:[m[K [01;31m[Kerror: [m[Kâ€˜[01m[Ktarget_state[m[Kâ€™ was not declared in this scope; did you mean â€˜[01m[Kget_state[m[Kâ€™?
[2.916s]    92 |         if (current_node.at_target([01;31m[Ktarget_state[m[K))
[2.916s]       |                                    [01;31m[K^~~~~~~~~~~~[m[K
[2.916s]       |                                    [32m[Kget_state[m[K
[2.919s] [01m[K/home/umarv/ws/src/navigation2_tutorials/nav2_straightline_planner/src/rpastar.cpp:99:15:[m[K [01;31m[Kerror: [m[Kâ€˜[01m[Kparent_ptr[m[Kâ€™ was not declared in this scope
[2.919s]    99 |         Node *[01;31m[Kparent_ptr[m[K = &graph[i][j];
[2.919s]       |               [01;31m[K^~~~~~~~~~[m[K
[2.921s] [01m[K/home/umarv/ws/src/navigation2_tutorials/nav2_straightline_planner/src/rpastar.cpp:99:29:[m[K [01;31m[Kerror: [m[Kâ€˜[01m[Kgraph[m[Kâ€™ was not declared in this scope; did you mean â€˜[01m[Kisgraph[m[Kâ€™?
[2.921s]    99 |         Node *parent_ptr = &[01;31m[Kgraph[m[K[i][j];
[2.921s]       |                             [01;31m[K^~~~~[m[K
[2.921s]       |                             [32m[Kisgraph[m[K
[2.924s] [01m[K/home/umarv/ws/src/navigation2_tutorials/nav2_straightline_planner/src/rpastar.cpp:100:9:[m[K [01;31m[Kerror: [m[Kâ€˜[01m[KprocessNode[m[Kâ€™ was not declared in this scope
[2.924s]   100 |         [01;31m[KprocessNode[m[K(i-1, j, parent_ptr); // north
[2.924s]       |         [01;31m[K^~~~~~~~~~~[m[K
[2.928s] [01m[K/home/umarv/ws/src/navigation2_tutorials/nav2_straightline_planner/src/rpastar.cpp:108:9:[m[K [01;31m[Kerror: [m[Kâ€˜[01m[Kclosed_set[m[Kâ€™ was not declared in this scope
[2.928s]   108 |         [01;31m[Kclosed_set[m[K[current_node.get_state()] = current_node.get_f_score();
[2.928s]       |         [01;31m[K^~~~~~~~~~[m[K
[2.928s] [01m[K/home/umarv/ws/src/navigation2_tutorials/nav2_straightline_planner/src/rpastar.cpp:[m[K At global scope:
[2.928s] [01m[K/home/umarv/ws/src/navigation2_tutorials/nav2_straightline_planner/src/rpastar.cpp:113:6:[m[K [01;31m[Kerror: [m[Kâ€˜[01m[Krpastar[m[Kâ€™ has not been declared
[2.928s]   113 | void [01;31m[Krpastar[m[K::processNode(int row, int col, Node *parent)
[2.928s]       |      [01;31m[K^~~~~~~[m[K
[2.928s] [01m[K/home/umarv/ws/src/navigation2_tutorials/nav2_straightline_planner/src/rpastar.cpp:113:45:[m[K [01;31m[Kerror: [m[Kâ€˜[01m[KNode[m[Kâ€™ has not been declared
[2.929s]   113 | void rpastar::processNode(int row, int col, [01;31m[KNode[m[K *parent)
[2.929s]       |                                             [01;31m[K^~~~[m[K
[2.931s] [01m[K/home/umarv/ws/src/navigation2_tutorials/nav2_straightline_planner/src/rpastar.cpp:[m[K In function â€˜[01m[Kvoid processNode(int, int, int*)[m[Kâ€™:
[2.931s] [01m[K/home/umarv/ws/src/navigation2_tutorials/nav2_straightline_planner/src/rpastar.cpp:115:27:[m[K [01;31m[Kerror: [m[Kâ€˜[01m[Kcost_map[m[Kâ€™ was not declared in this scope
[2.931s]   115 |     if (row < 0 || row >= [01;31m[Kcost_map[m[K.size() || col < 0 || col >= cost_map[0].size())
[2.931s]       |                           [01;31m[K^~~~~~~~[m[K
[2.934s] [01m[K/home/umarv/ws/src/navigation2_tutorials/nav2_straightline_planner/src/rpastar.cpp:119:9:[m[K [01;31m[Kerror: [m[Kâ€˜[01m[Kcost_map[m[Kâ€™ was not declared in this scope
[2.935s]   119 |     if ([01;31m[Kcost_map[m[K[row][col] > 128 && cost_map[row][col] < 254)
[2.935s]       |         [01;31m[K^~~~~~~~[m[K
[2.935s] [01m[K/home/umarv/ws/src/navigation2_tutorials/nav2_straightline_planner/src/rpastar.cpp:123:5:[m[K [01;31m[Kerror: [m[Kâ€˜[01m[KNode[m[Kâ€™ was not declared in this scope; did you mean â€˜[01m[Krclcpp::Node[m[Kâ€™?
[2.935s]   123 |     [01;31m[KNode[m[K new_node = Node(row,col,parent);
[2.936s]       |     [01;31m[K^~~~[m[K
[2.936s]       |     [32m[Krclcpp::Node[m[K
[2.936s] In file included from [01m[K/opt/ros/humble/include/rclcpp/rclcpp/executors/single_threaded_executor.hpp:28[m[K,
[2.936s]                  from [01m[K/opt/ros/humble/include/rclcpp/rclcpp/executors.hpp:22[m[K,
[2.936s]                  from [01m[K/opt/ros/humble/include/rclcpp/rclcpp/rclcpp.hpp:155[m[K,
[2.936s]                  from [01m[K/opt/ros/humble/include/nav2_util/node_thread.hpp:20[m[K,
[2.936s]                  from [01m[K/opt/ros/humble/include/nav2_util/lifecycle_node.hpp:22[m[K,
[2.936s]                  from [01m[K/opt/ros/humble/include/nav2_costmap_2d/costmap_2d_publisher.hpp:53[m[K,
[2.936s]                  from [01m[K/opt/ros/humble/include/nav2_costmap_2d/costmap_2d_ros.hpp:48[m[K,
[2.936s]                  from [01m[K/home/umarv/ws/src/navigation2_tutorials/nav2_straightline_planner/include/nav2_straightline_planner/rpastar.h:9[m[K,
[2.937s]                  from [01m[K/home/umarv/ws/src/navigation2_tutorials/nav2_straightline_planner/src/rpastar.cpp:3[m[K:
[2.937s] [01m[K/opt/ros/humble/include/rclcpp/rclcpp/node.hpp:77:7:[m[K [01;36m[Knote: [m[Kâ€˜[01m[Krclcpp::Node[m[Kâ€™ declared here
[2.937s]    77 | class [01;36m[KNode[m[K : public std::enable_shared_from_this<Node>
[2.937s]       |       [01;36m[K^~~~[m[K
[2.939s] [01m[K/home/umarv/ws/src/navigation2_tutorials/nav2_straightline_planner/src/rpastar.cpp:124:5:[m[K [01;31m[Kerror: [m[Kâ€˜[01m[Knew_node[m[Kâ€™ was not declared in this scope; did you mean â€˜[01m[Krmw_node_t[m[Kâ€™?
[2.939s]   124 |     [01;31m[Knew_node[m[K.set_h(target_state);
[2.939s]       |     [01;31m[K^~~~~~~~[m[K
[2.939s]       |     [32m[Krmw_node_t[m[K
[2.943s] [01m[K/home/umarv/ws/src/navigation2_tutorials/nav2_straightline_planner/src/rpastar.cpp:124:20:[m[K [01;31m[Kerror: [m[Kâ€˜[01m[Ktarget_state[m[Kâ€™ was not declared in this scope; did you mean â€˜[01m[Kget_state[m[Kâ€™?
[2.943s]   124 |     new_node.set_h([01;31m[Ktarget_state[m[K);
[2.943s]       |                    [01;31m[K^~~~~~~~~~~~[m[K
[2.943s]       |                    [32m[Kget_state[m[K
[2.945s] [01m[K/home/umarv/ws/src/navigation2_tutorials/nav2_straightline_planner/src/rpastar.cpp:125:20:[m[K [01;31m[Kerror: [m[Kâ€˜[01m[Kopen_set[m[Kâ€™ was not declared in this scope; did you mean â€˜[01m[Kopen_it[m[Kâ€™?
[2.945s]   125 |     auto open_it = [01;31m[Kopen_set[m[K.find(new_node.get_state());
[2.946s]       |                    [01;31m[K^~~~~~~~[m[K
[2.946s]       |                    [32m[Kopen_it[m[K
[2.948s] [01m[K/home/umarv/ws/src/navigation2_tutorials/nav2_straightline_planner/src/rpastar.cpp:132:22:[m[K [01;31m[Kerror: [m[Kâ€˜[01m[Kclosed_set[m[Kâ€™ was not declared in this scope; did you mean â€˜[01m[Kclosed_it[m[Kâ€™?
[2.948s]   132 |     auto closed_it = [01;31m[Kclosed_set[m[K.find(new_node.get_state());
[2.948s]       |                      [01;31m[K^~~~~~~~~~[m[K
[2.949s]       |                      [32m[Kclosed_it[m[K
[2.950s] [01m[K/home/umarv/ws/src/navigation2_tutorials/nav2_straightline_planner/src/rpastar.cpp:139:5:[m[K [01;31m[Kerror: [m[Kâ€˜[01m[KU[m[Kâ€™ was not declared in this scope
[2.951s]   139 |     [01;31m[KU[m[K.push(new_node);
[2.951s]       |     [01;31m[K^[m[K
[2.953s] [01m[K/home/umarv/ws/src/navigation2_tutorials/nav2_straightline_planner/src/rpastar.cpp:140:5:[m[K [01;31m[Kerror: [m[Kâ€˜[01m[Kgraph[m[Kâ€™ was not declared in this scope; did you mean â€˜[01m[Kisgraph[m[Kâ€™?
[2.953s]   140 |     [01;31m[Kgraph[m[K[row][col] = new_node;
[2.953s]       |     [01;31m[K^~~~~[m[K
[2.953s]       |     [32m[Kisgraph[m[K
[2.954s] [01m[K/home/umarv/ws/src/navigation2_tutorials/nav2_straightline_planner/src/rpastar.cpp:[m[K At global scope:
[2.954s] [01m[K/home/umarv/ws/src/navigation2_tutorials/nav2_straightline_planner/src/rpastar.cpp:146:6:[m[K [01;31m[Kerror: [m[Kâ€˜[01m[Krpastar[m[Kâ€™ has not been declared
[2.954s]   146 | void [01;31m[Krpastar[m[K::costMapCallback(nav2_costmap_2d::Costmap2D* msg)
[2.954s]       |      [01;31m[K^~~~~~~[m[K
[2.957s] [01m[K/home/umarv/ws/src/navigation2_tutorials/nav2_straightline_planner/src/rpastar.cpp:[m[K In function â€˜[01m[Kvoid costMapCallback(nav2_costmap_2d::Costmap2D*)[m[Kâ€™:
[2.957s] [01m[K/home/umarv/ws/src/navigation2_tutorials/nav2_straightline_planner/src/rpastar.cpp:153:5:[m[K [01;31m[Kerror: [m[Kâ€˜[01m[Kcost_map[m[Kâ€™ was not declared in this scope
[2.957s]   153 |     [01;31m[Kcost_map[m[K = std::vector<std::vector<int>>(costmap_height, std::vector<int>(costmap_width, 0));
[2.957s]       |     [01;31m[K^~~~~~~~[m[K
[2.960s] [01m[K/home/umarv/ws/src/navigation2_tutorials/nav2_straightline_planner/src/rpastar.cpp:154:5:[m[K [01;31m[Kerror: [m[Kâ€˜[01m[Kgraph[m[Kâ€™ was not declared in this scope; did you mean â€˜[01m[Kisgraph[m[Kâ€™?
[2.960s]   154 |     [01;31m[Kgraph[m[K = std::vector<std::vector<rpastar::Node>>(costmap_height, std::vector<rpastar::Node>(costmap_width, rpastar::Node()));
[2.960s]       |     [01;31m[K^~~~~[m[K
[2.960s]       |     [32m[Kisgraph[m[K
[2.960s] [01m[K/home/umarv/ws/src/navigation2_tutorials/nav2_straightline_planner/src/rpastar.cpp:154:37:[m[K [01;31m[Kerror: [m[Kâ€˜[01m[Krpastar[m[Kâ€™ was not declared in this scope; did you mean â€˜[01m[Knav2_straightline_planner::rpastar[m[Kâ€™?
[2.960s]   154 |     graph = std::vector<std::vector<[01;31m[Krpastar[m[K::Node>>(costmap_height, std::vector<rpastar::Node>(costmap_width, rpastar::Node()));
[2.960s]       |                                     [01;31m[K^~~~~~~[m[K
[2.961s]       |                                     [32m[Knav2_straightline_planner::rpastar[m[K
[2.961s] In file included from [01m[K/home/umarv/ws/src/navigation2_tutorials/nav2_straightline_planner/src/rpastar.cpp:3[m[K:
[2.961s] [01m[K/home/umarv/ws/src/navigation2_tutorials/nav2_straightline_planner/include/nav2_straightline_planner/rpastar.h:13:7:[m[K [01;36m[Knote: [m[Kâ€˜[01m[Knav2_straightline_planner::rpastar[m[Kâ€™ declared here
[2.961s]    13 | class [01;36m[Krpastar[m[K
[2.961s]       |       [01;36m[K^~~~~~~[m[K
[2.961s] [01m[K/home/umarv/ws/src/navigation2_tutorials/nav2_straightline_planner/src/rpastar.cpp:154:50:[m[K [01;31m[Kerror: [m[Ktemplate argument 1 is invalid
[2.961s]   154 |     graph = std::vector<std::vector<rpastar::Node[01;31m[K>>[m[K(costmap_height, std::vector<rpastar::Node>(costmap_width, rpastar::Node()));
[2.961s]       |                                                  [01;31m[K^~[m[K
[2.961s] [01m[K/home/umarv/ws/src/navigation2_tutorials/nav2_straightline_planner/src/rpastar.cpp:154:50:[m[K [01;31m[Kerror: [m[Ktemplate argument 2 is invalid
[2.961s] [01m[K/home/umarv/ws/src/navigation2_tutorials/nav2_straightline_planner/src/rpastar.cpp:154:94:[m[K [01;31m[Kerror: [m[Ktemplate argument 2 is invalid
[2.961s]   154 |     graph = std::vector<std::vector<rpastar::Node>>(costmap_height, std::vector<rpastar::Node[01;31m[K>[m[K(costmap_width, rpastar::Node()));
[2.961s]       |                                                                                              [01;31m[K^[m[K
[2.961s] [01m[K/home/umarv/ws/src/navigation2_tutorials/nav2_straightline_planner/src/rpastar.cpp:154:127:[m[K [01;31m[Kerror: [m[Ktemplate argument 1 is invalid
[2.961s]   154 |     graph = std::vector<std::vector<rpastar::Node>>(costmap_height, std::vector<rpastar::Node>(costmap_width, rpastar::Node())[01;31m[K)[m[K;
[2.962s]       |                                                                                                                               [01;31m[K^[m[K
[2.962s] [01m[K/home/umarv/ws/src/navigation2_tutorials/nav2_straightline_planner/src/rpastar.cpp:154:127:[m[K [01;31m[Kerror: [m[Ktemplate argument 2 is invalid
[2.964s] [01m[K/home/umarv/ws/src/navigation2_tutorials/nav2_straightline_planner/src/rpastar.cpp:177:11:[m[K [01;31m[Kerror: [m[Kâ€˜[01m[Kstart_state[m[Kâ€™ was not declared in this scope; did you mean â€˜[01m[Kset_state[m[Kâ€™?
[2.964s]   177 |     graph[[01;31m[Kstart_state[m[K.first][start_state.second].set_g(0);
[2.964s]       |           [01;31m[K^~~~~~~~~~~[m[K
[2.964s]       |           [32m[Kset_state[m[K
[2.966s] [01m[K/home/umarv/ws/src/navigation2_tutorials/nav2_straightline_planner/src/rpastar.cpp:178:56:[m[K [01;31m[Kerror: [m[Kâ€˜[01m[Ktarget_state[m[Kâ€™ was not declared in this scope; did you mean â€˜[01m[Kget_state[m[Kâ€™?
[2.967s]   178 |     graph[start_state.first][start_state.second].set_h([01;31m[Ktarget_state[m[K);
[2.967s]       |                                                        [01;31m[K^~~~~~~~~~~~[m[K
[2.967s]       |                                                        [32m[Kget_state[m[K
[2.969s] [01m[K/home/umarv/ws/src/navigation2_tutorials/nav2_straightline_planner/src/rpastar.cpp:182:5:[m[K [01;31m[Kerror: [m[Kâ€˜[01m[KU[m[Kâ€™ was not declared in this scope
[2.969s]   182 |     [01;31m[KU[m[K = std::priority_queue<rpastar::Node, std::vector<rpastar::Node>, customGreater>();
[2.969s]       |     [01;31m[K^[m[K
[2.969s] [01m[K/home/umarv/ws/src/navigation2_tutorials/nav2_straightline_planner/src/rpastar.cpp:182:85:[m[K [01;31m[Kerror: [m[Ktemplate argument 2 is invalid
[2.969s]   182 |     U = std::priority_queue<rpastar::Node, std::vector<rpastar::Node>, customGreater[01;31m[K>[m[K();
[2.969s]       |                                                                                     [01;31m[K^[m[K
[2.969s] [01m[K/home/umarv/ws/src/navigation2_tutorials/nav2_straightline_planner/src/rpastar.cpp:182:85:[m[K [01;31m[Kerror: [m[Ktemplate argument 3 is invalid
[2.972s] [01m[K/home/umarv/ws/src/navigation2_tutorials/nav2_straightline_planner/src/rpastar.cpp:184:5:[m[K [01;31m[Kerror: [m[Kâ€˜[01m[Kopen_set[m[Kâ€™ was not declared in this scope
[2.972s]   184 |     [01;31m[Kopen_set[m[K[start_state] = U.top().get_f_score();
[2.972s]       |     [01;31m[K^~~~~~~~[m[K
[2.972s] [01m[K/home/umarv/ws/src/navigation2_tutorials/nav2_straightline_planner/src/rpastar.cpp:[m[K At global scope:
[2.972s] [01m[K/home/umarv/ws/src/navigation2_tutorials/nav2_straightline_planner/src/rpastar.cpp:194:33:[m[K [01;31m[Kerror: [m[Kâ€˜[01m[Krpastar[m[Kâ€™ has not been declared
[2.973s]   194 | std::vector<std::pair<int,int>> [01;31m[Krpastar[m[K::backtracker()
[2.973s]       |                                 [01;31m[K^~~~~~~[m[K
[2.973s] [01m[K/home/umarv/ws/src/navigation2_tutorials/nav2_straightline_planner/src/rpastar.cpp:[m[K In function â€˜[01m[Kstd::vector<std::pair<int, int> > backtracker()[m[Kâ€™:
[2.973s] [01m[K/home/umarv/ws/src/navigation2_tutorials/nav2_straightline_planner/src/rpastar.cpp:196:5:[m[K [01;31m[Kerror: [m[Kâ€˜[01m[KNode[m[Kâ€™ was not declared in this scope; did you mean â€˜[01m[Krclcpp::Node[m[Kâ€™?
[2.973s]   196 |     [01;31m[KNode[m[K *curr_node = &graph[target_state.first][target_state.second];
[2.973s]       |     [01;31m[K^~~~[m[K
[2.973s]       |     [32m[Krclcpp::Node[m[K
[2.973s] In file included from [01m[K/opt/ros/humble/include/rclcpp/rclcpp/executors/single_threaded_executor.hpp:28[m[K,
[2.973s]                  from [01m[K/opt/ros/humble/include/rclcpp/rclcpp/executors.hpp:22[m[K,
[2.973s]                  from [01m[K/opt/ros/humble/include/rclcpp/rclcpp/rclcpp.hpp:155[m[K,
[2.973s]                  from [01m[K/opt/ros/humble/include/nav2_util/node_thread.hpp:20[m[K,
[2.974s]                  from [01m[K/opt/ros/humble/include/nav2_util/lifecycle_node.hpp:22[m[K,
[2.974s]                  from [01m[K/opt/ros/humble/include/nav2_costmap_2d/costmap_2d_publisher.hpp:53[m[K,
[2.974s]                  from [01m[K/opt/ros/humble/include/nav2_costmap_2d/costmap_2d_ros.hpp:48[m[K,
[2.974s]                  from [01m[K/home/umarv/ws/src/navigation2_tutorials/nav2_straightline_planner/include/nav2_straightline_planner/rpastar.h:9[m[K,
[2.974s]                  from [01m[K/home/umarv/ws/src/navigation2_tutorials/nav2_straightline_planner/src/rpastar.cpp:3[m[K:
[2.974s] [01m[K/opt/ros/humble/include/rclcpp/rclcpp/node.hpp:77:7:[m[K [01;36m[Knote: [m[Kâ€˜[01m[Krclcpp::Node[m[Kâ€™ declared here
[2.974s]    77 | class [01;36m[KNode[m[K : public std::enable_shared_from_this<Node>
[2.974s]       |       [01;36m[K^~~~[m[K
[2.976s] [01m[K/home/umarv/ws/src/navigation2_tutorials/nav2_straightline_planner/src/rpastar.cpp:196:11:[m[K [01;31m[Kerror: [m[Kâ€˜[01m[Kcurr_node[m[Kâ€™ was not declared in this scope
[2.976s]   196 |     Node *[01;31m[Kcurr_node[m[K = &graph[target_state.first][target_state.second];
[2.976s]       |           [01;31m[K^~~~~~~~~[m[K
[2.978s] [01m[K/home/umarv/ws/src/navigation2_tutorials/nav2_straightline_planner/src/rpastar.cpp:196:24:[m[K [01;31m[Kerror: [m[Kâ€˜[01m[Kgraph[m[Kâ€™ was not declared in this scope; did you mean â€˜[01m[Kisgraph[m[Kâ€™?
[2.978s]   196 |     Node *curr_node = &[01;31m[Kgraph[m[K[target_state.first][target_state.second];
[2.978s]       |                        [01;31m[K^~~~~[m[K
[2.978s]       |                        [32m[Kisgraph[m[K
[2.981s] [01m[K/home/umarv/ws/src/navigation2_tutorials/nav2_straightline_planner/src/rpastar.cpp:196:30:[m[K [01;31m[Kerror: [m[Kâ€˜[01m[Ktarget_state[m[Kâ€™ was not declared in this scope; did you mean â€˜[01m[Kget_state[m[Kâ€™?
[2.981s]   196 |     Node *curr_node = &graph[[01;31m[Ktarget_state[m[K.first][target_state.second];
[2.982s]       |                              [01;31m[K^~~~~~~~~~~~[m[K
[2.982s]       |                              [32m[Kget_state[m[K
[2.982s] [01m[K/home/umarv/ws/src/navigation2_tutorials/nav2_straightline_planner/src/rpastar.cpp:199:9:[m[K [01;31m[Kerror: [m[Kâ€˜[01m[Kpath[m[Kâ€™ was not declared in this scope; did you mean â€˜[01m[Krcpputils::fs::path[m[Kâ€™?
[2.982s]   199 |         [01;31m[Kpath[m[K.push_back(curr_node->get_state());
[2.982s]       |         [01;31m[K^~~~[m[K
[2.982s]       |         [32m[Krcpputils::fs::path[m[K
[2.982s] In file included from [01m[K/opt/ros/humble/include/rclcpp/rclcpp/logger.hpp:25[m[K,
[2.982s]                  from [01m[K/opt/ros/humble/include/rclcpp/rclcpp/logging.hpp:23[m[K,
[2.983s]                  from [01m[K/opt/ros/humble/include/rclcpp/rclcpp/client.hpp:40[m[K,
[2.983s]                  from [01m[K/opt/ros/humble/include/rclcpp/rclcpp/callback_group.hpp:24[m[K,
[2.983s]                  from [01m[K/opt/ros/humble/include/rclcpp_lifecycle/rclcpp_lifecycle/lifecycle_node.hpp:55[m[K,
[2.983s]                  from [01m[K/opt/ros/humble/include/nav2_costmap_2d/costmap_2d_publisher.hpp:46[m[K,
[2.983s]                  from [01m[K/opt/ros/humble/include/nav2_costmap_2d/costmap_2d_ros.hpp:48[m[K,
[2.983s]                  from [01m[K/home/umarv/ws/src/navigation2_tutorials/nav2_straightline_planner/include/nav2_straightline_planner/rpastar.h:9[m[K,
[2.983s]                  from [01m[K/home/umarv/ws/src/navigation2_tutorials/nav2_straightline_planner/src/rpastar.cpp:3[m[K:
[2.983s] [01m[K/opt/ros/humble/include/rcpputils/rcpputils/filesystem_helper.hpp:74:7:[m[K [01;36m[Knote: [m[Kâ€˜[01m[Krcpputils::fs::path[m[Kâ€™ declared here
[2.983s]    74 | class [01;36m[Kpath[m[K
[2.983s]       |       [01;36m[K^~~~[m[K
[2.983s] [01m[K/home/umarv/ws/src/navigation2_tutorials/nav2_straightline_planner/src/rpastar.cpp:203:18:[m[K [01;31m[Kerror: [m[Kâ€˜[01m[Kpath[m[Kâ€™ was not declared in this scope; did you mean â€˜[01m[Krcpputils::fs::path[m[Kâ€™?
[2.983s]   203 |     std::reverse([01;31m[Kpath[m[K.begin(), path.end());
[2.984s]       |                  [01;31m[K^~~~[m[K
[2.984s]       |                  [32m[Krcpputils::fs::path[m[K
[2.984s] In file included from [01m[K/opt/ros/humble/include/rclcpp/rclcpp/logger.hpp:25[m[K,
[2.984s]                  from [01m[K/opt/ros/humble/include/rclcpp/rclcpp/logging.hpp:23[m[K,
[2.984s]                  from [01m[K/opt/ros/humble/include/rclcpp/rclcpp/client.hpp:40[m[K,
[2.984s]                  from [01m[K/opt/ros/humble/include/rclcpp/rclcpp/callback_group.hpp:24[m[K,
[2.984s]                  from [01m[K/opt/ros/humble/include/rclcpp_lifecycle/rclcpp_lifecycle/lifecycle_node.hpp:55[m[K,
[2.984s]                  from [01m[K/opt/ros/humble/include/nav2_costmap_2d/costmap_2d_publisher.hpp:46[m[K,
[2.984s]                  from [01m[K/opt/ros/humble/include/nav2_costmap_2d/costmap_2d_ros.hpp:48[m[K,
[2.984s]                  from [01m[K/home/umarv/ws/src/navigation2_tutorials/nav2_straightline_planner/include/nav2_straightline_planner/rpastar.h:9[m[K,
[2.984s]                  from [01m[K/home/umarv/ws/src/navigation2_tutorials/nav2_straightline_planner/src/rpastar.cpp:3[m[K:
[2.984s] [01m[K/opt/ros/humble/include/rcpputils/rcpputils/filesystem_helper.hpp:74:7:[m[K [01;36m[Knote: [m[Kâ€˜[01m[Krcpputils::fs::path[m[Kâ€™ declared here
[2.984s]    74 | class [01;36m[Kpath[m[K
[2.984s]       |       [01;36m[K^~~~[m[K
[4.171s] gmake[2]: *** [CMakeFiles/nav2_straightline_planner_plugin.dir/build.make:90: CMakeFiles/nav2_straightline_planner_plugin.dir/src/rpastar.cpp.o] Error 1
[4.171s] gmake[1]: *** [CMakeFiles/Makefile2:137: CMakeFiles/nav2_straightline_planner_plugin.dir/all] Error 2
[4.171s] gmake: *** [Makefile:146: all] Error 2
