[0.104s] Invoking command in '/home/umarv/ws/src/nav_stack/occupub/build/occupub': CMAKE_PREFIX_PATH=${CMAKE_PREFIX_PATH}:/opt/ros/humble /usr/bin/cmake --build /home/umarv/ws/src/nav_stack/occupub/build/occupub -- -j8 -l8
[0.179s] -- Found ament_cmake: 1.3.5 (/opt/ros/humble/share/ament_cmake/cmake)
[0.707s] -- Found rclcpp: 16.0.6 (/opt/ros/humble/share/rclcpp/cmake)
[0.756s] -- Found rosidl_generator_c: 3.1.5 (/opt/ros/humble/share/rosidl_generator_c/cmake)
[0.759s] -- Found rosidl_adapter: 3.1.5 (/opt/ros/humble/share/rosidl_adapter/cmake)
[0.772s] -- Found rosidl_generator_cpp: 3.1.5 (/opt/ros/humble/share/rosidl_generator_cpp/cmake)
[0.794s] -- Using all available rosidl_typesupport_c: rosidl_typesupport_fastrtps_c;rosidl_typesupport_introspection_c
[0.832s] -- Using all available rosidl_typesupport_cpp: rosidl_typesupport_fastrtps_cpp;rosidl_typesupport_introspection_cpp
[0.955s] -- Found rmw_implementation_cmake: 6.1.1 (/opt/ros/humble/share/rmw_implementation_cmake/cmake)
[0.958s] -- Found rmw_fastrtps_cpp: 6.2.4 (/opt/ros/humble/share/rmw_fastrtps_cpp/cmake)
[1.203s] -- Using RMW implementation 'rmw_fastrtps_cpp' as default
[1.445s] -- Found nav_msgs: 4.2.3 (/opt/ros/humble/share/nav_msgs/cmake)
[1.631s] -- Found tf2: 0.25.4 (/opt/ros/humble/share/tf2/cmake)
[1.643s] -- Found tf2_ros: 0.25.4 (/opt/ros/humble/share/tf2_ros/cmake)
[2.172s] -- Found ament_lint_auto: 0.12.8 (/opt/ros/humble/share/ament_lint_auto/cmake)
[2.353s] -- Added test 'cppcheck' to perform static code analysis on C / C++ code
[2.353s] -- Configured cppcheck include dirs: 
[2.353s] -- Configured cppcheck exclude dirs and/or files: 
[2.356s] -- Added test 'flake8' to check Python code syntax and style conventions
[2.361s] -- Added test 'lint_cmake' to check CMake code style
[2.364s] -- Added test 'pep257' to check Python code against some of the docstring style conventions in PEP 257
[2.381s] -- Added test 'uncrustify' to check C / C++ code style
[2.382s] -- Configured uncrustify additional arguments: 
[2.384s] -- Added test 'xmllint' to check XML markup files
[2.393s] -- Configuring done
[2.450s] -- Generating done
[2.460s] -- Build files have been written to: /home/umarv/ws/src/nav_stack/occupub/build/occupub
[2.522s] [35m[1mConsolidate compiler generated dependencies of target occupub[0m
[2.543s] [ 25%] [32mBuilding CXX object CMakeFiles/merge_costmap_sub.dir/src/merge_costmap.cpp.o[0m
[2.568s] [ 50%] [32mBuilding CXX object CMakeFiles/occupub.dir/src/grid_generator.cpp.o[0m
[2.992s] [01m[K/home/umarv/ws/src/nav_stack/occupub/src/merge_costmap.cpp:6:10:[m[K [01;31m[Kfatal error: [m[Kgeometry_msgs/TransformStamped.h: No such file or directory
[2.992s]     6 | #include [01;31m[K<geometry_msgs/TransformStamped.h>[m[K
[2.993s]       |          [01;31m[K^~~~~~~~~~~~~~~~~~~~~~~~~~~~~~~~~~[m[K
[2.993s] compilation terminated.
[2.995s] gmake[2]: *** [CMakeFiles/merge_costmap_sub.dir/build.make:76: CMakeFiles/merge_costmap_sub.dir/src/merge_costmap.cpp.o] Error 1
[2.995s] gmake[1]: *** [CMakeFiles/Makefile2:165: CMakeFiles/merge_costmap_sub.dir/all] Error 2
[2.995s] gmake[1]: *** Waiting for unfinished jobs....
[14.536s] [ 75%] [32m[1mLinking CXX executable occupub[0m
[15.058s] [ 75%] Built target occupub
[15.059s] gmake: *** [Makefile:146: all] Error 2
[15.063s] Invoked command in '/home/umarv/ws/src/nav_stack/occupub/build/occupub' returned '2': CMAKE_PREFIX_PATH=${CMAKE_PREFIX_PATH}:/opt/ros/humble /usr/bin/cmake --build /home/umarv/ws/src/nav_stack/occupub/build/occupub -- -j8 -l8
