[0.187s] Invoking command in '/home/umarv/ws/build/nav2_straightline_planner': /usr/bin/cmake --build /home/umarv/ws/build/nav2_straightline_planner -- -j8 -l8
[0.230s] -- Found ament_cmake: 1.3.5 (/opt/ros/humble/share/ament_cmake/cmake)
[0.312s] Traceback (most recent call last):
[0.312s]   File "/opt/ros/humble/share/ament_cmake_core/cmake/package_templates/templates_2_cmake.py", line 21, in <module>
[0.312s]     from ament_package.templates import get_environment_hook_template_path
[0.312s] ModuleNotFoundError: No module named 'ament_package'
[0.314s] [31mCMake Error at /opt/ros/humble/share/ament_cmake_core/cmake/ament_cmake_package_templates-extras.cmake:41 (message):
[0.314s]   execute_process(/usr/bin/python3.10
[0.314s]   /opt/ros/humble/share/ament_cmake_core/cmake/package_templates/templates_2_cmake.py
[0.314s]   /home/umarv/ws/build/nav2_straightline_planner/ament_cmake_package_templates/templates.cmake)
[0.314s]   returned error code 1
[0.315s] Call Stack (most recent call first):
[0.315s]   /opt/ros/humble/share/ament_cmake_core/cmake/ament_cmake_coreConfig.cmake:41 (include)
[0.315s]   /opt/ros/humble/share/ament_cmake/cmake/ament_cmake_export_dependencies-extras.cmake:15 (find_package)
[0.315s]   /opt/ros/humble/share/ament_cmake/cmake/ament_cmakeConfig.cmake:41 (include)
[0.315s]   CMakeLists.txt:12 (find_package)
[0.315s] 
[0.316s] [0m
[0.316s] -- Configuring incomplete, errors occurred!
[0.316s] See also "/home/umarv/ws/build/nav2_straightline_planner/CMakeFiles/CMakeOutput.log".
[0.324s] gmake: *** [Makefile:267: cmake_check_build_system] Error 1
[0.352s] Invoked command in '/home/umarv/ws/build/nav2_straightline_planner' returned '2': /usr/bin/cmake --build /home/umarv/ws/build/nav2_straightline_planner -- -j8 -l8
